<?xml version="1.0" encoding="UTF-8"?>
<testsuite xmlns:xsi="http://www.w3.org/2001/XMLSchema-instance" xsi:noNamespaceSchemaLocation="https://maven.apache.org/surefire/maven-surefire-plugin/xsd/surefire-test-report-3.0.xsd" version="3.0" name="com.jason.publicaciones.PublicacionesApplicationTests" time="5.845" tests="1" errors="0" skipped="0" failures="0">
  <properties>
[...]
</properties>
  <testcase name="contextLoads" classname="com.jason.publicaciones.PublicacionesApplicationTests" time="0.342">
    <system-out><![CDATA[23:07:53.458 [main] INFO org.springframework.test.context.support.AnnotationConfigContextLoaderUtils -- Could not detect default configuration classes for test class [com.jason.publicaciones.PublicacionesApplicationTests]: PublicacionesApplicationTests does not declare any static, non-private, non-final, nested classes annotated with @Configuration.
23:07:53.528 [main] INFO org.springframework.boot.test.context.SpringBootTestContextBootstrapper -- Found @SpringBootConfiguration com.jason.publicaciones.PublicacionesApplication for test class com.jason.publicaciones.PublicacionesApplicationTests
23:07:53.657 [main] INFO org.springframework.boot.devtools.restart.RestartApplicationListener -- Restart disabled due to context in which it is running

  .   ____          _            __ _ _
 /\\ / ___'_ __ _ _(_)_ __  __ _ \ \ \ \
( ( )\___ | '_ | '_| | '_ \/ _` | \ \ \ \
 \\/  ___)| |_)| | | | | || (_| |  ) ) ) )
  '  |____| .__|_| |_|_| |_\__, | / / / /
 =========|_|==============|___/=/_/_/_/
 :: Spring Boot ::                (v3.2.5)

2024-04-26T23:07:53.844-04:00  INFO 6876 --- [           main] c.j.p.PublicacionesApplicationTests      : Starting PublicacionesApplicationTests using Java 21.0.2 with PID 6876 (started by jason in C:\Apps\duoc\publicaciones)
2024-04-26T23:07:53.845-04:00  INFO 6876 --- [           main] c.j.p.PublicacionesApplicationTests      : No active profile set, falling back to 1 default profile: "default"
2024-04-26T23:07:53.846-04:00 DEBUG 6876 --- [           main] o.s.boot.SpringApplication               : Loading source class com.jason.publicaciones.PublicacionesApplication
2024-04-26T23:07:53.868-04:00 DEBUG 6876 --- [           main] o.s.w.c.s.GenericWebApplicationContext   : Refreshing org.springframework.web.context.support.GenericWebApplicationContext@32c0915e
2024-04-26T23:07:53.880-04:00 DEBUG 6876 --- [           main] o.s.b.f.s.DefaultListableBeanFactory     : Creating shared instance of singleton bean 'org.springframework.context.annotation.internalConfigurationAnnotationProcessor'
2024-04-26T23:07:53.891-04:00 DEBUG 6876 --- [           main] o.s.b.f.s.DefaultListableBeanFactory     : Creating shared instance of singleton bean 'org.springframework.boot.autoconfigure.internalCachingMetadataReaderFactory'
2024-04-26T23:07:53.941-04:00 DEBUG 6876 --- [           main] o.s.c.a.ClassPathBeanDefinitionScanner   : Identified candidate component class: file [C:\Apps\duoc\publicaciones\target\classes\com\jason\publicaciones\controller\CalificacionController.class]
2024-04-26T23:07:53.941-04:00 DEBUG 6876 --- [           main] o.s.c.a.ClassPathBeanDefinitionScanner   : Identified candidate component class: file [C:\Apps\duoc\publicaciones\target\classes\com\jason\publicaciones\controller\ComentarioController.class]
2024-04-26T23:07:53.942-04:00 DEBUG 6876 --- [           main] o.s.c.a.ClassPathBeanDefinitionScanner   : Identified candidate component class: file [C:\Apps\duoc\publicaciones\target\classes\com\jason\publicaciones\controller\PublicacionController.class]
2024-04-26T23:07:53.958-04:00 DEBUG 6876 --- [           main] o.s.c.a.ClassPathBeanDefinitionScanner   : Identified candidate component class: file [C:\Apps\duoc\publicaciones\target\classes\com\jason\publicaciones\persistence\impl\CalificacionDAOImpl.class]
2024-04-26T23:07:53.959-04:00 DEBUG 6876 --- [           main] o.s.c.a.ClassPathBeanDefinitionScanner   : Identified candidate component class: file [C:\Apps\duoc\publicaciones\target\classes\com\jason\publicaciones\persistence\impl\ComentarioDAOImpl.class]
2024-04-26T23:07:53.960-04:00 DEBUG 6876 --- [           main] o.s.c.a.ClassPathBeanDefinitionScanner   : Identified candidate component class: file [C:\Apps\duoc\publicaciones\target\classes\com\jason\publicaciones\persistence\impl\PublicacionDAOImpl.class]
2024-04-26T23:07:53.964-04:00 DEBUG 6876 --- [           main] o.s.c.a.ClassPathBeanDefinitionScanner   : Ignored because not a concrete top-level class: file [C:\Apps\duoc\publicaciones\target\classes\com\jason\publicaciones\repositories\CalificacionRepository.class]
2024-04-26T23:07:53.965-04:00 DEBUG 6876 --- [           main] o.s.c.a.ClassPathBeanDefinitionScanner   : Ignored because not a concrete top-level class: file [C:\Apps\duoc\publicaciones\target\classes\com\jason\publicaciones\repositories\ComentarioRepository.class]
2024-04-26T23:07:53.965-04:00 DEBUG 6876 --- [           main] o.s.c.a.ClassPathBeanDefinitionScanner   : Ignored because not a concrete top-level class: file [C:\Apps\duoc\publicaciones\target\classes\com\jason\publicaciones\repositories\PublicacionRepository.class]
2024-04-26T23:07:53.968-04:00 DEBUG 6876 --- [           main] o.s.c.a.ClassPathBeanDefinitionScanner   : Identified candidate component class: file [C:\Apps\duoc\publicaciones\target\classes\com\jason\publicaciones\services\impl\CalificacionServiceImpl.class]
2024-04-26T23:07:53.968-04:00 DEBUG 6876 --- [           main] o.s.c.a.ClassPathBeanDefinitionScanner   : Identified candidate component class: file [C:\Apps\duoc\publicaciones\target\classes\com\jason\publicaciones\services\impl\ComentarioServiceImpl.class]
2024-04-26T23:07:53.969-04:00 DEBUG 6876 --- [           main] o.s.c.a.ClassPathBeanDefinitionScanner   : Identified candidate component class: file [C:\Apps\duoc\publicaciones\target\classes\com\jason\publicaciones\services\impl\PublicacionServiceImpl.class]
2024-04-26T23:07:54.382-04:00  INFO 6876 --- [           main] .s.d.r.c.RepositoryConfigurationDelegate : Bootstrapping Spring Data JPA repositories in DEFAULT mode.
2024-04-26T23:07:54.388-04:00 DEBUG 6876 --- [           main] o.s.b.f.s.DefaultListableBeanFactory     : Creating shared instance of singleton bean 'org.springframework.boot.autoconfigure.AutoConfigurationPackages'
2024-04-26T23:07:54.394-04:00 DEBUG 6876 --- [           main] o.s.b.a.AutoConfigurationPackages        : @EnableAutoConfiguration was declared on a class in the package 'com.jason.publicaciones'. Automatic @Repository and @Entity scanning is enabled.
2024-04-26T23:07:54.395-04:00 DEBUG 6876 --- [           main] .s.d.r.c.RepositoryConfigurationDelegate : Scanning for JPA repositories in packages com.jason.publicaciones.
2024-04-26T23:07:54.404-04:00 DEBUG 6876 --- [           main] o.s.d.r.c.RepositoryComponentProvider    : Identified candidate component class: file [C:\Apps\duoc\publicaciones\target\classes\com\jason\publicaciones\repositories\CalificacionRepository.class]
2024-04-26T23:07:54.404-04:00 DEBUG 6876 --- [           main] o.s.d.r.c.RepositoryComponentProvider    : Identified candidate component class: file [C:\Apps\duoc\publicaciones\target\classes\com\jason\publicaciones\repositories\ComentarioRepository.class]
2024-04-26T23:07:54.404-04:00 DEBUG 6876 --- [           main] o.s.d.r.c.RepositoryComponentProvider    : Identified candidate component class: file [C:\Apps\duoc\publicaciones\target\classes\com\jason\publicaciones\repositories\PublicacionRepository.class]
2024-04-26T23:07:54.424-04:00 DEBUG 6876 --- [           main] ssPathScanningCandidateComponentProvider : Identified candidate component class: file [C:\Apps\duoc\publicaciones\target\classes\com\jason\publicaciones\persistence\impl\CalificacionDAOImpl.class]
2024-04-26T23:07:54.424-04:00 DEBUG 6876 --- [           main] ssPathScanningCandidateComponentProvider : Identified candidate component class: file [C:\Apps\duoc\publicaciones\target\classes\com\jason\publicaciones\persistence\impl\ComentarioDAOImpl.class]
2024-04-26T23:07:54.424-04:00 DEBUG 6876 --- [           main] ssPathScanningCandidateComponentProvider : Identified candidate component class: file [C:\Apps\duoc\publicaciones\target\classes\com\jason\publicaciones\persistence\impl\PublicacionDAOImpl.class]
2024-04-26T23:07:54.424-04:00 DEBUG 6876 --- [           main] ssPathScanningCandidateComponentProvider : Identified candidate component class: file [C:\Apps\duoc\publicaciones\target\classes\com\jason\publicaciones\services\impl\CalificacionServiceImpl.class]
2024-04-26T23:07:54.424-04:00 DEBUG 6876 --- [           main] ssPathScanningCandidateComponentProvider : Identified candidate component class: file [C:\Apps\duoc\publicaciones\target\classes\com\jason\publicaciones\services\impl\ComentarioServiceImpl.class]
2024-04-26T23:07:54.424-04:00 DEBUG 6876 --- [           main] ssPathScanningCandidateComponentProvider : Identified candidate component class: file [C:\Apps\duoc\publicaciones\target\classes\com\jason\publicaciones\services\impl\PublicacionServiceImpl.class]
2024-04-26T23:07:54.438-04:00  INFO 6876 --- [           main] .s.d.r.c.RepositoryConfigurationDelegate : Finished Spring Data repository scanning in 41 ms. Found 3 JPA repository interfaces.
2024-04-26T23:07:54.589-04:00 DEBUG 6876 --- [           main] o.s.b.f.s.DefaultListableBeanFactory     : Creating shared instance of singleton bean 'propertySourcesPlaceholderConfigurer'
2024-04-26T23:07:54.593-04:00 DEBUG 6876 --- [           main] o.s.b.f.s.DefaultListableBeanFactory     : Creating shared instance of singleton bean 'org.springframework.boot.test.mock.mockito.MockitoPostProcessor'
2024-04-26T23:07:54.594-04:00 DEBUG 6876 --- [           main] o.s.b.f.s.DefaultListableBeanFactory     : Creating shared instance of singleton bean 'emBeanDefinitionRegistrarPostProcessor'
2024-04-26T23:07:54.594-04:00 DEBUG 6876 --- [           main] o.s.b.f.s.DefaultListableBeanFactory     : Creating shared instance of singleton bean 'org.springframework.boot.sql.init.dependency.DatabaseInitializationDependencyConfigurer$DependsOnDatabaseInitializationPostProcessor'
2024-04-26T23:07:54.638-04:00 DEBUG 6876 --- [           main] o.s.b.f.s.DefaultListableBeanFactory     : Creating shared instance of singleton bean 'org.springframework.context.event.internalEventListenerProcessor'
2024-04-26T23:07:54.640-04:00 DEBUG 6876 --- [           main] o.s.b.f.s.DefaultListableBeanFactory     : Creating shared instance of singleton bean 'preserveErrorControllerTargetClassPostProcessor'
2024-04-26T23:07:54.640-04:00 DEBUG 6876 --- [           main] o.s.b.f.s.DefaultListableBeanFactory     : Creating shared instance of singleton bean 'org.springframework.context.event.internalEventListenerFactory'
2024-04-26T23:07:54.641-04:00 DEBUG 6876 --- [           main] o.s.b.f.s.DefaultListableBeanFactory     : Creating shared instance of singleton bean 'org.springframework.transaction.config.internalTransactionalEventListenerFactory'
2024-04-26T23:07:54.643-04:00 DEBUG 6876 --- [           main] o.s.b.f.s.DefaultListableBeanFactory     : Creating shared instance of singleton bean 'org.springframework.boot.test.mock.mockito.MockitoPostProcessor$SpyPostProcessor'
2024-04-26T23:07:54.645-04:00 DEBUG 6876 --- [           main] o.s.b.f.s.DefaultListableBeanFactory     : Creating shared instance of singleton bean 'org.springframework.context.annotation.internalAutowiredAnnotationProcessor'
2024-04-26T23:07:54.647-04:00 DEBUG 6876 --- [           main] o.s.b.f.s.DefaultListableBeanFactory     : Creating shared instance of singleton bean 'org.springframework.context.annotation.internalCommonAnnotationProcessor'
2024-04-26T23:07:54.651-04:00 DEBUG 6876 --- [           main] o.s.b.f.s.DefaultListableBeanFactory     : Creating shared instance of singleton bean 'org.springframework.context.annotation.internalPersistenceAnnotationProcessor'
2024-04-26T23:07:54.652-04:00 DEBUG 6876 --- [           main] o.s.b.f.s.DefaultListableBeanFactory     : Creating shared instance of singleton bean 'org.springframework.boot.context.properties.ConfigurationPropertiesBindingPostProcessor'
2024-04-26T23:07:54.652-04:00 DEBUG 6876 --- [           main] o.s.b.f.s.DefaultListableBeanFactory     : Creating shared instance of singleton bean 'org.springframework.boot.context.internalConfigurationPropertiesBinder'
2024-04-26T23:07:54.654-04:00 DEBUG 6876 --- [           main] o.s.b.f.s.DefaultListableBeanFactory     : Creating shared instance of singleton bean 'jdbcConnectionDetailsHikariBeanPostProcessor'
2024-04-26T23:07:54.657-04:00 DEBUG 6876 --- [           main] o.s.b.f.s.DefaultListableBeanFactory     : Creating shared instance of singleton bean 'org.springframework.aop.config.internalAutoProxyCreator'
2024-04-26T23:07:54.681-04:00 DEBUG 6876 --- [           main] o.s.b.f.s.DefaultListableBeanFactory     : Creating shared instance of singleton bean 'persistenceExceptionTranslationPostProcessor'
2024-04-26T23:07:54.693-04:00 DEBUG 6876 --- [           main] o.s.b.f.s.DefaultListableBeanFactory     : Autowiring by type from bean name 'persistenceExceptionTranslationPostProcessor' via factory method to bean named 'environment'
2024-04-26T23:07:54.697-04:00 DEBUG 6876 --- [           main] o.s.b.f.s.DefaultListableBeanFactory     : Creating shared instance of singleton bean 'webServerFactoryCustomizerBeanPostProcessor'
2024-04-26T23:07:54.698-04:00 DEBUG 6876 --- [           main] o.s.b.f.s.DefaultListableBeanFactory     : Creating shared instance of singleton bean 'errorPageRegistrarBeanPostProcessor'
2024-04-26T23:07:54.699-04:00 DEBUG 6876 --- [           main] o.s.b.f.s.DefaultListableBeanFactory     : Creating shared instance of singleton bean 'projectingArgumentResolverBeanPostProcessor'
2024-04-26T23:07:54.700-04:00 DEBUG 6876 --- [           main] o.s.b.f.s.DefaultListableBeanFactory     : Creating shared instance of singleton bean 'org.springframework.transaction.config.internalTransactionAdvisor'
2024-04-26T23:07:54.700-04:00 DEBUG 6876 --- [           main] o.s.b.f.s.DefaultListableBeanFactory     : Creating shared instance of singleton bean 'org.springframework.transaction.annotation.ProxyTransactionManagementConfiguration'
2024-04-26T23:07:54.708-04:00 DEBUG 6876 --- [           main] o.s.b.f.s.DefaultListableBeanFactory     : Creating shared instance of singleton bean 'transactionAttributeSource'
2024-04-26T23:07:54.709-04:00 DEBUG 6876 --- [           main] o.s.b.f.s.DefaultListableBeanFactory     : Creating shared instance of singleton bean 'transactionInterceptor'
2024-04-26T23:07:54.710-04:00 DEBUG 6876 --- [           main] o.s.b.f.s.DefaultListableBeanFactory     : Autowiring by type from bean name 'transactionInterceptor' via factory method to bean named 'transactionAttributeSource'
2024-04-26T23:07:54.714-04:00 DEBUG 6876 --- [           main] o.s.b.f.s.DefaultListableBeanFactory     : Autowiring by type from bean name 'org.springframework.transaction.config.internalTransactionAdvisor' via factory method to bean named 'transactionAttributeSource'
2024-04-26T23:07:54.714-04:00 DEBUG 6876 --- [           main] o.s.b.f.s.DefaultListableBeanFactory     : Autowiring by type from bean name 'org.springframework.transaction.config.internalTransactionAdvisor' via factory method to bean named 'transactionInterceptor'
2024-04-26T23:07:54.733-04:00 DEBUG 6876 --- [           main] o.s.b.f.s.DefaultListableBeanFactory     : Creating shared instance of singleton bean 'hypermediaRepresentionModelProcessorConfigurator'
2024-04-26T23:07:54.734-04:00 DEBUG 6876 --- [           main] o.s.b.f.s.DefaultListableBeanFactory     : Creating shared instance of singleton bean 'hypermediaRestTemplateBeanPostProcessor'
2024-04-26T23:07:54.737-04:00 DEBUG 6876 --- [           main] o.s.u.c.s.UiApplicationContextUtils      : Unable to locate ThemeSource with name 'themeSource': using default [org.springframework.ui.context.support.ResourceBundleThemeSource@1f2f0109]
2024-04-26T23:07:54.739-04:00 DEBUG 6876 --- [           main] o.s.b.f.s.DefaultListableBeanFactory     : Creating shared instance of singleton bean 'dataSourceScriptDatabaseInitializer'
2024-04-26T23:07:54.739-04:00 DEBUG 6876 --- [           main] o.s.b.f.s.DefaultListableBeanFactory     : Creating shared instance of singleton bean 'org.springframework.boot.autoconfigure.sql.init.DataSourceInitializationConfiguration'
2024-04-26T23:07:54.740-04:00 DEBUG 6876 --- [           main] o.s.b.f.s.DefaultListableBeanFactory     : Creating shared instance of singleton bean 'dataSource'
2024-04-26T23:07:54.740-04:00 DEBUG 6876 --- [           main] o.s.b.f.s.DefaultListableBeanFactory     : Creating shared instance of singleton bean 'org.springframework.boot.autoconfigure.jdbc.DataSourceConfiguration$Hikari'
2024-04-26T23:07:54.741-04:00 DEBUG 6876 --- [           main] o.s.b.f.s.DefaultListableBeanFactory     : Creating shared instance of singleton bean 'spring.datasource-org.springframework.boot.autoconfigure.jdbc.DataSourceProperties'
2024-04-26T23:07:54.742-04:00 DEBUG 6876 --- [           main] o.s.b.f.s.DefaultListableBeanFactory     : Creating shared instance of singleton bean 'org.springframework.boot.context.properties.BoundConfigurationProperties'
2024-04-26T23:07:54.763-04:00 DEBUG 6876 --- [           main] o.s.b.f.s.DefaultListableBeanFactory     : Creating shared instance of singleton bean 'jdbcConnectionDetails'
2024-04-26T23:07:54.763-04:00 DEBUG 6876 --- [           main] o.s.b.f.s.DefaultListableBeanFactory     : Creating shared instance of singleton bean 'org.springframework.boot.autoconfigure.jdbc.DataSourceAutoConfiguration$PooledDataSourceConfiguration'
2024-04-26T23:07:54.764-04:00 DEBUG 6876 --- [           main] o.s.b.f.s.DefaultListableBeanFactory     : Autowiring by type from bean name 'jdbcConnectionDetails' via factory method to bean named 'spring.datasource-org.springframework.boot.autoconfigure.jdbc.DataSourceProperties'
2024-04-26T23:07:54.766-04:00 DEBUG 6876 --- [           main] o.s.b.f.s.DefaultListableBeanFactory     : Autowiring by type from bean name 'dataSource' via factory method to bean named 'spring.datasource-org.springframework.boot.autoconfigure.jdbc.DataSourceProperties'
2024-04-26T23:07:54.766-04:00 DEBUG 6876 --- [           main] o.s.b.f.s.DefaultListableBeanFactory     : Autowiring by type from bean name 'dataSource' via factory method to bean named 'jdbcConnectionDetails'
2024-04-26T23:07:54.906-04:00 DEBUG 6876 --- [           main] o.s.b.f.s.DefaultListableBeanFactory     : Creating shared instance of singleton bean 'spring.sql.init-org.springframework.boot.autoconfigure.sql.init.SqlInitializationProperties'
2024-04-26T23:07:54.909-04:00 DEBUG 6876 --- [           main] o.s.b.f.s.DefaultListableBeanFactory     : Autowiring by type from bean name 'dataSourceScriptDatabaseInitializer' via factory method to bean named 'dataSource'
2024-04-26T23:07:54.909-04:00 DEBUG 6876 --- [           main] o.s.b.f.s.DefaultListableBeanFactory     : Autowiring by type from bean name 'dataSourceScriptDatabaseInitializer' via factory method to bean named 'spring.sql.init-org.springframework.boot.autoconfigure.sql.init.SqlInitializationProperties'
2024-04-26T23:07:54.915-04:00 DEBUG 6876 --- [           main] o.s.b.f.s.DefaultListableBeanFactory     : Creating shared instance of singleton bean 'entityManagerFactory'
2024-04-26T23:07:54.915-04:00 DEBUG 6876 --- [           main] o.s.b.f.s.DefaultListableBeanFactory     : Creating shared instance of singleton bean 'org.springframework.boot.autoconfigure.orm.jpa.HibernateJpaConfiguration'
2024-04-26T23:07:54.916-04:00 DEBUG 6876 --- [           main] o.s.b.f.s.DefaultListableBeanFactory     : Creating shared instance of singleton bean 'spring.jpa-org.springframework.boot.autoconfigure.orm.jpa.JpaProperties'
2024-04-26T23:07:54.920-04:00 DEBUG 6876 --- [           main] o.s.b.f.s.DefaultListableBeanFactory     : Creating shared instance of singleton bean 'spring.jpa.hibernate-org.springframework.boot.autoconfigure.orm.jpa.HibernateProperties'
2024-04-26T23:07:54.922-04:00 DEBUG 6876 --- [           main] o.s.b.f.s.DefaultListableBeanFactory     : Autowiring by type from bean name 'org.springframework.boot.autoconfigure.orm.jpa.HibernateJpaConfiguration' via constructor to bean named 'dataSource'
2024-04-26T23:07:54.922-04:00 DEBUG 6876 --- [           main] o.s.b.f.s.DefaultListableBeanFactory     : Autowiring by type from bean name 'org.springframework.boot.autoconfigure.orm.jpa.HibernateJpaConfiguration' via constructor to bean named 'spring.jpa-org.springframework.boot.autoconfigure.orm.jpa.JpaProperties'
2024-04-26T23:07:54.922-04:00 DEBUG 6876 --- [           main] o.s.b.f.s.DefaultListableBeanFactory     : Autowiring by type from bean name 'org.springframework.boot.autoconfigure.orm.jpa.HibernateJpaConfiguration' via constructor to bean named 'org.springframework.beans.factory.support.DefaultListableBeanFactory@6ea94d6a'
2024-04-26T23:07:54.922-04:00 DEBUG 6876 --- [           main] o.s.b.f.s.DefaultListableBeanFactory     : Autowiring by type from bean name 'org.springframework.boot.autoconfigure.orm.jpa.HibernateJpaConfiguration' via constructor to bean named 'spring.jpa.hibernate-org.springframework.boot.autoconfigure.orm.jpa.HibernateProperties'
2024-04-26T23:07:54.927-04:00 DEBUG 6876 --- [           main] o.s.b.f.s.DefaultListableBeanFactory     : Creating shared instance of singleton bean 'hikariPoolDataSourceMetadataProvider'
2024-04-26T23:07:54.927-04:00 DEBUG 6876 --- [           main] o.s.b.f.s.DefaultListableBeanFactory     : Creating shared instance of singleton bean 'org.springframework.boot.autoconfigure.jdbc.metadata.DataSourcePoolMetadataProvidersConfiguration$HikariPoolDataSourceMetadataProviderConfiguration'
2024-04-26T23:07:54.934-04:00 DEBUG 6876 --- [           main] o.s.b.f.s.DefaultListableBeanFactory     : Creating shared instance of singleton bean 'entityManagerFactoryBuilder'
2024-04-26T23:07:54.935-04:00 DEBUG 6876 --- [           main] o.s.b.f.s.DefaultListableBeanFactory     : Creating shared instance of singleton bean 'jpaVendorAdapter'
2024-04-26T23:07:54.958-04:00 DEBUG 6876 --- [           main] o.s.b.f.s.DefaultListableBeanFactory     : Autowiring by type from bean name 'entityManagerFactoryBuilder' via factory method to bean named 'jpaVendorAdapter'
2024-04-26T23:07:54.965-04:00 DEBUG 6876 --- [           main] o.s.b.f.s.DefaultListableBeanFactory     : Creating shared instance of singleton bean 'persistenceManagedTypes'
2024-04-26T23:07:54.967-04:00 DEBUG 6876 --- [           main] o.s.b.f.s.DefaultListableBeanFactory     : Autowiring by type from bean name 'persistenceManagedTypes' via factory method to bean named 'org.springframework.beans.factory.support.DefaultListableBeanFactory@6ea94d6a'
2024-04-26T23:07:54.967-04:00 DEBUG 6876 --- [           main] o.s.b.f.s.DefaultListableBeanFactory     : Autowiring by type from bean name 'persistenceManagedTypes' via factory method to bean named 'org.springframework.web.context.support.GenericWebApplicationContext@32c0915e'
2024-04-26T23:07:54.981-04:00 DEBUG 6876 --- [           main] o.s.b.f.s.DefaultListableBeanFactory     : Autowiring by type from bean name 'entityManagerFactory' via factory method to bean named 'entityManagerFactoryBuilder'
2024-04-26T23:07:54.981-04:00 DEBUG 6876 --- [           main] o.s.b.f.s.DefaultListableBeanFactory     : Autowiring by type from bean name 'entityManagerFactory' via factory method to bean named 'persistenceManagedTypes'
2024-04-26T23:07:54.996-04:00 DEBUG 6876 --- [           main] j.LocalContainerEntityManagerFactoryBean : Building JPA container EntityManagerFactory for persistence unit 'default'
2024-04-26T23:07:55.015-04:00 DEBUG 6876 --- [           main] o.hibernate.jpa.internal.util.LogHelper  : PersistenceUnitInfo [
	name: default
	persistence provider classname: null
	classloader: jdk.internal.loader.ClassLoaders$AppClassLoader@70dea4e
	excludeUnlistedClasses: true
	JTA datasource: null
	Non JTA datasource: HikariDataSource (null)
	Transaction type: RESOURCE_LOCAL
	PU root URL: file:/C:/Apps/duoc/publicaciones/target/test-classes/
	Shared Cache Mode: UNSPECIFIED
	Validation Mode: AUTO
	Jar files URLs []
	Managed classes names [
		com.jason.publicaciones.model.Calificacion
		com.jason.publicaciones.model.Comentario
		com.jason.publicaciones.model.Publicacion]
	Mapping files names []
	Properties []
2024-04-26T23:07:55.026-04:00 DEBUG 6876 --- [           main] o.h.i.internal.IntegratorServiceImpl     : Adding Integrator [org.hibernate.boot.beanvalidation.BeanValidationIntegrator].
2024-04-26T23:07:55.028-04:00 DEBUG 6876 --- [           main] o.h.i.internal.IntegratorServiceImpl     : Adding Integrator [org.hibernate.cache.internal.CollectionCacheInvalidator].
2024-04-26T23:07:55.068-04:00  INFO 6876 --- [           main] org.hibernate.Version                    : HHH000412: Hibernate ORM core version 6.4.4.Final
2024-04-26T23:07:55.069-04:00 DEBUG 6876 --- [           main] org.hibernate.cfg.Environment            : HHH000206: 'hibernate.properties' not found
2024-04-26T23:07:55.087-04:00 DEBUG 6876 --- [           main] org.hibernate.orm.idgen.factory          : Registering IdentifierGenerator strategy [uuid2] -> [org.hibernate.id.UUIDGenerator]
2024-04-26T23:07:55.087-04:00 DEBUG 6876 --- [           main] org.hibernate.orm.idgen.factory          : Registering IdentifierGenerator strategy [guid] -> [org.hibernate.id.GUIDGenerator]
2024-04-26T23:07:55.088-04:00 DEBUG 6876 --- [           main] org.hibernate.orm.idgen.factory          : Registering IdentifierGenerator strategy [uuid] -> [org.hibernate.id.UUIDHexGenerator]
2024-04-26T23:07:55.088-04:00 DEBUG 6876 --- [           main] org.hibernate.orm.idgen.factory          : Registering IdentifierGenerator strategy [uuid.hex] -> [org.hibernate.id.UUIDHexGenerator]
2024-04-26T23:07:55.088-04:00 DEBUG 6876 --- [           main] org.hibernate.orm.idgen.factory          : Registering IdentifierGenerator strategy [assigned] -> [org.hibernate.id.Assigned]
2024-04-26T23:07:55.089-04:00 DEBUG 6876 --- [           main] org.hibernate.orm.idgen.factory          : Registering IdentifierGenerator strategy [identity] -> [org.hibernate.id.IdentityGenerator]
2024-04-26T23:07:55.089-04:00 DEBUG 6876 --- [           main] org.hibernate.orm.idgen.factory          : Registering IdentifierGenerator strategy [select] -> [org.hibernate.id.SelectGenerator]
2024-04-26T23:07:55.090-04:00 DEBUG 6876 --- [           main] org.hibernate.orm.idgen.factory          : Registering IdentifierGenerator strategy [sequence] -> [org.hibernate.id.enhanced.SequenceStyleGenerator]
2024-04-26T23:07:55.090-04:00 DEBUG 6876 --- [           main] org.hibernate.orm.idgen.factory          : Registering IdentifierGenerator strategy [increment] -> [org.hibernate.id.IncrementGenerator]
2024-04-26T23:07:55.090-04:00 DEBUG 6876 --- [           main] org.hibernate.orm.idgen.factory          : Registering IdentifierGenerator strategy [foreign] -> [org.hibernate.id.ForeignGenerator]
2024-04-26T23:07:55.090-04:00 DEBUG 6876 --- [           main] org.hibernate.orm.idgen.factory          : Registering IdentifierGenerator strategy [enhanced-sequence] -> [org.hibernate.id.enhanced.SequenceStyleGenerator]
2024-04-26T23:07:55.091-04:00 DEBUG 6876 --- [           main] org.hibernate.orm.idgen.factory          : Registering IdentifierGenerator strategy [enhanced-table] -> [org.hibernate.id.enhanced.TableGenerator]
2024-04-26T23:07:55.097-04:00 DEBUG 6876 --- [           main] o.h.c.internal.RegionFactoryInitiator    : Cannot default RegionFactory based on registered strategies as `[]` RegionFactory strategies were registered
2024-04-26T23:07:55.099-04:00  INFO 6876 --- [           main] o.h.c.internal.RegionFactoryInitiator    : HHH000026: Second-level cache disabled
2024-04-26T23:07:55.191-04:00 DEBUG 6876 --- [           main] org.hibernate.type.BasicTypeRegistry     : Adding type registration boolean -> org.hibernate.type.BasicTypeReference@26da1ba2
2024-04-26T23:07:55.191-04:00 DEBUG 6876 --- [           main] org.hibernate.type.BasicTypeRegistry     : Adding type registration boolean -> org.hibernate.type.BasicTypeReference@26da1ba2
2024-04-26T23:07:55.191-04:00 DEBUG 6876 --- [           main] org.hibernate.type.BasicTypeRegistry     : Adding type registration java.lang.Boolean -> org.hibernate.type.BasicTypeReference@26da1ba2
2024-04-26T23:07:55.191-04:00 DEBUG 6876 --- [           main] org.hibernate.type.BasicTypeRegistry     : Adding type registration numeric_boolean -> org.hibernate.type.BasicTypeReference@3820cfe
2024-04-26T23:07:55.191-04:00 DEBUG 6876 --- [           main] org.hibernate.type.BasicTypeRegistry     : Adding type registration org.hibernate.type.NumericBooleanConverter -> org.hibernate.type.BasicTypeReference@3820cfe
2024-04-26T23:07:55.191-04:00 DEBUG 6876 --- [           main] org.hibernate.type.BasicTypeRegistry     : Adding type registration true_false -> org.hibernate.type.BasicTypeReference@2407a36c
2024-04-26T23:07:55.191-04:00 DEBUG 6876 --- [           main] org.hibernate.type.BasicTypeRegistry     : Adding type registration org.hibernate.type.TrueFalseConverter -> org.hibernate.type.BasicTypeReference@2407a36c
2024-04-26T23:07:55.191-04:00 DEBUG 6876 --- [           main] org.hibernate.type.BasicTypeRegistry     : Adding type registration yes_no -> org.hibernate.type.BasicTypeReference@5ec9eefa
2024-04-26T23:07:55.191-04:00 DEBUG 6876 --- [           main] org.hibernate.type.BasicTypeRegistry     : Adding type registration org.hibernate.type.YesNoConverter -> org.hibernate.type.BasicTypeReference@5ec9eefa
2024-04-26T23:07:55.192-04:00 DEBUG 6876 --- [           main] org.hibernate.type.BasicTypeRegistry     : Adding type registration byte -> org.hibernate.type.BasicTypeReference@28b8f98a
2024-04-26T23:07:55.192-04:00 DEBUG 6876 --- [           main] org.hibernate.type.BasicTypeRegistry     : Adding type registration byte -> org.hibernate.type.BasicTypeReference@28b8f98a
2024-04-26T23:07:55.192-04:00 DEBUG 6876 --- [           main] org.hibernate.type.BasicTypeRegistry     : Adding type registration java.lang.Byte -> org.hibernate.type.BasicTypeReference@28b8f98a
2024-04-26T23:07:55.192-04:00 DEBUG 6876 --- [           main] org.hibernate.type.BasicTypeRegistry     : Adding type registration binary -> org.hibernate.type.BasicTypeReference@3b4ef59f
2024-04-26T23:07:55.193-04:00 DEBUG 6876 --- [           main] org.hibernate.type.BasicTypeRegistry     : Adding type registration byte[] -> org.hibernate.type.BasicTypeReference@3b4ef59f
2024-04-26T23:07:55.193-04:00 DEBUG 6876 --- [           main] org.hibernate.type.BasicTypeRegistry     : Adding type registration [B -> org.hibernate.type.BasicTypeReference@3b4ef59f
2024-04-26T23:07:55.193-04:00 DEBUG 6876 --- [           main] org.hibernate.type.BasicTypeRegistry     : Adding type registration binary_wrapper -> org.hibernate.type.BasicTypeReference@22cb3d59
2024-04-26T23:07:55.193-04:00 DEBUG 6876 --- [           main] org.hibernate.type.BasicTypeRegistry     : Adding type registration wrapper-binary -> org.hibernate.type.BasicTypeReference@22cb3d59
2024-04-26T23:07:55.193-04:00 DEBUG 6876 --- [           main] org.hibernate.type.BasicTypeRegistry     : Adding type registration image -> org.hibernate.type.BasicTypeReference@33e4b9c4
2024-04-26T23:07:55.193-04:00 DEBUG 6876 --- [           main] org.hibernate.type.BasicTypeRegistry     : Adding type registration blob -> org.hibernate.type.BasicTypeReference@5cff729b
2024-04-26T23:07:55.193-04:00 DEBUG 6876 --- [           main] org.hibernate.type.BasicTypeRegistry     : Adding type registration java.sql.Blob -> org.hibernate.type.BasicTypeReference@5cff729b
2024-04-26T23:07:55.193-04:00 DEBUG 6876 --- [           main] org.hibernate.type.BasicTypeRegistry     : Adding type registration materialized_blob -> org.hibernate.type.BasicTypeReference@10d18696
2024-04-26T23:07:55.193-04:00 DEBUG 6876 --- [           main] org.hibernate.type.BasicTypeRegistry     : Adding type registration materialized_blob_wrapper -> org.hibernate.type.BasicTypeReference@6b8b5020
2024-04-26T23:07:55.193-04:00 DEBUG 6876 --- [           main] org.hibernate.type.BasicTypeRegistry     : Adding type registration short -> org.hibernate.type.BasicTypeReference@7d37ee0c
2024-04-26T23:07:55.193-04:00 DEBUG 6876 --- [           main] org.hibernate.type.BasicTypeRegistry     : Adding type registration short -> org.hibernate.type.BasicTypeReference@7d37ee0c
2024-04-26T23:07:55.193-04:00 DEBUG 6876 --- [           main] org.hibernate.type.BasicTypeRegistry     : Adding type registration java.lang.Short -> org.hibernate.type.BasicTypeReference@7d37ee0c
2024-04-26T23:07:55.193-04:00 DEBUG 6876 --- [           main] org.hibernate.type.BasicTypeRegistry     : Adding type registration integer -> org.hibernate.type.BasicTypeReference@5a7b309b
2024-04-26T23:07:55.193-04:00 DEBUG 6876 --- [           main] org.hibernate.type.BasicTypeRegistry     : Adding type registration int -> org.hibernate.type.BasicTypeReference@5a7b309b
2024-04-26T23:07:55.194-04:00 DEBUG 6876 --- [           main] org.hibernate.type.BasicTypeRegistry     : Adding type registration java.lang.Integer -> org.hibernate.type.BasicTypeReference@5a7b309b
2024-04-26T23:07:55.194-04:00 DEBUG 6876 --- [           main] org.hibernate.type.BasicTypeRegistry     : Adding type registration long -> org.hibernate.type.BasicTypeReference@4602f874
2024-04-26T23:07:55.194-04:00 DEBUG 6876 --- [           main] org.hibernate.type.BasicTypeRegistry     : Adding type registration long -> org.hibernate.type.BasicTypeReference@4602f874
2024-04-26T23:07:55.194-04:00 DEBUG 6876 --- [           main] org.hibernate.type.BasicTypeRegistry     : Adding type registration java.lang.Long -> org.hibernate.type.BasicTypeReference@4602f874
2024-04-26T23:07:55.194-04:00 DEBUG 6876 --- [           main] org.hibernate.type.BasicTypeRegistry     : Adding type registration float -> org.hibernate.type.BasicTypeReference@7739aac4
2024-04-26T23:07:55.194-04:00 DEBUG 6876 --- [           main] org.hibernate.type.BasicTypeRegistry     : Adding type registration float -> org.hibernate.type.BasicTypeReference@7739aac4
2024-04-26T23:07:55.194-04:00 DEBUG 6876 --- [           main] org.hibernate.type.BasicTypeRegistry     : Adding type registration java.lang.Float -> org.hibernate.type.BasicTypeReference@7739aac4
2024-04-26T23:07:55.194-04:00 DEBUG 6876 --- [           main] org.hibernate.type.BasicTypeRegistry     : Adding type registration double -> org.hibernate.type.BasicTypeReference@353c6da1
2024-04-26T23:07:55.194-04:00 DEBUG 6876 --- [           main] org.hibernate.type.BasicTypeRegistry     : Adding type registration double -> org.hibernate.type.BasicTypeReference@353c6da1
2024-04-26T23:07:55.194-04:00 DEBUG 6876 --- [           main] org.hibernate.type.BasicTypeRegistry     : Adding type registration java.lang.Double -> org.hibernate.type.BasicTypeReference@353c6da1
2024-04-26T23:07:55.194-04:00 DEBUG 6876 --- [           main] org.hibernate.type.BasicTypeRegistry     : Adding type registration big_integer -> org.hibernate.type.BasicTypeReference@36c07c75
2024-04-26T23:07:55.194-04:00 DEBUG 6876 --- [           main] org.hibernate.type.BasicTypeRegistry     : Adding type registration java.math.BigInteger -> org.hibernate.type.BasicTypeReference@36c07c75
2024-04-26T23:07:55.194-04:00 DEBUG 6876 --- [           main] org.hibernate.type.BasicTypeRegistry     : Adding type registration big_decimal -> org.hibernate.type.BasicTypeReference@6750e381
2024-04-26T23:07:55.194-04:00 DEBUG 6876 --- [           main] org.hibernate.type.BasicTypeRegistry     : Adding type registration java.math.BigDecimal -> org.hibernate.type.BasicTypeReference@6750e381
2024-04-26T23:07:55.194-04:00 DEBUG 6876 --- [           main] org.hibernate.type.BasicTypeRegistry     : Adding type registration character -> org.hibernate.type.BasicTypeReference@5d850a25
2024-04-26T23:07:55.194-04:00 DEBUG 6876 --- [           main] org.hibernate.type.BasicTypeRegistry     : Adding type registration char -> org.hibernate.type.BasicTypeReference@5d850a25
2024-04-26T23:07:55.194-04:00 DEBUG 6876 --- [           main] org.hibernate.type.BasicTypeRegistry     : Adding type registration java.lang.Character -> org.hibernate.type.BasicTypeReference@5d850a25
2024-04-26T23:07:55.195-04:00 DEBUG 6876 --- [           main] org.hibernate.type.BasicTypeRegistry     : Adding type registration character_nchar -> org.hibernate.type.BasicTypeReference@b022551
2024-04-26T23:07:55.195-04:00 DEBUG 6876 --- [           main] org.hibernate.type.BasicTypeRegistry     : Adding type registration string -> org.hibernate.type.BasicTypeReference@3e14d390
2024-04-26T23:07:55.195-04:00 DEBUG 6876 --- [           main] org.hibernate.type.BasicTypeRegistry     : Adding type registration java.lang.String -> org.hibernate.type.BasicTypeReference@3e14d390
2024-04-26T23:07:55.195-04:00 DEBUG 6876 --- [           main] org.hibernate.type.BasicTypeRegistry     : Adding type registration nstring -> org.hibernate.type.BasicTypeReference@5eb87338
2024-04-26T23:07:55.195-04:00 DEBUG 6876 --- [           main] org.hibernate.type.BasicTypeRegistry     : Adding type registration characters -> org.hibernate.type.BasicTypeReference@2b999ee8
2024-04-26T23:07:55.195-04:00 DEBUG 6876 --- [           main] org.hibernate.type.BasicTypeRegistry     : Adding type registration char[] -> org.hibernate.type.BasicTypeReference@2b999ee8
2024-04-26T23:07:55.195-04:00 DEBUG 6876 --- [           main] org.hibernate.type.BasicTypeRegistry     : Adding type registration [C -> org.hibernate.type.BasicTypeReference@2b999ee8
2024-04-26T23:07:55.195-04:00 DEBUG 6876 --- [           main] org.hibernate.type.BasicTypeRegistry     : Adding type registration wrapper-characters -> org.hibernate.type.BasicTypeReference@31ab1e67
2024-04-26T23:07:55.195-04:00 DEBUG 6876 --- [           main] org.hibernate.type.BasicTypeRegistry     : Adding type registration text -> org.hibernate.type.BasicTypeReference@29bbc391
2024-04-26T23:07:55.195-04:00 DEBUG 6876 --- [           main] org.hibernate.type.BasicTypeRegistry     : Adding type registration ntext -> org.hibernate.type.BasicTypeReference@3487442d
2024-04-26T23:07:55.195-04:00 DEBUG 6876 --- [           main] org.hibernate.type.BasicTypeRegistry     : Adding type registration clob -> org.hibernate.type.BasicTypeReference@530ee28b
2024-04-26T23:07:55.195-04:00 DEBUG 6876 --- [           main] org.hibernate.type.BasicTypeRegistry     : Adding type registration java.sql.Clob -> org.hibernate.type.BasicTypeReference@530ee28b
2024-04-26T23:07:55.195-04:00 DEBUG 6876 --- [           main] org.hibernate.type.BasicTypeRegistry     : Adding type registration nclob -> org.hibernate.type.BasicTypeReference@3a3f96ab
2024-04-26T23:07:55.195-04:00 DEBUG 6876 --- [           main] org.hibernate.type.BasicTypeRegistry     : Adding type registration java.sql.NClob -> org.hibernate.type.BasicTypeReference@3a3f96ab
2024-04-26T23:07:55.195-04:00 DEBUG 6876 --- [           main] org.hibernate.type.BasicTypeRegistry     : Adding type registration materialized_clob -> org.hibernate.type.BasicTypeReference@4def7d36
2024-04-26T23:07:55.195-04:00 DEBUG 6876 --- [           main] org.hibernate.type.BasicTypeRegistry     : Adding type registration materialized_clob_char_array -> org.hibernate.type.BasicTypeReference@43c7fe8a
2024-04-26T23:07:55.195-04:00 DEBUG 6876 --- [           main] org.hibernate.type.BasicTypeRegistry     : Adding type registration materialized_clob_character_array -> org.hibernate.type.BasicTypeReference@67f946c3
2024-04-26T23:07:55.196-04:00 DEBUG 6876 --- [           main] org.hibernate.type.BasicTypeRegistry     : Adding type registration materialized_nclob -> org.hibernate.type.BasicTypeReference@21b51e59
2024-04-26T23:07:55.196-04:00 DEBUG 6876 --- [           main] org.hibernate.type.BasicTypeRegistry     : Adding type registration materialized_nclob_character_array -> org.hibernate.type.BasicTypeReference@1785d194
2024-04-26T23:07:55.196-04:00 DEBUG 6876 --- [           main] org.hibernate.type.BasicTypeRegistry     : Adding type registration materialized_nclob_char_array -> org.hibernate.type.BasicTypeReference@6b4a4e40
2024-04-26T23:07:55.196-04:00 DEBUG 6876 --- [           main] org.hibernate.type.BasicTypeRegistry     : Adding type registration Duration -> org.hibernate.type.BasicTypeReference@46a8c2b4
2024-04-26T23:07:55.196-04:00 DEBUG 6876 --- [           main] org.hibernate.type.BasicTypeRegistry     : Adding type registration java.time.Duration -> org.hibernate.type.BasicTypeReference@46a8c2b4
2024-04-26T23:07:55.196-04:00 DEBUG 6876 --- [           main] org.hibernate.type.BasicTypeRegistry     : Adding type registration LocalDateTime -> org.hibernate.type.BasicTypeReference@4f664bee
2024-04-26T23:07:55.196-04:00 DEBUG 6876 --- [           main] org.hibernate.type.BasicTypeRegistry     : Adding type registration java.time.LocalDateTime -> org.hibernate.type.BasicTypeReference@4f664bee
2024-04-26T23:07:55.196-04:00 DEBUG 6876 --- [           main] org.hibernate.type.BasicTypeRegistry     : Adding type registration LocalDate -> org.hibernate.type.BasicTypeReference@76563ae7
2024-04-26T23:07:55.196-04:00 DEBUG 6876 --- [           main] org.hibernate.type.BasicTypeRegistry     : Adding type registration java.time.LocalDate -> org.hibernate.type.BasicTypeReference@76563ae7
2024-04-26T23:07:55.196-04:00 DEBUG 6876 --- [           main] org.hibernate.type.BasicTypeRegistry     : Adding type registration LocalTime -> org.hibernate.type.BasicTypeReference@4fd74223
2024-04-26T23:07:55.196-04:00 DEBUG 6876 --- [           main] org.hibernate.type.BasicTypeRegistry     : Adding type registration java.time.LocalTime -> org.hibernate.type.BasicTypeReference@4fd74223
2024-04-26T23:07:55.196-04:00 DEBUG 6876 --- [           main] org.hibernate.type.BasicTypeRegistry     : Adding type registration OffsetDateTime -> org.hibernate.type.BasicTypeReference@4fea840f
2024-04-26T23:07:55.196-04:00 DEBUG 6876 --- [           main] org.hibernate.type.BasicTypeRegistry     : Adding type registration java.time.OffsetDateTime -> org.hibernate.type.BasicTypeReference@4fea840f
2024-04-26T23:07:55.196-04:00 DEBUG 6876 --- [           main] org.hibernate.type.BasicTypeRegistry     : Adding type registration OffsetDateTimeWithTimezone -> org.hibernate.type.BasicTypeReference@32ae8f27
2024-04-26T23:07:55.196-04:00 DEBUG 6876 --- [           main] org.hibernate.type.BasicTypeRegistry     : Adding type registration OffsetDateTimeWithoutTimezone -> org.hibernate.type.BasicTypeReference@75e80a97
2024-04-26T23:07:55.197-04:00 DEBUG 6876 --- [           main] org.hibernate.type.BasicTypeRegistry     : Adding type registration OffsetTime -> org.hibernate.type.BasicTypeReference@5b8853
2024-04-26T23:07:55.197-04:00 DEBUG 6876 --- [           main] org.hibernate.type.BasicTypeRegistry     : Adding type registration java.time.OffsetTime -> org.hibernate.type.BasicTypeReference@5b8853
2024-04-26T23:07:55.197-04:00 DEBUG 6876 --- [           main] org.hibernate.type.BasicTypeRegistry     : Adding type registration OffsetTimeUtc -> org.hibernate.type.BasicTypeReference@1b8aaeab
2024-04-26T23:07:55.197-04:00 DEBUG 6876 --- [           main] org.hibernate.type.BasicTypeRegistry     : Adding type registration OffsetTimeWithTimezone -> org.hibernate.type.BasicTypeReference@5d1bdd4a
2024-04-26T23:07:55.197-04:00 DEBUG 6876 --- [           main] org.hibernate.type.BasicTypeRegistry     : Adding type registration OffsetTimeWithoutTimezone -> org.hibernate.type.BasicTypeReference@6812c8cc
2024-04-26T23:07:55.197-04:00 DEBUG 6876 --- [           main] org.hibernate.type.BasicTypeRegistry     : Adding type registration ZonedDateTime -> org.hibernate.type.BasicTypeReference@3457cc8d
2024-04-26T23:07:55.197-04:00 DEBUG 6876 --- [           main] org.hibernate.type.BasicTypeRegistry     : Adding type registration java.time.ZonedDateTime -> org.hibernate.type.BasicTypeReference@3457cc8d
2024-04-26T23:07:55.198-04:00 DEBUG 6876 --- [           main] org.hibernate.type.BasicTypeRegistry     : Adding type registration ZonedDateTimeWithTimezone -> org.hibernate.type.BasicTypeReference@7a66c35a
2024-04-26T23:07:55.198-04:00 DEBUG 6876 --- [           main] org.hibernate.type.BasicTypeRegistry     : Adding type registration ZonedDateTimeWithoutTimezone -> org.hibernate.type.BasicTypeReference@7994a0d1
2024-04-26T23:07:55.198-04:00 DEBUG 6876 --- [           main] org.hibernate.type.BasicTypeRegistry     : Adding type registration date -> org.hibernate.type.BasicTypeReference@73e4387
2024-04-26T23:07:55.198-04:00 DEBUG 6876 --- [           main] org.hibernate.type.BasicTypeRegistry     : Adding type registration java.sql.Date -> org.hibernate.type.BasicTypeReference@73e4387
2024-04-26T23:07:55.198-04:00 DEBUG 6876 --- [           main] org.hibernate.type.BasicTypeRegistry     : Adding type registration time -> org.hibernate.type.BasicTypeReference@d87d449
2024-04-26T23:07:55.198-04:00 DEBUG 6876 --- [           main] org.hibernate.type.BasicTypeRegistry     : Adding type registration java.sql.Time -> org.hibernate.type.BasicTypeReference@d87d449
2024-04-26T23:07:55.198-04:00 DEBUG 6876 --- [           main] org.hibernate.type.BasicTypeRegistry     : Adding type registration timestamp -> org.hibernate.type.BasicTypeReference@4137aab0
2024-04-26T23:07:55.198-04:00 DEBUG 6876 --- [           main] org.hibernate.type.BasicTypeRegistry     : Adding type registration java.sql.Timestamp -> org.hibernate.type.BasicTypeReference@4137aab0
2024-04-26T23:07:55.198-04:00 DEBUG 6876 --- [           main] org.hibernate.type.BasicTypeRegistry     : Adding type registration java.util.Date -> org.hibernate.type.BasicTypeReference@4137aab0
2024-04-26T23:07:55.198-04:00 DEBUG 6876 --- [           main] org.hibernate.type.BasicTypeRegistry     : Adding type registration calendar -> org.hibernate.type.BasicTypeReference@1df9186f
2024-04-26T23:07:55.198-04:00 DEBUG 6876 --- [           main] org.hibernate.type.BasicTypeRegistry     : Adding type registration java.util.Calendar -> org.hibernate.type.BasicTypeReference@1df9186f
2024-04-26T23:07:55.198-04:00 DEBUG 6876 --- [           main] org.hibernate.type.BasicTypeRegistry     : Adding type registration java.util.GregorianCalendar -> org.hibernate.type.BasicTypeReference@1df9186f
2024-04-26T23:07:55.198-04:00 DEBUG 6876 --- [           main] org.hibernate.type.BasicTypeRegistry     : Adding type registration calendar_date -> org.hibernate.type.BasicTypeReference@682e422c
2024-04-26T23:07:55.198-04:00 DEBUG 6876 --- [           main] org.hibernate.type.BasicTypeRegistry     : Adding type registration calendar_time -> org.hibernate.type.BasicTypeReference@5bb8e6fc
2024-04-26T23:07:55.198-04:00 DEBUG 6876 --- [           main] org.hibernate.type.BasicTypeRegistry     : Adding type registration instant -> org.hibernate.type.BasicTypeReference@2726a511
2024-04-26T23:07:55.199-04:00 DEBUG 6876 --- [           main] org.hibernate.type.BasicTypeRegistry     : Adding type registration java.time.Instant -> org.hibernate.type.BasicTypeReference@2726a511
2024-04-26T23:07:55.199-04:00 DEBUG 6876 --- [           main] org.hibernate.type.BasicTypeRegistry     : Adding type registration uuid -> org.hibernate.type.BasicTypeReference@72c9ebfa
2024-04-26T23:07:55.199-04:00 DEBUG 6876 --- [           main] org.hibernate.type.BasicTypeRegistry     : Adding type registration java.util.UUID -> org.hibernate.type.BasicTypeReference@72c9ebfa
2024-04-26T23:07:55.199-04:00 DEBUG 6876 --- [           main] org.hibernate.type.BasicTypeRegistry     : Adding type registration pg-uuid -> org.hibernate.type.BasicTypeReference@72c9ebfa
2024-04-26T23:07:55.199-04:00 DEBUG 6876 --- [           main] org.hibernate.type.BasicTypeRegistry     : Adding type registration uuid-binary -> org.hibernate.type.BasicTypeReference@686cf8ad
2024-04-26T23:07:55.199-04:00 DEBUG 6876 --- [           main] org.hibernate.type.BasicTypeRegistry     : Adding type registration uuid-char -> org.hibernate.type.BasicTypeReference@747f6c5a
2024-04-26T23:07:55.199-04:00 DEBUG 6876 --- [           main] org.hibernate.type.BasicTypeRegistry     : Adding type registration class -> org.hibernate.type.BasicTypeReference@66e341e9
2024-04-26T23:07:55.199-04:00 DEBUG 6876 --- [           main] org.hibernate.type.BasicTypeRegistry     : Adding type registration java.lang.Class -> org.hibernate.type.BasicTypeReference@66e341e9
2024-04-26T23:07:55.199-04:00 DEBUG 6876 --- [           main] org.hibernate.type.BasicTypeRegistry     : Adding type registration currency -> org.hibernate.type.BasicTypeReference@5b48f0f4
2024-04-26T23:07:55.199-04:00 DEBUG 6876 --- [           main] org.hibernate.type.BasicTypeRegistry     : Adding type registration Currency -> org.hibernate.type.BasicTypeReference@5b48f0f4
2024-04-26T23:07:55.199-04:00 DEBUG 6876 --- [           main] org.hibernate.type.BasicTypeRegistry     : Adding type registration java.util.Currency -> org.hibernate.type.BasicTypeReference@5b48f0f4
2024-04-26T23:07:55.199-04:00 DEBUG 6876 --- [           main] org.hibernate.type.BasicTypeRegistry     : Adding type registration locale -> org.hibernate.type.BasicTypeReference@5bfc79cb
2024-04-26T23:07:55.200-04:00 DEBUG 6876 --- [           main] org.hibernate.type.BasicTypeRegistry     : Adding type registration java.util.Locale -> org.hibernate.type.BasicTypeReference@5bfc79cb
2024-04-26T23:07:55.200-04:00 DEBUG 6876 --- [           main] org.hibernate.type.BasicTypeRegistry     : Adding type registration serializable -> org.hibernate.type.BasicTypeReference@27ec8754
2024-04-26T23:07:55.200-04:00 DEBUG 6876 --- [           main] org.hibernate.type.BasicTypeRegistry     : Adding type registration java.io.Serializable -> org.hibernate.type.BasicTypeReference@27ec8754
2024-04-26T23:07:55.200-04:00 DEBUG 6876 --- [           main] org.hibernate.type.BasicTypeRegistry     : Adding type registration timezone -> org.hibernate.type.BasicTypeReference@3bbf1c0d
2024-04-26T23:07:55.200-04:00 DEBUG 6876 --- [           main] org.hibernate.type.BasicTypeRegistry     : Adding type registration java.util.TimeZone -> org.hibernate.type.BasicTypeReference@3bbf1c0d
2024-04-26T23:07:55.200-04:00 DEBUG 6876 --- [           main] org.hibernate.type.BasicTypeRegistry     : Adding type registration ZoneOffset -> org.hibernate.type.BasicTypeReference@19662208
2024-04-26T23:07:55.200-04:00 DEBUG 6876 --- [           main] org.hibernate.type.BasicTypeRegistry     : Adding type registration java.time.ZoneOffset -> org.hibernate.type.BasicTypeReference@19662208
2024-04-26T23:07:55.200-04:00 DEBUG 6876 --- [           main] org.hibernate.type.BasicTypeRegistry     : Adding type registration url -> org.hibernate.type.BasicTypeReference@216c22ce
2024-04-26T23:07:55.200-04:00 DEBUG 6876 --- [           main] org.hibernate.type.BasicTypeRegistry     : Adding type registration java.net.URL -> org.hibernate.type.BasicTypeReference@216c22ce
2024-04-26T23:07:55.200-04:00 DEBUG 6876 --- [           main] org.hibernate.type.BasicTypeRegistry     : Adding type registration vector -> org.hibernate.type.BasicTypeReference@62f9c790
2024-04-26T23:07:55.200-04:00 DEBUG 6876 --- [           main] org.hibernate.type.BasicTypeRegistry     : Adding type registration row_version -> org.hibernate.type.BasicTypeReference@21e5f0b6
2024-04-26T23:07:55.205-04:00 DEBUG 6876 --- [           main] org.hibernate.type.BasicTypeRegistry     : Adding type registration object -> org.hibernate.type.JavaObjectType@39c87b42
2024-04-26T23:07:55.206-04:00 DEBUG 6876 --- [           main] org.hibernate.type.BasicTypeRegistry     : Adding type registration java.lang.Object -> org.hibernate.type.JavaObjectType@39c87b42
2024-04-26T23:07:55.207-04:00 DEBUG 6876 --- [           main] org.hibernate.type.BasicTypeRegistry     : Adding type registration null -> org.hibernate.type.NullType@430df350
2024-04-26T23:07:55.208-04:00 DEBUG 6876 --- [           main] org.hibernate.type.BasicTypeRegistry     : Adding type registration imm_date -> org.hibernate.type.BasicTypeReference@1373e3ee
2024-04-26T23:07:55.208-04:00 DEBUG 6876 --- [           main] org.hibernate.type.BasicTypeRegistry     : Adding type registration imm_time -> org.hibernate.type.BasicTypeReference@175c5c3a
2024-04-26T23:07:55.208-04:00 DEBUG 6876 --- [           main] org.hibernate.type.BasicTypeRegistry     : Adding type registration imm_timestamp -> org.hibernate.type.BasicTypeReference@69a5c6be
2024-04-26T23:07:55.208-04:00 DEBUG 6876 --- [           main] org.hibernate.type.BasicTypeRegistry     : Adding type registration imm_calendar -> org.hibernate.type.BasicTypeReference@451e2fa9
2024-04-26T23:07:55.208-04:00 DEBUG 6876 --- [           main] org.hibernate.type.BasicTypeRegistry     : Adding type registration imm_calendar_date -> org.hibernate.type.BasicTypeReference@497ed877
2024-04-26T23:07:55.208-04:00 DEBUG 6876 --- [           main] org.hibernate.type.BasicTypeRegistry     : Adding type registration imm_calendar_time -> org.hibernate.type.BasicTypeReference@3cb6e0ee
2024-04-26T23:07:55.208-04:00 DEBUG 6876 --- [           main] org.hibernate.type.BasicTypeRegistry     : Adding type registration imm_binary -> org.hibernate.type.BasicTypeReference@7b6141f0
2024-04-26T23:07:55.208-04:00 DEBUG 6876 --- [           main] org.hibernate.type.BasicTypeRegistry     : Adding type registration imm_serializable -> org.hibernate.type.BasicTypeReference@4fb64a52
2024-04-26T23:07:55.211-04:00 DEBUG 6876 --- [           main] o.h.boot.internal.BootstrapContextImpl   : Injecting JPA temp ClassLoader [org.springframework.instrument.classloading.SimpleThrowawayClassLoader@5fd43e58] into BootstrapContext; was [null]
2024-04-26T23:07:55.213-04:00 DEBUG 6876 --- [           main] o.h.boot.internal.ClassLoaderAccessImpl  : ClassLoaderAccessImpl#injectTempClassLoader(org.springframework.instrument.classloading.SimpleThrowawayClassLoader@5fd43e58) [was null]
2024-04-26T23:07:55.213-04:00 DEBUG 6876 --- [           main] o.h.boot.internal.BootstrapContextImpl   : Injecting ScanEnvironment [org.hibernate.jpa.boot.internal.StandardJpaScanEnvironmentImpl@79252c83] into BootstrapContext; was [null]
2024-04-26T23:07:55.213-04:00 DEBUG 6876 --- [           main] o.h.boot.internal.BootstrapContextImpl   : Injecting ScanOptions [org.hibernate.boot.archive.scan.internal.StandardScanOptions@6fbf5db2] into BootstrapContext; was [org.hibernate.boot.archive.scan.internal.StandardScanOptions@509a6095]
2024-04-26T23:07:55.361-04:00  INFO 6876 --- [           main] o.s.o.j.p.SpringPersistenceUnitInfo      : No LoadTimeWeaver setup: ignoring JPA class transformer
2024-04-26T23:07:55.361-04:00 DEBUG 6876 --- [           main] o.h.boot.internal.BootstrapContextImpl   : Injecting JPA temp ClassLoader [null] into BootstrapContext; was [org.springframework.instrument.classloading.SimpleThrowawayClassLoader@5fd43e58]
2024-04-26T23:07:55.361-04:00 DEBUG 6876 --- [           main] o.h.boot.internal.ClassLoaderAccessImpl  : ClassLoaderAccessImpl#injectTempClassLoader(null) [was org.springframework.instrument.classloading.SimpleThrowawayClassLoader@5fd43e58]
2024-04-26T23:07:55.393-04:00  INFO 6876 --- [           main] com.zaxxer.hikari.HikariDataSource       : HikariPool-1 - Starting...
2024-04-26T23:07:55.396-04:00  WARN 6876 --- [           main] c.zaxxer.hikari.util.DriverDataSource    : Registered driver with driverClassName=oracle.jdbc.driver.OracleDriver was not found, trying direct instantiation.
2024-04-26T23:07:56.139-04:00  INFO 6876 --- [           main] com.zaxxer.hikari.pool.HikariPool        : HikariPool-1 - Added connection oracle.jdbc.driver.T4CConnection@48cf8414
2024-04-26T23:07:56.141-04:00  INFO 6876 --- [           main] com.zaxxer.hikari.HikariDataSource       : HikariPool-1 - Start completed.
2024-04-26T23:07:56.143-04:00 DEBUG 6876 --- [           main] o.h.e.j.e.i.JdbcEnvironmentInitiator     : Database ->
       name : Oracle
    version : Oracle Database 19c Enterprise Edition Release 19.0.0.0.0 - Production
Version 19.23.0.1.0
      major : 19
      minor : 0
2024-04-26T23:07:56.143-04:00 DEBUG 6876 --- [           main] o.h.e.j.e.i.JdbcEnvironmentInitiator     : Driver ->
       name : Oracle JDBC driver
    version : 21.9.0.0.0
      major : 21
      minor : 9
2024-04-26T23:07:56.143-04:00 DEBUG 6876 --- [           main] o.h.e.j.e.i.JdbcEnvironmentInitiator     : JDBC version : 4.3
2024-04-26T23:07:56.251-04:00  WARN 6876 --- [           main] org.hibernate.orm.deprecation            : HHH90000025: OracleDialect does not need to be specified explicitly using 'hibernate.dialect' (remove the property setting and it will be selected by default)
2024-04-26T23:07:56.251-04:00 DEBUG 6876 --- [           main] org.hibernate.orm.dialect                : HHH035001: Using dialect: org.hibernate.dialect.OracleDialect, version: 19.0
2024-04-26T23:07:56.309-04:00 DEBUG 6876 --- [           main] o.h.t.d.jdbc.spi.JdbcTypeRegistry        : addDescriptor(NCharTypeDescriptor) replaced previous registration(CharTypeDescriptor)
2024-04-26T23:07:56.309-04:00 DEBUG 6876 --- [           main] o.h.t.d.jdbc.spi.JdbcTypeRegistry        : addDescriptor(NVarcharTypeDescriptor) replaced previous registration(VarcharTypeDescriptor)
2024-04-26T23:07:56.310-04:00 DEBUG 6876 --- [           main] o.h.t.d.jdbc.spi.JdbcTypeRegistry        : addDescriptor(LongNVarcharTypeDescriptor) replaced previous registration(LongVarcharTypeDescriptor)
2024-04-26T23:07:56.312-04:00 DEBUG 6876 --- [           main] o.h.t.d.jdbc.spi.JdbcTypeRegistry        : addDescriptor(NClobTypeDescriptor(DEFAULT)) replaced previous registration(ClobTypeDescriptor(DEFAULT))
2024-04-26T23:07:56.312-04:00 DEBUG 6876 --- [           main] o.h.t.d.jdbc.spi.JdbcTypeRegistry        : addDescriptor(2005, ClobTypeDescriptor(STREAM_BINDING)) replaced previous registration(ClobTypeDescriptor(DEFAULT))
2024-04-26T23:07:56.313-04:00 DEBUG 6876 --- [           main] o.h.t.d.jdbc.spi.JdbcTypeRegistry        : addDescriptor(BooleanTypeDescriptor) replaced previous registration(BooleanTypeDescriptor)
2024-04-26T23:07:56.321-04:00 DEBUG 6876 --- [           main] org.hibernate.type.BasicTypeRegistry     : Adding type registration null -> org.hibernate.type.NullType@3c2dda7c
2024-04-26T23:07:56.321-04:00 DEBUG 6876 --- [           main] org.hibernate.type.BasicTypeRegistry     : Type registration key [null] overrode previous entry : `org.hibernate.type.NullType@430df350`
2024-04-26T23:07:56.323-04:00 DEBUG 6876 --- [           main] org.hibernate.type.BasicTypeRegistry     : Adding type registration JAVA_OBJECT -> org.hibernate.type.JavaObjectType@410f53b2
2024-04-26T23:07:56.323-04:00 DEBUG 6876 --- [           main] org.hibernate.type.BasicTypeRegistry     : Adding type registration java.lang.Object -> org.hibernate.type.JavaObjectType@410f53b2
2024-04-26T23:07:56.323-04:00 DEBUG 6876 --- [           main] org.hibernate.type.BasicTypeRegistry     : Type registration key [java.lang.Object] overrode previous entry : `org.hibernate.type.JavaObjectType@39c87b42`
2024-04-26T23:07:56.327-04:00 DEBUG 6876 --- [           main] org.hibernate.type.BasicTypeRegistry     : Adding type registration org.hibernate.type.DurationType -> basicType@1(java.time.Duration,3015)
2024-04-26T23:07:56.327-04:00 DEBUG 6876 --- [           main] org.hibernate.type.BasicTypeRegistry     : Adding type registration Duration -> basicType@1(java.time.Duration,3015)
2024-04-26T23:07:56.327-04:00 DEBUG 6876 --- [           main] org.hibernate.type.BasicTypeRegistry     : Adding type registration java.time.Duration -> basicType@1(java.time.Duration,3015)
2024-04-26T23:07:56.330-04:00 DEBUG 6876 --- [           main] o.h.type.spi.TypeConfiguration$Scope     : Scoping TypeConfiguration [org.hibernate.type.spi.TypeConfiguration@c87787d] to MetadataBuildingContext [org.hibernate.boot.internal.MetadataBuildingContextRootImpl@1bea7b0]
2024-04-26T23:07:56.371-04:00 DEBUG 6876 --- [           main] o.h.boot.model.relational.Namespace      : Created database namespace [logicalName=Name{catalog=null, schema=null}, physicalName=Name{catalog=null, schema=null}]
2024-04-26T23:07:56.390-04:00 DEBUG 6876 --- [           main] o.h.boot.model.internal.EntityBinder     : Binding entity from annotated class: com.jason.publicaciones.model.Calificacion
2024-04-26T23:07:56.397-04:00 DEBUG 6876 --- [           main] o.h.boot.model.internal.EntityBinder     : Import with entity name Calificacion
2024-04-26T23:07:56.401-04:00 DEBUG 6876 --- [           main] o.h.boot.model.internal.EntityBinder     : Bind entity com.jason.publicaciones.model.Calificacion on table calificaciones
2024-04-26T23:07:56.409-04:00 DEBUG 6876 --- [           main] o.h.boot.model.internal.AnnotatedColumn  : Binding column: AnnotatedDiscriminatorColumn(column='DTYPE')
2024-04-26T23:07:56.424-04:00 DEBUG 6876 --- [           main] o.h.boot.model.internal.AnnotatedColumn  : Binding column: AnnotatedColumn()
2024-04-26T23:07:56.424-04:00 DEBUG 6876 --- [           main] o.h.boot.internal.ClassLoaderAccessImpl  : Not known whether passed class name [com.jason.publicaciones.model.Calificacion] is safe
2024-04-26T23:07:56.424-04:00 DEBUG 6876 --- [           main] o.h.boot.internal.ClassLoaderAccessImpl  : No temp ClassLoader provided; using live ClassLoader for loading potentially unsafe class : com.jason.publicaciones.model.Calificacion
2024-04-26T23:07:56.427-04:00 DEBUG 6876 --- [           main] o.h.boot.model.internal.PropertyBinder   : MetadataSourceProcessor property id with lazy=false
2024-04-26T23:07:56.430-04:00 DEBUG 6876 --- [           main] o.h.b.m.internal.AbstractPropertyHolder  : Attempting to locate auto-apply AttributeConverter for property [com.jason.publicaciones.model.Calificacion:id]
2024-04-26T23:07:56.432-04:00 DEBUG 6876 --- [           main] o.h.b.model.internal.BasicValueBinder    : building BasicValue for id
2024-04-26T23:07:56.434-04:00 DEBUG 6876 --- [           main] org.hibernate.mapping.BasicValue         : Skipping column re-registration: calificaciones.id
2024-04-26T23:07:56.435-04:00 DEBUG 6876 --- [           main] o.h.boot.model.internal.PropertyBinder   : Building property id
2024-04-26T23:07:56.437-04:00 DEBUG 6876 --- [           main] o.h.boot.model.internal.BinderHelper     : #makeIdGenerator(BasicValue([Column(id)]), id, identity, , ...)
2024-04-26T23:07:56.439-04:00 DEBUG 6876 --- [           main] o.h.boot.model.internal.AnnotatedColumn  : Binding column: AnnotatedJoinColumn(column='publicacion_id')
2024-04-26T23:07:56.440-04:00 DEBUG 6876 --- [           main] o.h.boot.model.internal.AnnotatedColumn  : Binding column: AnnotatedColumn()
2024-04-26T23:07:56.443-04:00 DEBUG 6876 --- [           main] o.h.boot.model.internal.PropertyBinder   : Building property publicacion
2024-04-26T23:07:56.443-04:00 DEBUG 6876 --- [           main] o.h.boot.model.internal.AnnotatedColumn  : Binding column: AnnotatedColumn()
2024-04-26T23:07:56.443-04:00 DEBUG 6876 --- [           main] o.h.boot.model.internal.PropertyBinder   : MetadataSourceProcessor property valor with lazy=false
2024-04-26T23:07:56.443-04:00 DEBUG 6876 --- [           main] o.h.b.m.internal.AbstractPropertyHolder  : Attempting to locate auto-apply AttributeConverter for property [com.jason.publicaciones.model.Calificacion:valor]
2024-04-26T23:07:56.443-04:00 DEBUG 6876 --- [           main] o.h.b.model.internal.BasicValueBinder    : building BasicValue for valor
2024-04-26T23:07:56.443-04:00 DEBUG 6876 --- [           main] org.hibernate.mapping.BasicValue         : Skipping column re-registration: calificaciones.valor
2024-04-26T23:07:56.443-04:00 DEBUG 6876 --- [           main] o.h.boot.model.internal.PropertyBinder   : Building property valor
2024-04-26T23:07:56.443-04:00 DEBUG 6876 --- [           main] o.h.b.r.c.i.ClassLoaderServiceImpl       : HHH000194: Package not found or wo package-info.java: com.jason.publicaciones.model
2024-04-26T23:07:56.447-04:00 DEBUG 6876 --- [           main] o.h.boot.model.internal.EntityBinder     : Binding entity from annotated class: com.jason.publicaciones.model.Comentario
2024-04-26T23:07:56.447-04:00 DEBUG 6876 --- [           main] o.h.boot.model.internal.EntityBinder     : Import with entity name Comentario
2024-04-26T23:07:56.447-04:00 DEBUG 6876 --- [           main] o.h.boot.model.internal.EntityBinder     : Bind entity com.jason.publicaciones.model.Comentario on table comentarios
2024-04-26T23:07:56.447-04:00 DEBUG 6876 --- [           main] o.h.boot.model.internal.AnnotatedColumn  : Binding column: AnnotatedDiscriminatorColumn(column='DTYPE')
2024-04-26T23:07:56.449-04:00 DEBUG 6876 --- [           main] o.h.boot.model.internal.AnnotatedColumn  : Binding column: AnnotatedColumn()
2024-04-26T23:07:56.449-04:00 DEBUG 6876 --- [           main] o.h.boot.internal.ClassLoaderAccessImpl  : Not known whether passed class name [com.jason.publicaciones.model.Comentario] is safe
2024-04-26T23:07:56.449-04:00 DEBUG 6876 --- [           main] o.h.boot.internal.ClassLoaderAccessImpl  : No temp ClassLoader provided; using live ClassLoader for loading potentially unsafe class : com.jason.publicaciones.model.Comentario
2024-04-26T23:07:56.449-04:00 DEBUG 6876 --- [           main] o.h.boot.model.internal.PropertyBinder   : MetadataSourceProcessor property id with lazy=false
2024-04-26T23:07:56.449-04:00 DEBUG 6876 --- [           main] o.h.b.m.internal.AbstractPropertyHolder  : Attempting to locate auto-apply AttributeConverter for property [com.jason.publicaciones.model.Comentario:id]
2024-04-26T23:07:56.449-04:00 DEBUG 6876 --- [           main] o.h.b.model.internal.BasicValueBinder    : building BasicValue for id
2024-04-26T23:07:56.449-04:00 DEBUG 6876 --- [           main] org.hibernate.mapping.BasicValue         : Skipping column re-registration: comentarios.id
2024-04-26T23:07:56.449-04:00 DEBUG 6876 --- [           main] o.h.boot.model.internal.PropertyBinder   : Building property id
2024-04-26T23:07:56.449-04:00 DEBUG 6876 --- [           main] o.h.boot.model.internal.BinderHelper     : #makeIdGenerator(BasicValue([Column(id)]), id, identity, , ...)
2024-04-26T23:07:56.449-04:00 DEBUG 6876 --- [           main] o.h.boot.model.internal.AnnotatedColumn  : Binding column: AnnotatedJoinColumn(column='publicacion_id')
2024-04-26T23:07:56.449-04:00 DEBUG 6876 --- [           main] o.h.boot.model.internal.AnnotatedColumn  : Binding column: AnnotatedColumn()
2024-04-26T23:07:56.449-04:00 DEBUG 6876 --- [           main] o.h.boot.model.internal.PropertyBinder   : Building property publicacion
2024-04-26T23:07:56.449-04:00 DEBUG 6876 --- [           main] o.h.boot.model.internal.AnnotatedColumn  : Binding column: AnnotatedColumn()
2024-04-26T23:07:56.450-04:00 DEBUG 6876 --- [           main] o.h.boot.model.internal.PropertyBinder   : MetadataSourceProcessor property texto with lazy=false
2024-04-26T23:07:56.450-04:00 DEBUG 6876 --- [           main] o.h.b.m.internal.AbstractPropertyHolder  : Attempting to locate auto-apply AttributeConverter for property [com.jason.publicaciones.model.Comentario:texto]
2024-04-26T23:07:56.450-04:00 DEBUG 6876 --- [           main] o.h.b.model.internal.BasicValueBinder    : building BasicValue for texto
2024-04-26T23:07:56.450-04:00 DEBUG 6876 --- [           main] org.hibernate.mapping.BasicValue         : Skipping column re-registration: comentarios.texto
2024-04-26T23:07:56.450-04:00 DEBUG 6876 --- [           main] o.h.boot.model.internal.PropertyBinder   : Building property texto
2024-04-26T23:07:56.450-04:00 DEBUG 6876 --- [           main] o.h.b.r.c.i.ClassLoaderServiceImpl       : HHH000194: Package not found or wo package-info.java: com.jason.publicaciones.model
2024-04-26T23:07:56.450-04:00 DEBUG 6876 --- [           main] o.h.boot.model.internal.EntityBinder     : Binding entity from annotated class: com.jason.publicaciones.model.Publicacion
2024-04-26T23:07:56.451-04:00 DEBUG 6876 --- [           main] o.h.boot.model.internal.EntityBinder     : Import with entity name Publicacion
2024-04-26T23:07:56.451-04:00 DEBUG 6876 --- [           main] o.h.boot.model.internal.EntityBinder     : Bind entity com.jason.publicaciones.model.Publicacion on table publicaciones
2024-04-26T23:07:56.451-04:00 DEBUG 6876 --- [           main] o.h.boot.model.internal.AnnotatedColumn  : Binding column: AnnotatedDiscriminatorColumn(column='DTYPE')
2024-04-26T23:07:56.454-04:00 DEBUG 6876 --- [           main] o.h.boot.model.internal.AnnotatedColumn  : Binding column: AnnotatedColumn()
2024-04-26T23:07:56.454-04:00 DEBUG 6876 --- [           main] o.h.boot.internal.ClassLoaderAccessImpl  : Not known whether passed class name [com.jason.publicaciones.model.Publicacion] is safe
2024-04-26T23:07:56.454-04:00 DEBUG 6876 --- [           main] o.h.boot.internal.ClassLoaderAccessImpl  : No temp ClassLoader provided; using live ClassLoader for loading potentially unsafe class : com.jason.publicaciones.model.Publicacion
2024-04-26T23:07:56.454-04:00 DEBUG 6876 --- [           main] o.h.boot.model.internal.PropertyBinder   : MetadataSourceProcessor property id with lazy=false
2024-04-26T23:07:56.454-04:00 DEBUG 6876 --- [           main] o.h.b.m.internal.AbstractPropertyHolder  : Attempting to locate auto-apply AttributeConverter for property [com.jason.publicaciones.model.Publicacion:id]
2024-04-26T23:07:56.454-04:00 DEBUG 6876 --- [           main] o.h.b.model.internal.BasicValueBinder    : building BasicValue for id
2024-04-26T23:07:56.454-04:00 DEBUG 6876 --- [           main] org.hibernate.mapping.BasicValue         : Skipping column re-registration: publicaciones.id
2024-04-26T23:07:56.455-04:00 DEBUG 6876 --- [           main] o.h.boot.model.internal.PropertyBinder   : Building property id
2024-04-26T23:07:56.455-04:00 DEBUG 6876 --- [           main] o.h.boot.model.internal.BinderHelper     : #makeIdGenerator(BasicValue([Column(id)]), id, identity, , ...)
2024-04-26T23:07:56.455-04:00 DEBUG 6876 --- [           main] o.h.boot.model.internal.AnnotatedColumn  : Binding column: AnnotatedJoinColumn()
2024-04-26T23:07:56.455-04:00 DEBUG 6876 --- [           main] o.h.boot.model.internal.AnnotatedColumn  : Binding column: AnnotatedColumn()
2024-04-26T23:07:56.463-04:00 DEBUG 6876 --- [           main] o.h.boot.model.internal.AnnotatedColumn  : Binding column: IndexColumn(column='calificacionList_ORDER')
2024-04-26T23:07:56.465-04:00 DEBUG 6876 --- [           main] o.h.boot.model.internal.AnnotatedColumn  : Binding column: AnnotatedColumn()
2024-04-26T23:07:56.465-04:00 DEBUG 6876 --- [           main] o.h.boot.model.internal.AnnotatedColumn  : Binding column: AnnotatedColumn(column='calificacionList_KEY')
2024-04-26T23:07:56.466-04:00 DEBUG 6876 --- [           main] o.h.boot.model.internal.AnnotatedColumn  : Binding column: AnnotatedJoinColumn(column='calificacionList_KEY')
2024-04-26T23:07:56.466-04:00 DEBUG 6876 --- [           main] o.h.boot.model.internal.AnnotatedColumn  : Binding column: AnnotatedJoinColumn()
2024-04-26T23:07:56.466-04:00 DEBUG 6876 --- [           main] o.h.boot.model.internal.AnnotatedColumn  : Binding column: AnnotatedJoinColumn()
2024-04-26T23:07:56.468-04:00 DEBUG 6876 --- [           main] o.h.b.model.internal.CollectionBinder    : Collection role: com.jason.publicaciones.model.Publicacion.calificacionList
2024-04-26T23:07:56.469-04:00 DEBUG 6876 --- [           main] o.h.boot.model.internal.PropertyBinder   : Building property calificacionList
2024-04-26T23:07:56.469-04:00 DEBUG 6876 --- [           main] o.h.boot.model.internal.AnnotatedColumn  : Binding column: AnnotatedJoinColumn()
2024-04-26T23:07:56.469-04:00 DEBUG 6876 --- [           main] o.h.boot.model.internal.AnnotatedColumn  : Binding column: AnnotatedColumn()
2024-04-26T23:07:56.469-04:00 DEBUG 6876 --- [           main] o.h.boot.model.internal.AnnotatedColumn  : Binding column: IndexColumn(column='comentarioList_ORDER')
2024-04-26T23:07:56.470-04:00 DEBUG 6876 --- [           main] o.h.boot.model.internal.AnnotatedColumn  : Binding column: AnnotatedColumn()
2024-04-26T23:07:56.470-04:00 DEBUG 6876 --- [           main] o.h.boot.model.internal.AnnotatedColumn  : Binding column: AnnotatedColumn(column='comentarioList_KEY')
2024-04-26T23:07:56.470-04:00 DEBUG 6876 --- [           main] o.h.boot.model.internal.AnnotatedColumn  : Binding column: AnnotatedJoinColumn(column='comentarioList_KEY')
2024-04-26T23:07:56.470-04:00 DEBUG 6876 --- [           main] o.h.boot.model.internal.AnnotatedColumn  : Binding column: AnnotatedJoinColumn()
2024-04-26T23:07:56.470-04:00 DEBUG 6876 --- [           main] o.h.boot.model.internal.AnnotatedColumn  : Binding column: AnnotatedJoinColumn()
2024-04-26T23:07:56.470-04:00 DEBUG 6876 --- [           main] o.h.b.model.internal.CollectionBinder    : Collection role: com.jason.publicaciones.model.Publicacion.comentarioList
2024-04-26T23:07:56.470-04:00 DEBUG 6876 --- [           main] o.h.boot.model.internal.PropertyBinder   : Building property comentarioList
2024-04-26T23:07:56.470-04:00 DEBUG 6876 --- [           main] o.h.boot.model.internal.AnnotatedColumn  : Binding column: AnnotatedColumn()
2024-04-26T23:07:56.470-04:00 DEBUG 6876 --- [           main] o.h.boot.model.internal.PropertyBinder   : MetadataSourceProcessor property contenido with lazy=false
2024-04-26T23:07:56.471-04:00 DEBUG 6876 --- [           main] o.h.b.m.internal.AbstractPropertyHolder  : Attempting to locate auto-apply AttributeConverter for property [com.jason.publicaciones.model.Publicacion:contenido]
2024-04-26T23:07:56.471-04:00 DEBUG 6876 --- [           main] o.h.b.model.internal.BasicValueBinder    : building BasicValue for contenido
2024-04-26T23:07:56.471-04:00 DEBUG 6876 --- [           main] org.hibernate.mapping.BasicValue         : Skipping column re-registration: publicaciones.contenido
2024-04-26T23:07:56.471-04:00 DEBUG 6876 --- [           main] o.h.boot.model.internal.PropertyBinder   : Building property contenido
2024-04-26T23:07:56.471-04:00 DEBUG 6876 --- [           main] o.h.boot.model.internal.AnnotatedColumn  : Binding column: AnnotatedColumn()
2024-04-26T23:07:56.471-04:00 DEBUG 6876 --- [           main] o.h.boot.model.internal.PropertyBinder   : MetadataSourceProcessor property titulo with lazy=false
2024-04-26T23:07:56.471-04:00 DEBUG 6876 --- [           main] o.h.b.m.internal.AbstractPropertyHolder  : Attempting to locate auto-apply AttributeConverter for property [com.jason.publicaciones.model.Publicacion:titulo]
2024-04-26T23:07:56.472-04:00 DEBUG 6876 --- [           main] o.h.b.model.internal.BasicValueBinder    : building BasicValue for titulo
2024-04-26T23:07:56.472-04:00 DEBUG 6876 --- [           main] org.hibernate.mapping.BasicValue         : Skipping column re-registration: publicaciones.titulo
2024-04-26T23:07:56.472-04:00 DEBUG 6876 --- [           main] o.h.boot.model.internal.PropertyBinder   : Building property titulo
2024-04-26T23:07:56.473-04:00 DEBUG 6876 --- [           main] o.h.b.r.c.i.ClassLoaderServiceImpl       : HHH000194: Package not found or wo package-info.java: com.jason.publicaciones.model
2024-04-26T23:07:56.474-04:00 DEBUG 6876 --- [           main] o.h.b.model.internal.BasicValueBinder    : Starting `BasicValueBinder#fillSimpleValue` for id
2024-04-26T23:07:56.477-04:00 DEBUG 6876 --- [           main] o.h.b.model.internal.BasicValueBinder    : Starting `BasicValueBinder#fillSimpleValue` for valor
2024-04-26T23:07:56.477-04:00 DEBUG 6876 --- [           main] o.h.b.model.internal.BasicValueBinder    : Starting `BasicValueBinder#fillSimpleValue` for id
2024-04-26T23:07:56.477-04:00 DEBUG 6876 --- [           main] o.h.b.model.internal.BasicValueBinder    : Starting `BasicValueBinder#fillSimpleValue` for texto
2024-04-26T23:07:56.477-04:00 DEBUG 6876 --- [           main] o.h.b.model.internal.BasicValueBinder    : Starting `BasicValueBinder#fillSimpleValue` for id
2024-04-26T23:07:56.477-04:00 DEBUG 6876 --- [           main] o.h.b.model.internal.BasicValueBinder    : Starting `BasicValueBinder#fillSimpleValue` for contenido
2024-04-26T23:07:56.477-04:00 DEBUG 6876 --- [           main] o.h.b.model.internal.BasicValueBinder    : Starting `BasicValueBinder#fillSimpleValue` for titulo
2024-04-26T23:07:56.481-04:00 DEBUG 6876 --- [           main] org.hibernate.mapping.PrimaryKey         : Forcing column [id] to be non-null as it is part of the primary key for table [calificaciones]
2024-04-26T23:07:56.481-04:00 DEBUG 6876 --- [           main] org.hibernate.mapping.PrimaryKey         : Forcing column [id] to be non-null as it is part of the primary key for table [comentarios]
2024-04-26T23:07:56.481-04:00 DEBUG 6876 --- [           main] org.hibernate.mapping.PrimaryKey         : Forcing column [id] to be non-null as it is part of the primary key for table [publicaciones]
2024-04-26T23:07:56.483-04:00 DEBUG 6876 --- [           main] o.h.b.m.internal.CollectionSecondPass    : Second pass for collection: com.jason.publicaciones.model.Publicacion.calificacionList
2024-04-26T23:07:56.484-04:00 DEBUG 6876 --- [           main] o.h.b.model.internal.CollectionBinder    : Binding a OneToMany: com.jason.publicaciones.model.Publicacion.calificacionList through a foreign key
2024-04-26T23:07:56.485-04:00 DEBUG 6876 --- [           main] o.h.b.model.internal.CollectionBinder    : Mapping collection: com.jason.publicaciones.model.Publicacion.calificacionList -> calificaciones
2024-04-26T23:07:56.486-04:00 DEBUG 6876 --- [           main] o.h.boot.model.internal.TableBinder      : Retrieving property com.jason.publicaciones.model.Calificacion.publicacion
2024-04-26T23:07:56.486-04:00 DEBUG 6876 --- [           main] o.h.b.m.internal.CollectionSecondPass    : Mapped collection key: publicacion_id, one-to-many: com.jason.publicaciones.model.Calificacion
2024-04-26T23:07:56.486-04:00 DEBUG 6876 --- [           main] o.h.b.m.internal.CollectionSecondPass    : Second pass for collection: com.jason.publicaciones.model.Publicacion.comentarioList
2024-04-26T23:07:56.486-04:00 DEBUG 6876 --- [           main] o.h.b.model.internal.CollectionBinder    : Binding a OneToMany: com.jason.publicaciones.model.Publicacion.comentarioList through a foreign key
2024-04-26T23:07:56.486-04:00 DEBUG 6876 --- [           main] o.h.b.model.internal.CollectionBinder    : Mapping collection: com.jason.publicaciones.model.Publicacion.comentarioList -> comentarios
2024-04-26T23:07:56.487-04:00 DEBUG 6876 --- [           main] o.h.boot.model.internal.TableBinder      : Retrieving property com.jason.publicaciones.model.Comentario.publicacion
2024-04-26T23:07:56.487-04:00 DEBUG 6876 --- [           main] o.h.b.m.internal.CollectionSecondPass    : Mapped collection key: publicacion_id, one-to-many: com.jason.publicaciones.model.Comentario
2024-04-26T23:07:56.487-04:00 DEBUG 6876 --- [           main] o.h.b.i.InFlightMetadataCollectorImpl    : Resolving reference to class: com.jason.publicaciones.model.Publicacion
2024-04-26T23:07:56.488-04:00 DEBUG 6876 --- [           main] o.h.b.i.InFlightMetadataCollectorImpl    : Resolving reference to class: com.jason.publicaciones.model.Publicacion
2024-04-26T23:07:56.499-04:00 DEBUG 6876 --- [           main] o.h.b.i.InFlightMetadataCollectorImpl    : Resolving reference to class: com.jason.publicaciones.model.Publicacion
2024-04-26T23:07:56.500-04:00 DEBUG 6876 --- [           main] o.h.b.i.InFlightMetadataCollectorImpl    : Resolving reference to class: com.jason.publicaciones.model.Publicacion
2024-04-26T23:07:56.545-04:00 DEBUG 6876 --- [           main] o.hibernate.internal.SessionFactoryImpl  : Building session factory
[...]

   R2dbcDataAutoConfiguration:
      Did not match:
         - @ConditionalOnClass did not find required class 'org.springframework.data.r2dbc.core.R2dbcEntityTemplate' (OnClassCondition)

   R2dbcInitializationConfiguration:
      Did not match:
         - @ConditionalOnClass did not find required classes 'io.r2dbc.spi.ConnectionFactory', 'org.springframework.r2dbc.connection.init.DatabasePopulator' (OnClassCondition)

   R2dbcRepositoriesAutoConfiguration:
      Did not match:
         - @ConditionalOnClass did not find required class 'io.r2dbc.spi.ConnectionFactory' (OnClassCondition)

   R2dbcTransactionManagerAutoConfiguration:
      Did not match:
         - @ConditionalOnClass did not find required class 'org.springframework.r2dbc.connection.R2dbcTransactionManager' (OnClassCondition)

   RSocketGraphQlClientAutoConfiguration:
      Did not match:
         - @ConditionalOnClass did not find required class 'graphql.GraphQL' (OnClassCondition)

   RSocketMessagingAutoConfiguration:
      Did not match:
         - @ConditionalOnClass did not find required class 'io.rsocket.RSocket' (OnClassCondition)

   RSocketRequesterAutoConfiguration:
      Did not match:
         - @ConditionalOnClass did not find required class 'io.rsocket.RSocket' (OnClassCondition)

   RSocketSecurityAutoConfiguration:
      Did not match:
         - @ConditionalOnClass did not find required class 'org.springframework.security.rsocket.core.SecuritySocketAcceptorInterceptor' (OnClassCondition)

   RSocketServerAutoConfiguration:
      Did not match:
         - @ConditionalOnClass did not find required class 'io.rsocket.core.RSocketServer' (OnClassCondition)

   RSocketStrategiesAutoConfiguration:
      Did not match:
         - @ConditionalOnClass did not find required class 'io.netty.buffer.PooledByteBufAllocator' (OnClassCondition)

   RabbitAutoConfiguration:
      Did not match:
         - @ConditionalOnClass did not find required class 'com.rabbitmq.client.Channel' (OnClassCondition)

   ReactiveElasticsearchClientAutoConfiguration:
      Did not match:
         - @ConditionalOnClass did not find required class 'co.elastic.clients.transport.ElasticsearchTransport' (OnClassCondition)

   ReactiveElasticsearchRepositoriesAutoConfiguration:
      Did not match:
         - @ConditionalOnClass did not find required class 'org.springframework.data.elasticsearch.client.elc.ReactiveElasticsearchClient' (OnClassCondition)

   ReactiveMultipartAutoConfiguration:
      Did not match:
         - @ConditionalOnClass did not find required class 'org.springframework.web.reactive.config.WebFluxConfigurer' (OnClassCondition)

   ReactiveOAuth2ClientAutoConfiguration:
      Did not match:
         - @ConditionalOnClass did not find required class 'reactor.core.publisher.Flux' (OnClassCondition)

   ReactiveOAuth2ResourceServerAutoConfiguration:
      Did not match:
         - @ConditionalOnClass did not find required class 'org.springframework.security.config.annotation.web.reactive.EnableWebFluxSecurity' (OnClassCondition)

   ReactiveSecurityAutoConfiguration:
      Did not match:
         - @ConditionalOnClass did not find required class 'reactor.core.publisher.Flux' (OnClassCondition)

   ReactiveUserDetailsServiceAutoConfiguration:
      Did not match:
         - @ConditionalOnClass did not find required class 'org.springframework.security.authentication.ReactiveAuthenticationManager' (OnClassCondition)

   ReactiveWebServerFactoryAutoConfiguration:
      Did not match:
         - @ConditionalOnWebApplication did not find reactive web application classes (OnWebApplicationCondition)

   ReactorAutoConfiguration:
      Did not match:
         - @ConditionalOnClass did not find required class 'reactor.core.publisher.Hooks' (OnClassCondition)

   RedisAutoConfiguration:
      Did not match:
         - @ConditionalOnClass did not find required class 'org.springframework.data.redis.core.RedisOperations' (OnClassCondition)

   RedisCacheConfiguration:
      Did not match:
         - @ConditionalOnClass did not find required class 'org.springframework.data.redis.connection.RedisConnectionFactory' (OnClassCondition)

   RedisReactiveAutoConfiguration:
      Did not match:
         - @ConditionalOnClass did not find required class 'reactor.core.publisher.Flux' (OnClassCondition)

   RedisRepositoriesAutoConfiguration:
      Did not match:
         - @ConditionalOnClass did not find required class 'org.springframework.data.redis.repository.configuration.EnableRedisRepositories' (OnClassCondition)

   RemoteDevToolsAutoConfiguration:
      Did not match:
         - @ConditionalOnProperty (spring.devtools.remote.secret) did not find property 'secret' (OnPropertyCondition)
      Matched:
         - @ConditionalOnClass found required classes 'jakarta.servlet.Filter', 'org.springframework.http.server.ServerHttpRequest' (OnClassCondition)

   RepositoryRestMvcAutoConfiguration:
      Did not match:
         - @ConditionalOnClass did not find required class 'org.springframework.data.rest.webmvc.config.RepositoryRestMvcConfiguration' (OnClassCondition)

   Saml2RelyingPartyAutoConfiguration:
      Did not match:
         - @ConditionalOnClass did not find required class 'org.springframework.security.saml2.provider.service.registration.RelyingPartyRegistrationRepository' (OnClassCondition)

   SecurityAutoConfiguration:
      Did not match:
         - @ConditionalOnClass did not find required class 'org.springframework.security.authentication.DefaultAuthenticationEventPublisher' (OnClassCondition)

   SecurityFilterAutoConfiguration:
      Did not match:
         - @ConditionalOnClass did not find required class 'org.springframework.security.config.http.SessionCreationPolicy' (OnClassCondition)

   SendGridAutoConfiguration:
      Did not match:
         - @ConditionalOnClass did not find required class 'com.sendgrid.SendGrid' (OnClassCondition)

   ServletWebServerFactoryAutoConfiguration.ForwardedHeaderFilterConfiguration:
      Did not match:
         - @ConditionalOnProperty (server.forward-headers-strategy=framework) did not find property 'server.forward-headers-strategy' (OnPropertyCondition)

   ServletWebServerFactoryConfiguration.EmbeddedJetty:
      Did not match:
         - @ConditionalOnClass did not find required classes 'org.eclipse.jetty.server.Server', 'org.eclipse.jetty.util.Loader', 'org.eclipse.jetty.ee10.webapp.WebAppContext' (OnClassCondition)

   ServletWebServerFactoryConfiguration.EmbeddedUndertow:
      Did not match:
         - @ConditionalOnClass did not find required classes 'io.undertow.Undertow', 'org.xnio.SslClientAuthMode' (OnClassCondition)

   SessionAutoConfiguration:
      Did not match:
         - @ConditionalOnClass did not find required class 'org.springframework.session.Session' (OnClassCondition)

   SpringApplicationAdminJmxAutoConfiguration:
      Did not match:
         - @ConditionalOnProperty (spring.application.admin.enabled=true) did not find property 'enabled' (OnPropertyCondition)

   TaskExecutorConfigurations.SimpleAsyncTaskExecutorBuilderConfiguration#simpleAsyncTaskExecutorBuilderVirtualThreads:
      Did not match:
         - @ConditionalOnMissingBean (types: org.springframework.boot.task.SimpleAsyncTaskExecutorBuilder; SearchStrategy: all) found beans of type 'org.springframework.boot.task.SimpleAsyncTaskExecutorBuilder' simpleAsyncTaskExecutorBuilder (OnBeanCondition)

   TaskExecutorConfigurations.TaskExecutorConfiguration#applicationTaskExecutorVirtualThreads:
      Did not match:
         - @ConditionalOnThreading did not find VIRTUAL (OnThreadingCondition)

   TaskSchedulingAutoConfiguration#scheduledBeanLazyInitializationExcludeFilter:
      Did not match:
         - @ConditionalOnBean (names: org.springframework.context.annotation.internalScheduledAnnotationProcessor; SearchStrategy: all) did not find any beans named org.springframework.context.annotation.internalScheduledAnnotationProcessor (OnBeanCondition)

   TaskSchedulingConfigurations.SimpleAsyncTaskSchedulerBuilderConfiguration#simpleAsyncTaskSchedulerBuilderVirtualThreads:
      Did not match:
         - @ConditionalOnMissingBean (types: org.springframework.boot.task.SimpleAsyncTaskSchedulerBuilder; SearchStrategy: all) found beans of type 'org.springframework.boot.task.SimpleAsyncTaskSchedulerBuilder' simpleAsyncTaskSchedulerBuilder (OnBeanCondition)

   TaskSchedulingConfigurations.TaskSchedulerConfiguration:
      Did not match:
         - @ConditionalOnBean (names: org.springframework.context.annotation.internalScheduledAnnotationProcessor; SearchStrategy: all) did not find any beans named org.springframework.context.annotation.internalScheduledAnnotationProcessor (OnBeanCondition)

   ThymeleafAutoConfiguration:
      Did not match:
         - @ConditionalOnClass did not find required class 'org.thymeleaf.spring6.SpringTemplateEngine' (OnClassCondition)

   TransactionAutoConfiguration#transactionalOperator:
      Did not match:
         - @ConditionalOnSingleCandidate (types: org.springframework.transaction.ReactiveTransactionManager; SearchStrategy: all) did not find any beans (OnBeanCondition)

   TransactionAutoConfiguration.AspectJTransactionManagementConfiguration:
      Did not match:
         - @ConditionalOnBean (types: org.springframework.transaction.aspectj.AbstractTransactionAspect; SearchStrategy: all) did not find any beans of type org.springframework.transaction.aspectj.AbstractTransactionAspect (OnBeanCondition)

   TransactionAutoConfiguration.EnableTransactionManagementConfiguration.JdkDynamicAutoProxyConfiguration:
      Did not match:
         - @ConditionalOnProperty (spring.aop.proxy-target-class=false) did not find property 'proxy-target-class' (OnPropertyCondition)

   UserDetailsServiceAutoConfiguration:
      Did not match:
         - @ConditionalOnClass did not find required class 'org.springframework.security.authentication.AuthenticationManager' (OnClassCondition)

   ValidationAutoConfiguration:
      Did not match:
         - @ConditionalOnClass did not find required class 'jakarta.validation.executable.ExecutableValidator' (OnClassCondition)

   WebClientAutoConfiguration:
      Did not match:
         - @ConditionalOnClass did not find required class 'org.springframework.web.reactive.function.client.WebClient' (OnClassCondition)

   WebFluxAutoConfiguration:
      Did not match:
         - @ConditionalOnClass did not find required class 'org.springframework.web.reactive.config.WebFluxConfigurer' (OnClassCondition)

   WebMvcAutoConfiguration#hiddenHttpMethodFilter:
      Did not match:
         - @ConditionalOnProperty (spring.mvc.hiddenmethod.filter.enabled) did not find property 'enabled' (OnPropertyCondition)

   WebMvcAutoConfiguration.ProblemDetailsErrorHandlingConfiguration:
      Did not match:
         - @ConditionalOnProperty (spring.mvc.problemdetails.enabled=true) did not find property 'enabled' (OnPropertyCondition)

   WebMvcAutoConfiguration.ResourceChainCustomizerConfiguration:
      Did not match:
         - @ConditionalOnEnabledResourceChain did not find class org.webjars.WebJarAssetLocator (OnEnabledResourceChainCondition)

   WebMvcAutoConfiguration.WebMvcAutoConfigurationAdapter#beanNameViewResolver:
      Did not match:
         - @ConditionalOnMissingBean (types: org.springframework.web.servlet.view.BeanNameViewResolver; SearchStrategy: all) found beans of type 'org.springframework.web.servlet.view.BeanNameViewResolver' beanNameViewResolver (OnBeanCondition)

   WebServiceTemplateAutoConfiguration:
      Did not match:
         - @ConditionalOnClass did not find required class 'org.springframework.oxm.Marshaller' (OnClassCondition)

   WebServicesAutoConfiguration:
      Did not match:
         - @ConditionalOnClass did not find required class 'org.springframework.ws.transport.http.MessageDispatcherServlet' (OnClassCondition)

   WebSessionIdResolverAutoConfiguration:
      Did not match:
         - @ConditionalOnClass did not find required class 'reactor.core.publisher.Mono' (OnClassCondition)

   WebSocketMessagingAutoConfiguration:
      Did not match:
         - @ConditionalOnClass did not find required class 'org.springframework.web.socket.config.annotation.WebSocketMessageBrokerConfigurer' (OnClassCondition)

   WebSocketReactiveAutoConfiguration:
      Did not match:
         - @ConditionalOnWebApplication did not find reactive web application classes (OnWebApplicationCondition)

   WebSocketServletAutoConfiguration.JettyWebSocketConfiguration:
      Did not match:
         - @ConditionalOnClass did not find required class 'org.eclipse.jetty.ee10.websocket.jakarta.server.config.JakartaWebSocketServletContainerInitializer' (OnClassCondition)

   WebSocketServletAutoConfiguration.UndertowWebSocketConfiguration:
      Did not match:
         - @ConditionalOnClass did not find required class 'io.undertow.websockets.jsr.Bootstrap' (OnClassCondition)

   XADataSourceAutoConfiguration:
      Did not match:
         - @ConditionalOnBean (types: org.springframework.boot.jdbc.XADataSourceWrapper; SearchStrategy: all) did not find any beans of type org.springframework.boot.jdbc.XADataSourceWrapper (OnBeanCondition)
      Matched:
         - @ConditionalOnClass found required classes 'javax.sql.DataSource', 'jakarta.transaction.TransactionManager', 'org.springframework.jdbc.datasource.embedded.EmbeddedDatabaseType' (OnClassCondition)


Exclusions:
-----------

    None


Unconditional classes:
----------------------

    org.springframework.boot.autoconfigure.context.ConfigurationPropertiesAutoConfiguration

    org.springframework.boot.autoconfigure.ssl.SslAutoConfiguration

    org.springframework.boot.autoconfigure.context.LifecycleAutoConfiguration

    org.springframework.boot.autoconfigure.context.PropertyPlaceholderAutoConfiguration

    org.springframework.boot.autoconfigure.availability.ApplicationAvailabilityAutoConfiguration

    org.springframework.boot.autoconfigure.info.ProjectInfoAutoConfiguration



2024-04-26T23:07:58.814-04:00  INFO 6876 --- [           main] c.j.p.PublicacionesApplicationTests      : Started PublicacionesApplicationTests in 5.168 seconds (process running for 5.93)
2024-04-26T23:07:58.815-04:00 DEBUG 6876 --- [           main] o.s.b.a.ApplicationAvailabilityBean      : Application availability state LivenessState changed to CORRECT
2024-04-26T23:07:58.816-04:00 DEBUG 6876 --- [           main] o.s.boot.devtools.restart.Restarter      : Creating new Restarter for thread Thread[#1,main,5,main]
2024-04-26T23:07:58.816-04:00 DEBUG 6876 --- [           main] o.s.b.a.ApplicationAvailabilityBean      : Application availability state ReadinessState changed to ACCEPTING_TRAFFIC
2024-04-26T23:07:58.819-04:00 DEBUG 6876 --- [           main] org.springframework.test.context.cache   : Spring test ApplicationContext cache statistics: [DefaultContextCache@7b2f18cd size = 1, maxSize = 32, parentContextCount = 0, hitCount = 0, missCount = 1, failureCount = 0]
2024-04-26T23:07:58.820-04:00 DEBUG 6876 --- [           main] o.s.t.c.w.ServletTestExecutionListener   : Setting up MockHttpServletRequest, MockHttpServletResponse, ServletWebRequest, and RequestContextHolder for test class com.jason.publicaciones.PublicacionesApplicationTests
2024-04-26T23:07:58.830-04:00 DEBUG 6876 --- [           main] DependencyInjectionTestExecutionListener : Performing dependency injection for test class com.jason.publicaciones.PublicacionesApplicationTests
2024-04-26T23:07:58.830-04:00 DEBUG 6876 --- [           main] org.springframework.test.context.cache   : Spring test ApplicationContext cache statistics: [DefaultContextCache@7b2f18cd size = 1, maxSize = 32, parentContextCount = 0, hitCount = 1, missCount = 1, failureCount = 0]
2024-04-26T23:07:58.830-04:00 DEBUG 6876 --- [           main] org.springframework.test.context.cache   : Spring test ApplicationContext cache statistics: [DefaultContextCache@7b2f18cd size = 1, maxSize = 32, parentContextCount = 0, hitCount = 2, missCount = 1, failureCount = 0]
2024-04-26T23:07:58.844-04:00 DEBUG 6876 --- [           main] sContextBeforeModesTestExecutionListener : Before test method: class [PublicacionesApplicationTests], method [contextLoads], class annotated with @DirtiesContext [false] with mode [null], method annotated with @DirtiesContext [false] with mode [null]
2024-04-26T23:07:58.846-04:00 DEBUG 6876 --- [           main] org.springframework.test.context.cache   : Spring test ApplicationContext cache statistics: [DefaultContextCache@7b2f18cd size = 1, maxSize = 32, parentContextCount = 0, hitCount = 3, missCount = 1, failureCount = 0]
2024-04-26T23:07:58.848-04:00 DEBUG 6876 --- [           main] org.springframework.test.context.cache   : Spring test ApplicationContext cache statistics: [DefaultContextCache@7b2f18cd size = 1, maxSize = 32, parentContextCount = 0, hitCount = 4, missCount = 1, failureCount = 0]
2024-04-26T23:07:59.165-04:00 DEBUG 6876 --- [           main] org.springframework.test.context.cache   : Spring test ApplicationContext cache statistics: [DefaultContextCache@7b2f18cd size = 1, maxSize = 32, parentContextCount = 0, hitCount = 5, missCount = 1, failureCount = 0]
2024-04-26T23:07:59.167-04:00 DEBUG 6876 --- [           main] org.springframework.test.context.cache   : Spring test ApplicationContext cache statistics: [DefaultContextCache@7b2f18cd size = 1, maxSize = 32, parentContextCount = 0, hitCount = 6, missCount = 1, failureCount = 0]
2024-04-26T23:07:59.167-04:00 DEBUG 6876 --- [           main] org.springframework.test.context.cache   : Spring test ApplicationContext cache statistics: [DefaultContextCache@7b2f18cd size = 1, maxSize = 32, parentContextCount = 0, hitCount = 7, missCount = 1, failureCount = 0]
2024-04-26T23:07:59.167-04:00 DEBUG 6876 --- [           main] org.springframework.test.context.cache   : Spring test ApplicationContext cache statistics: [DefaultContextCache@7b2f18cd size = 1, maxSize = 32, parentContextCount = 0, hitCount = 8, missCount = 1, failureCount = 0]
2024-04-26T23:07:59.168-04:00 DEBUG 6876 --- [           main] org.springframework.test.context.cache   : Spring test ApplicationContext cache statistics: [DefaultContextCache@7b2f18cd size = 1, maxSize = 32, parentContextCount = 0, hitCount = 9, missCount = 1, failureCount = 0]
2024-04-26T23:07:59.169-04:00 DEBUG 6876 --- [           main] org.springframework.test.context.cache   : Spring test ApplicationContext cache statistics: [DefaultContextCache@7b2f18cd size = 1, maxSize = 32, parentContextCount = 0, hitCount = 10, missCount = 1, failureCount = 0]
2024-04-26T23:07:59.170-04:00 DEBUG 6876 --- [           main] org.springframework.test.context.cache   : Spring test ApplicationContext cache statistics: [DefaultContextCache@7b2f18cd size = 1, maxSize = 32, parentContextCount = 0, hitCount = 11, missCount = 1, failureCount = 0]
2024-04-26T23:07:59.170-04:00 DEBUG 6876 --- [           main] .c.s.DirtiesContextTestExecutionListener : After test method: class [PublicacionesApplicationTests], method [contextLoads], class annotated with @DirtiesContext [false] with mode [null], method annotated with @DirtiesContext [false] with mode [null]
2024-04-26T23:07:59.170-04:00 DEBUG 6876 --- [           main] o.s.t.c.w.ServletTestExecutionListener   : Resetting RequestContextHolder for test class com.jason.publicaciones.PublicacionesApplicationTests
]]></system-out>
    <system-err><![CDATA[WARNING: A Java agent has been loaded dynamically (C:\Users\jason\.m2\repository\net\bytebuddy\byte-buddy-agent\1.14.13\byte-buddy-agent-1.14.13.jar)
WARNING: If a serviceability tool is in use, please run with -XX:+EnableDynamicAgentLoading to hide this warning
WARNING: If a serviceability tool is not in use, please run with -Djdk.instrument.traceUsage for more information
WARNING: Dynamic loading of agents will be disallowed by default in a future release
]]></system-err>
  </testcase>
</testsuite>