<?xml version="1.0" encoding="UTF-8"?>
<testsuite xmlns:xsi="http://www.w3.org/2001/XMLSchema-instance" xsi:noNamespaceSchemaLocation="https://maven.apache.org/surefire/maven-surefire-plugin/xsd/surefire-test-report-3.0.xsd" version="3.0" name="com.jason.publicaciones.repositories.PublicacionRepositoryTest" time="0.714" tests="1" errors="0" skipped="0" failures="0">
  <properties>
[...]
</properties>
  <testcase name="testSavePublicacion" classname="com.jason.publicaciones.repositories.PublicacionRepositoryTest" time="0.14">
    <system-out><![CDATA[2024-04-26T23:07:59.181-04:00 DEBUG 6876 --- [           main] b.t.a.o.j.DataJpaTestContextBootstrapper : Neither @ContextConfiguration nor @ContextHierarchy found for test class [PublicacionRepositoryTest]: using SpringBootContextLoader
2024-04-26T23:07:59.183-04:00 DEBUG 6876 --- [           main] o.s.t.c.support.AbstractContextLoader    : Could not detect default resource locations for test class [com.jason.publicaciones.repositories.PublicacionRepositoryTest]: no resource found for suffixes {-context.xml, Context.groovy}.
2024-04-26T23:07:59.183-04:00  INFO 6876 --- [           main] t.c.s.AnnotationConfigContextLoaderUtils : Could not detect default configuration classes for test class [com.jason.publicaciones.repositories.PublicacionRepositoryTest]: PublicacionRepositoryTest does not declare any static, non-private, non-final, nested classes annotated with @Configuration.
2024-04-26T23:07:59.185-04:00 DEBUG 6876 --- [           main] b.t.a.o.j.DataJpaTestContextBootstrapper : Using ContextCustomizerFactory implementations for test class [PublicacionRepositoryTest]: [ImportsContextCustomizerFactory, ExcludeFilterContextCustomizerFactory, HttpGraphQlTesterContextCustomizerFactory, DuplicateJsonObjectContextCustomizerFactory, MockitoContextCustomizerFactory, TestRestTemplateContextCustomizerFactory, WebTestClientContextCustomizerFactory, OverrideAutoConfigurationContextCustomizerFactory, ObservabilityContextCustomizerFactory, TypeExcludeFiltersContextCustomizerFactory, PropertyMappingContextCustomizerFactory, WebDriverContextCustomizerFactory, MockServerContainerContextCustomizerFactory, DynamicPropertiesContextCustomizerFactory]
2024-04-26T23:07:59.202-04:00 DEBUG 6876 --- [           main] b.t.a.o.j.DataJpaTestContextBootstrapper : Using ContextCustomizers for test class [PublicacionRepositoryTest]: [ImportsContextCustomizer, ExcludeFilterContextCustomizer, DuplicateJsonObjectContextCustomizer, MockitoContextCustomizer, DisableAutoConfigurationContextCustomizer, DisableObservabilityContextCustomizer, TypeExcludeFiltersContextCustomizer, PropertyMappingContextCustomizer, WebDriverContextCustomizer]
2024-04-26T23:07:59.208-04:00 DEBUG 6876 --- [           main] ssPathScanningCandidateComponentProvider : Identified candidate component class: file [C:\Apps\duoc\publicaciones\target\classes\com\jason\publicaciones\PublicacionesApplication.class]
2024-04-26T23:07:59.208-04:00  INFO 6876 --- [           main] .b.t.c.SpringBootTestContextBootstrapper : Found @SpringBootConfiguration com.jason.publicaciones.PublicacionesApplication for test class com.jason.publicaciones.repositories.PublicacionRepositoryTest
2024-04-26T23:07:59.209-04:00 DEBUG 6876 --- [           main] .s.t.c.u.TestContextSpringFactoriesUtils : Skipping candidate TestExecutionListener [org.springframework.test.context.observation.MicrometerObservationRegistryTestExecutionListener] due to a missing dependency. Specify custom TestExecutionListener classes or make the default TestExecutionListener classes and their required dependencies available. Offending class: io.micrometer.context.ThreadLocalAccessor. MicrometerObservationRegistryTestExecutionListener requires io.micrometer:micrometer-observation:1.10.8 or higher and io.micrometer:context-propagation:1.0.3 or higher.
2024-04-26T23:07:59.209-04:00 DEBUG 6876 --- [           main] b.t.a.o.j.DataJpaTestContextBootstrapper : Using TestExecutionListeners for test class [PublicacionRepositoryTest]: [ServletTestExecutionListener, DirtiesContextBeforeModesTestExecutionListener, ApplicationEventsTestExecutionListener, MockitoTestExecutionListener, DependencyInjectionTestExecutionListener, DirtiesContextTestExecutionListener, TransactionalTestExecutionListener, SqlScriptsTestExecutionListener, EventPublishingTestExecutionListener, ResetMocksTestExecutionListener, RestDocsTestExecutionListener, MockRestServiceServerResetTestExecutionListener, MockMvcPrintOnlyOnFailureTestExecutionListener, WebDriverTestExecutionListener, MockWebServiceServerTestExecutionListener]
2024-04-26T23:07:59.209-04:00 DEBUG 6876 --- [           main] sContextBeforeModesTestExecutionListener : Before test class: class [PublicacionRepositoryTest], class annotated with @DirtiesContext [false] with mode [null]
2024-04-26T23:07:59.210-04:00 DEBUG 6876 --- [           main] DependencyInjectionTestExecutionListener : Performing dependency injection for test class com.jason.publicaciones.repositories.PublicacionRepositoryTest
2024-04-26T23:07:59.214-04:00  INFO 6876 --- [           main] o.s.b.d.r.RestartApplicationListener     : Restart disabled due to context in which it is running
2024-04-26T23:07:59.229-04:00 DEBUG 6876 --- [           main] o.s.boot.ApplicationEnvironment          : Activating profiles []

  .   ____          _            __ _ _
 /\\ / ___'_ __ _ _(_)_ __  __ _ \ \ \ \
( ( )\___ | '_ | '_| | '_ \/ _` | \ \ \ \
 \\/  ___)| |_)| | | | | || (_| |  ) ) ) )
  '  |____| .__|_| |_|_| |_\__, | / / / /
 =========|_|==============|___/=/_/_/_/
 :: Spring Boot ::                (v3.2.5)

2024-04-26T23:07:59.236-04:00  INFO 6876 --- [           main] c.j.p.r.PublicacionRepositoryTest        : Starting PublicacionRepositoryTest using Java 21.0.2 with PID 6876 (started by jason in C:\Apps\duoc\publicaciones)
2024-04-26T23:07:59.236-04:00  INFO 6876 --- [           main] c.j.p.r.PublicacionRepositoryTest        : No active profile set, falling back to 1 default profile: "default"
2024-04-26T23:07:59.236-04:00 DEBUG 6876 --- [           main] o.s.boot.SpringApplication               : Loading source class com.jason.publicaciones.PublicacionesApplication
2024-04-26T23:07:59.237-04:00 DEBUG 6876 --- [           main] s.c.a.AnnotationConfigApplicationContext : Refreshing org.springframework.context.annotation.AnnotationConfigApplicationContext@15d844b2
2024-04-26T23:07:59.237-04:00 DEBUG 6876 --- [           main] o.s.b.f.s.DefaultListableBeanFactory     : Creating shared instance of singleton bean 'org.springframework.context.annotation.internalConfigurationAnnotationProcessor'
2024-04-26T23:07:59.237-04:00 DEBUG 6876 --- [           main] o.s.b.f.s.DefaultListableBeanFactory     : Creating shared instance of singleton bean 'org.springframework.boot.autoconfigure.internalCachingMetadataReaderFactory'
2024-04-26T23:07:59.289-04:00  INFO 6876 --- [           main] .s.d.r.c.RepositoryConfigurationDelegate : Bootstrapping Spring Data JPA repositories in DEFAULT mode.
2024-04-26T23:07:59.289-04:00 DEBUG 6876 --- [           main] o.s.b.f.s.DefaultListableBeanFactory     : Creating shared instance of singleton bean 'org.springframework.boot.autoconfigure.AutoConfigurationPackages'
2024-04-26T23:07:59.289-04:00 DEBUG 6876 --- [           main] o.s.b.a.AutoConfigurationPackages        : @EnableAutoConfiguration was declared on a class in the package 'com.jason.publicaciones'. Automatic @Repository and @Entity scanning is enabled.
2024-04-26T23:07:59.289-04:00 DEBUG 6876 --- [           main] .s.d.r.c.RepositoryConfigurationDelegate : Scanning for JPA repositories in packages com.jason.publicaciones.
2024-04-26T23:07:59.292-04:00 DEBUG 6876 --- [           main] o.s.d.r.c.RepositoryComponentProvider    : Identified candidate component class: file [C:\Apps\duoc\publicaciones\target\classes\com\jason\publicaciones\repositories\CalificacionRepository.class]
2024-04-26T23:07:59.292-04:00 DEBUG 6876 --- [           main] o.s.d.r.c.RepositoryComponentProvider    : Identified candidate component class: file [C:\Apps\duoc\publicaciones\target\classes\com\jason\publicaciones\repositories\ComentarioRepository.class]
2024-04-26T23:07:59.292-04:00 DEBUG 6876 --- [           main] o.s.d.r.c.RepositoryComponentProvider    : Identified candidate component class: file [C:\Apps\duoc\publicaciones\target\classes\com\jason\publicaciones\repositories\PublicacionRepository.class]
2024-04-26T23:07:59.296-04:00 DEBUG 6876 --- [           main] ssPathScanningCandidateComponentProvider : Identified candidate component class: file [C:\Apps\duoc\publicaciones\target\classes\com\jason\publicaciones\persistence\impl\CalificacionDAOImpl.class]
2024-04-26T23:07:59.296-04:00 DEBUG 6876 --- [           main] ssPathScanningCandidateComponentProvider : Identified candidate component class: file [C:\Apps\duoc\publicaciones\target\classes\com\jason\publicaciones\persistence\impl\ComentarioDAOImpl.class]
2024-04-26T23:07:59.296-04:00 DEBUG 6876 --- [           main] ssPathScanningCandidateComponentProvider : Identified candidate component class: file [C:\Apps\duoc\publicaciones\target\classes\com\jason\publicaciones\persistence\impl\PublicacionDAOImpl.class]
2024-04-26T23:07:59.296-04:00 DEBUG 6876 --- [           main] ssPathScanningCandidateComponentProvider : Identified candidate component class: file [C:\Apps\duoc\publicaciones\target\classes\com\jason\publicaciones\services\impl\CalificacionServiceImpl.class]
2024-04-26T23:07:59.296-04:00 DEBUG 6876 --- [           main] ssPathScanningCandidateComponentProvider : Identified candidate component class: file [C:\Apps\duoc\publicaciones\target\classes\com\jason\publicaciones\services\impl\ComentarioServiceImpl.class]
2024-04-26T23:07:59.296-04:00 DEBUG 6876 --- [           main] ssPathScanningCandidateComponentProvider : Identified candidate component class: file [C:\Apps\duoc\publicaciones\target\classes\com\jason\publicaciones\services\impl\PublicacionServiceImpl.class]
2024-04-26T23:07:59.299-04:00  INFO 6876 --- [           main] .s.d.r.c.RepositoryConfigurationDelegate : Finished Spring Data repository scanning in 9 ms. Found 3 JPA repository interfaces.
2024-04-26T23:07:59.306-04:00 DEBUG 6876 --- [           main] o.s.b.f.s.DefaultListableBeanFactory     : Creating shared instance of singleton bean 'org.springframework.boot.test.context.ImportsContextCustomizer$ImportsCleanupPostProcessor'
2024-04-26T23:07:59.307-04:00 DEBUG 6876 --- [           main] o.s.b.f.s.DefaultListableBeanFactory     : Creating shared instance of singleton bean 'org.springframework.boot.test.mock.mockito.MockitoPostProcessor'
2024-04-26T23:07:59.308-04:00 DEBUG 6876 --- [           main] o.s.b.f.s.DefaultListableBeanFactory     : Creating shared instance of singleton bean 'emBeanDefinitionRegistrarPostProcessor'
2024-04-26T23:07:59.308-04:00 DEBUG 6876 --- [           main] o.s.b.f.s.DefaultListableBeanFactory     : Creating shared instance of singleton bean 'org.springframework.boot.sql.init.dependency.DatabaseInitializationDependencyConfigurer$DependsOnDatabaseInitializationPostProcessor'
2024-04-26T23:07:59.310-04:00 DEBUG 6876 --- [           main] o.s.b.f.s.DefaultListableBeanFactory     : Creating shared instance of singleton bean 'org.springframework.context.event.internalEventListenerProcessor'
2024-04-26T23:07:59.310-04:00 DEBUG 6876 --- [           main] o.s.b.f.s.DefaultListableBeanFactory     : Creating shared instance of singleton bean 'org.springframework.context.event.internalEventListenerFactory'
2024-04-26T23:07:59.310-04:00 DEBUG 6876 --- [           main] o.s.b.f.s.DefaultListableBeanFactory     : Creating shared instance of singleton bean 'org.springframework.transaction.config.internalTransactionalEventListenerFactory'
2024-04-26T23:07:59.310-04:00 DEBUG 6876 --- [           main] o.s.b.f.s.DefaultListableBeanFactory     : Creating shared instance of singleton bean 'org.springframework.context.annotation.internalAutowiredAnnotationProcessor'
2024-04-26T23:07:59.310-04:00 DEBUG 6876 --- [           main] o.s.b.f.s.DefaultListableBeanFactory     : Creating shared instance of singleton bean 'org.springframework.context.annotation.internalCommonAnnotationProcessor'
2024-04-26T23:07:59.311-04:00 DEBUG 6876 --- [           main] o.s.b.f.s.DefaultListableBeanFactory     : Creating shared instance of singleton bean 'org.springframework.context.annotation.internalPersistenceAnnotationProcessor'
2024-04-26T23:07:59.311-04:00 DEBUG 6876 --- [           main] o.s.b.f.s.DefaultListableBeanFactory     : Creating shared instance of singleton bean 'org.springframework.boot.test.mock.mockito.MockitoPostProcessor$SpyPostProcessor'
2024-04-26T23:07:59.311-04:00 DEBUG 6876 --- [           main] o.s.b.f.s.DefaultListableBeanFactory     : Creating shared instance of singleton bean 'jdbcConnectionDetailsHikariBeanPostProcessor'
2024-04-26T23:07:59.311-04:00 DEBUG 6876 --- [           main] o.s.b.f.s.DefaultListableBeanFactory     : Creating shared instance of singleton bean 'org.springframework.boot.context.properties.ConfigurationPropertiesBindingPostProcessor'
2024-04-26T23:07:59.311-04:00 DEBUG 6876 --- [           main] o.s.b.f.s.DefaultListableBeanFactory     : Creating shared instance of singleton bean 'org.springframework.boot.context.internalConfigurationPropertiesBinder'
2024-04-26T23:07:59.311-04:00 DEBUG 6876 --- [           main] o.s.b.f.s.DefaultListableBeanFactory     : Creating shared instance of singleton bean 'org.springframework.aop.config.internalAutoProxyCreator'
2024-04-26T23:07:59.314-04:00 DEBUG 6876 --- [           main] o.s.b.f.s.DefaultListableBeanFactory     : Creating shared instance of singleton bean 'dataSourceScriptDatabaseInitializer'
2024-04-26T23:07:59.314-04:00 DEBUG 6876 --- [           main] o.s.b.f.s.DefaultListableBeanFactory     : Creating shared instance of singleton bean 'org.springframework.boot.autoconfigure.sql.init.DataSourceInitializationConfiguration'
2024-04-26T23:07:59.314-04:00 DEBUG 6876 --- [           main] o.s.b.f.s.DefaultListableBeanFactory     : Creating shared instance of singleton bean 'org.springframework.transaction.config.internalTransactionAdvisor'
2024-04-26T23:07:59.314-04:00 DEBUG 6876 --- [           main] o.s.b.f.s.DefaultListableBeanFactory     : Creating shared instance of singleton bean 'org.springframework.transaction.annotation.ProxyTransactionManagementConfiguration'
2024-04-26T23:07:59.317-04:00 DEBUG 6876 --- [           main] o.s.b.f.s.DefaultListableBeanFactory     : Creating shared instance of singleton bean 'transactionAttributeSource'
2024-04-26T23:07:59.318-04:00 DEBUG 6876 --- [           main] o.s.b.f.s.DefaultListableBeanFactory     : Creating shared instance of singleton bean 'transactionInterceptor'
2024-04-26T23:07:59.318-04:00 DEBUG 6876 --- [           main] o.s.b.f.s.DefaultListableBeanFactory     : Autowiring by type from bean name 'transactionInterceptor' via factory method to bean named 'transactionAttributeSource'
2024-04-26T23:07:59.319-04:00 DEBUG 6876 --- [           main] o.s.b.f.s.DefaultListableBeanFactory     : Autowiring by type from bean name 'org.springframework.transaction.config.internalTransactionAdvisor' via factory method to bean named 'transactionAttributeSource'
2024-04-26T23:07:59.319-04:00 DEBUG 6876 --- [           main] o.s.b.f.s.DefaultListableBeanFactory     : Autowiring by type from bean name 'org.springframework.transaction.config.internalTransactionAdvisor' via factory method to bean named 'transactionInterceptor'
2024-04-26T23:07:59.320-04:00 DEBUG 6876 --- [           main] o.s.b.f.s.DefaultListableBeanFactory     : Creating shared instance of singleton bean 'dataSource'
2024-04-26T23:07:59.320-04:00 DEBUG 6876 --- [           main] o.s.b.f.s.DefaultListableBeanFactory     : Creating shared instance of singleton bean 'org.springframework.boot.autoconfigure.jdbc.DataSourceConfiguration$Hikari'
2024-04-26T23:07:59.320-04:00 DEBUG 6876 --- [           main] o.s.b.f.s.DefaultListableBeanFactory     : Creating shared instance of singleton bean 'spring.datasource-org.springframework.boot.autoconfigure.jdbc.DataSourceProperties'
2024-04-26T23:07:59.320-04:00 DEBUG 6876 --- [           main] o.s.b.f.s.DefaultListableBeanFactory     : Creating shared instance of singleton bean 'org.springframework.boot.context.properties.BoundConfigurationProperties'
2024-04-26T23:07:59.321-04:00 DEBUG 6876 --- [           main] o.s.b.f.s.DefaultListableBeanFactory     : Creating shared instance of singleton bean 'jdbcConnectionDetails'
2024-04-26T23:07:59.321-04:00 DEBUG 6876 --- [           main] o.s.b.f.s.DefaultListableBeanFactory     : Creating shared instance of singleton bean 'org.springframework.boot.autoconfigure.jdbc.DataSourceAutoConfiguration$PooledDataSourceConfiguration'
2024-04-26T23:07:59.323-04:00 DEBUG 6876 --- [           main] o.s.b.f.s.DefaultListableBeanFactory     : Autowiring by type from bean name 'jdbcConnectionDetails' via factory method to bean named 'spring.datasource-org.springframework.boot.autoconfigure.jdbc.DataSourceProperties'
2024-04-26T23:07:59.323-04:00 DEBUG 6876 --- [           main] o.s.b.f.s.DefaultListableBeanFactory     : Autowiring by type from bean name 'dataSource' via factory method to bean named 'spring.datasource-org.springframework.boot.autoconfigure.jdbc.DataSourceProperties'
2024-04-26T23:07:59.323-04:00 DEBUG 6876 --- [           main] o.s.b.f.s.DefaultListableBeanFactory     : Autowiring by type from bean name 'dataSource' via factory method to bean named 'jdbcConnectionDetails'
2024-04-26T23:07:59.338-04:00 DEBUG 6876 --- [           main] o.s.b.f.s.DefaultListableBeanFactory     : Creating shared instance of singleton bean 'spring.sql.init-org.springframework.boot.autoconfigure.sql.init.SqlInitializationProperties'
2024-04-26T23:07:59.340-04:00 DEBUG 6876 --- [           main] o.s.b.f.s.DefaultListableBeanFactory     : Autowiring by type from bean name 'dataSourceScriptDatabaseInitializer' via factory method to bean named 'dataSource'
2024-04-26T23:07:59.340-04:00 DEBUG 6876 --- [           main] o.s.b.f.s.DefaultListableBeanFactory     : Autowiring by type from bean name 'dataSourceScriptDatabaseInitializer' via factory method to bean named 'spring.sql.init-org.springframework.boot.autoconfigure.sql.init.SqlInitializationProperties'
2024-04-26T23:07:59.340-04:00 DEBUG 6876 --- [           main] o.s.b.f.s.DefaultListableBeanFactory     : Creating shared instance of singleton bean 'entityManagerFactory'
2024-04-26T23:07:59.340-04:00 DEBUG 6876 --- [           main] o.s.b.f.s.DefaultListableBeanFactory     : Creating shared instance of singleton bean 'org.springframework.boot.autoconfigure.orm.jpa.HibernateJpaConfiguration'
2024-04-26T23:07:59.341-04:00 DEBUG 6876 --- [           main] o.s.b.f.s.DefaultListableBeanFactory     : Creating shared instance of singleton bean 'spring.jpa-org.springframework.boot.autoconfigure.orm.jpa.JpaProperties'
2024-04-26T23:07:59.341-04:00 DEBUG 6876 --- [           main] o.s.b.f.s.DefaultListableBeanFactory     : Creating shared instance of singleton bean 'spring.jpa.hibernate-org.springframework.boot.autoconfigure.orm.jpa.HibernateProperties'
2024-04-26T23:07:59.343-04:00 DEBUG 6876 --- [           main] o.s.b.f.s.DefaultListableBeanFactory     : Autowiring by type from bean name 'org.springframework.boot.autoconfigure.orm.jpa.HibernateJpaConfiguration' via constructor to bean named 'dataSource'
2024-04-26T23:07:59.343-04:00 DEBUG 6876 --- [           main] o.s.b.f.s.DefaultListableBeanFactory     : Autowiring by type from bean name 'org.springframework.boot.autoconfigure.orm.jpa.HibernateJpaConfiguration' via constructor to bean named 'spring.jpa-org.springframework.boot.autoconfigure.orm.jpa.JpaProperties'
2024-04-26T23:07:59.343-04:00 DEBUG 6876 --- [           main] o.s.b.f.s.DefaultListableBeanFactory     : Autowiring by type from bean name 'org.springframework.boot.autoconfigure.orm.jpa.HibernateJpaConfiguration' via constructor to bean named 'org.springframework.beans.factory.support.DefaultListableBeanFactory@6818c0a6'
2024-04-26T23:07:59.343-04:00 DEBUG 6876 --- [           main] o.s.b.f.s.DefaultListableBeanFactory     : Autowiring by type from bean name 'org.springframework.boot.autoconfigure.orm.jpa.HibernateJpaConfiguration' via constructor to bean named 'spring.jpa.hibernate-org.springframework.boot.autoconfigure.orm.jpa.HibernateProperties'
2024-04-26T23:07:59.343-04:00 DEBUG 6876 --- [           main] o.s.b.f.s.DefaultListableBeanFactory     : Creating shared instance of singleton bean 'hikariPoolDataSourceMetadataProvider'
2024-04-26T23:07:59.343-04:00 DEBUG 6876 --- [           main] o.s.b.f.s.DefaultListableBeanFactory     : Creating shared instance of singleton bean 'org.springframework.boot.autoconfigure.jdbc.metadata.DataSourcePoolMetadataProvidersConfiguration$HikariPoolDataSourceMetadataProviderConfiguration'
2024-04-26T23:07:59.344-04:00 DEBUG 6876 --- [           main] o.s.b.f.s.DefaultListableBeanFactory     : Creating shared instance of singleton bean 'entityManagerFactoryBuilder'
2024-04-26T23:07:59.344-04:00 DEBUG 6876 --- [           main] o.s.b.f.s.DefaultListableBeanFactory     : Creating shared instance of singleton bean 'jpaVendorAdapter'
2024-04-26T23:07:59.345-04:00 DEBUG 6876 --- [           main] o.s.b.f.s.DefaultListableBeanFactory     : Autowiring by type from bean name 'entityManagerFactoryBuilder' via factory method to bean named 'jpaVendorAdapter'
2024-04-26T23:07:59.345-04:00 DEBUG 6876 --- [           main] o.s.b.f.s.DefaultListableBeanFactory     : Creating shared instance of singleton bean 'persistenceManagedTypes'
2024-04-26T23:07:59.345-04:00 DEBUG 6876 --- [           main] o.s.b.f.s.DefaultListableBeanFactory     : Autowiring by type from bean name 'persistenceManagedTypes' via factory method to bean named 'org.springframework.beans.factory.support.DefaultListableBeanFactory@6818c0a6'
2024-04-26T23:07:59.345-04:00 DEBUG 6876 --- [           main] o.s.b.f.s.DefaultListableBeanFactory     : Autowiring by type from bean name 'persistenceManagedTypes' via factory method to bean named 'org.springframework.context.annotation.AnnotationConfigApplicationContext@15d844b2'
2024-04-26T23:07:59.348-04:00 DEBUG 6876 --- [           main] o.s.b.f.s.DefaultListableBeanFactory     : Autowiring by type from bean name 'entityManagerFactory' via factory method to bean named 'entityManagerFactoryBuilder'
2024-04-26T23:07:59.348-04:00 DEBUG 6876 --- [           main] o.s.b.f.s.DefaultListableBeanFactory     : Autowiring by type from bean name 'entityManagerFactory' via factory method to bean named 'persistenceManagedTypes'
2024-04-26T23:07:59.348-04:00 DEBUG 6876 --- [           main] j.LocalContainerEntityManagerFactoryBean : Building JPA container EntityManagerFactory for persistence unit 'default'
2024-04-26T23:07:59.348-04:00 DEBUG 6876 --- [           main] o.hibernate.jpa.internal.util.LogHelper  : PersistenceUnitInfo [
	name: default
	persistence provider classname: null
	classloader: jdk.internal.loader.ClassLoaders$AppClassLoader@70dea4e
	excludeUnlistedClasses: true
	JTA datasource: null
	Non JTA datasource: HikariDataSource (null)
	Transaction type: RESOURCE_LOCAL
	PU root URL: file:/C:/Apps/duoc/publicaciones/target/test-classes/
	Shared Cache Mode: UNSPECIFIED
	Validation Mode: AUTO
	Jar files URLs []
	Managed classes names [
		com.jason.publicaciones.model.Calificacion
		com.jason.publicaciones.model.Comentario
		com.jason.publicaciones.model.Publicacion]
	Mapping files names []
	Properties []
2024-04-26T23:07:59.348-04:00 DEBUG 6876 --- [           main] o.h.i.internal.IntegratorServiceImpl     : Adding Integrator [org.hibernate.boot.beanvalidation.BeanValidationIntegrator].
2024-04-26T23:07:59.348-04:00 DEBUG 6876 --- [           main] o.h.i.internal.IntegratorServiceImpl     : Adding Integrator [org.hibernate.cache.internal.CollectionCacheInvalidator].
2024-04-26T23:07:59.349-04:00 DEBUG 6876 --- [           main] org.hibernate.orm.idgen.factory          : Registering IdentifierGenerator strategy [uuid2] -> [org.hibernate.id.UUIDGenerator]
2024-04-26T23:07:59.349-04:00 DEBUG 6876 --- [           main] org.hibernate.orm.idgen.factory          : Registering IdentifierGenerator strategy [guid] -> [org.hibernate.id.GUIDGenerator]
2024-04-26T23:07:59.349-04:00 DEBUG 6876 --- [           main] org.hibernate.orm.idgen.factory          : Registering IdentifierGenerator strategy [uuid] -> [org.hibernate.id.UUIDHexGenerator]
2024-04-26T23:07:59.349-04:00 DEBUG 6876 --- [           main] org.hibernate.orm.idgen.factory          : Registering IdentifierGenerator strategy [uuid.hex] -> [org.hibernate.id.UUIDHexGenerator]
2024-04-26T23:07:59.349-04:00 DEBUG 6876 --- [           main] org.hibernate.orm.idgen.factory          : Registering IdentifierGenerator strategy [assigned] -> [org.hibernate.id.Assigned]
2024-04-26T23:07:59.349-04:00 DEBUG 6876 --- [           main] org.hibernate.orm.idgen.factory          : Registering IdentifierGenerator strategy [identity] -> [org.hibernate.id.IdentityGenerator]
2024-04-26T23:07:59.349-04:00 DEBUG 6876 --- [           main] org.hibernate.orm.idgen.factory          : Registering IdentifierGenerator strategy [select] -> [org.hibernate.id.SelectGenerator]
2024-04-26T23:07:59.349-04:00 DEBUG 6876 --- [           main] org.hibernate.orm.idgen.factory          : Registering IdentifierGenerator strategy [sequence] -> [org.hibernate.id.enhanced.SequenceStyleGenerator]
2024-04-26T23:07:59.349-04:00 DEBUG 6876 --- [           main] org.hibernate.orm.idgen.factory          : Registering IdentifierGenerator strategy [increment] -> [org.hibernate.id.IncrementGenerator]
2024-04-26T23:07:59.349-04:00 DEBUG 6876 --- [           main] org.hibernate.orm.idgen.factory          : Registering IdentifierGenerator strategy [foreign] -> [org.hibernate.id.ForeignGenerator]
2024-04-26T23:07:59.349-04:00 DEBUG 6876 --- [           main] org.hibernate.orm.idgen.factory          : Registering IdentifierGenerator strategy [enhanced-sequence] -> [org.hibernate.id.enhanced.SequenceStyleGenerator]
2024-04-26T23:07:59.349-04:00 DEBUG 6876 --- [           main] org.hibernate.orm.idgen.factory          : Registering IdentifierGenerator strategy [enhanced-table] -> [org.hibernate.id.enhanced.TableGenerator]
2024-04-26T23:07:59.349-04:00 DEBUG 6876 --- [           main] o.h.c.internal.RegionFactoryInitiator    : Cannot default RegionFactory based on registered strategies as `[]` RegionFactory strategies were registered
2024-04-26T23:07:59.349-04:00  INFO 6876 --- [           main] o.h.c.internal.RegionFactoryInitiator    : HHH000026: Second-level cache disabled
2024-04-26T23:07:59.350-04:00 DEBUG 6876 --- [           main] org.hibernate.type.BasicTypeRegistry     : Adding type registration boolean -> org.hibernate.type.BasicTypeReference@26da1ba2
2024-04-26T23:07:59.350-04:00 DEBUG 6876 --- [           main] org.hibernate.type.BasicTypeRegistry     : Adding type registration boolean -> org.hibernate.type.BasicTypeReference@26da1ba2
2024-04-26T23:07:59.350-04:00 DEBUG 6876 --- [           main] org.hibernate.type.BasicTypeRegistry     : Adding type registration java.lang.Boolean -> org.hibernate.type.BasicTypeReference@26da1ba2
2024-04-26T23:07:59.350-04:00 DEBUG 6876 --- [           main] org.hibernate.type.BasicTypeRegistry     : Adding type registration numeric_boolean -> org.hibernate.type.BasicTypeReference@3820cfe
2024-04-26T23:07:59.350-04:00 DEBUG 6876 --- [           main] org.hibernate.type.BasicTypeRegistry     : Adding type registration org.hibernate.type.NumericBooleanConverter -> org.hibernate.type.BasicTypeReference@3820cfe
2024-04-26T23:07:59.350-04:00 DEBUG 6876 --- [           main] org.hibernate.type.BasicTypeRegistry     : Adding type registration true_false -> org.hibernate.type.BasicTypeReference@2407a36c
2024-04-26T23:07:59.350-04:00 DEBUG 6876 --- [           main] org.hibernate.type.BasicTypeRegistry     : Adding type registration org.hibernate.type.TrueFalseConverter -> org.hibernate.type.BasicTypeReference@2407a36c
2024-04-26T23:07:59.350-04:00 DEBUG 6876 --- [           main] org.hibernate.type.BasicTypeRegistry     : Adding type registration yes_no -> org.hibernate.type.BasicTypeReference@5ec9eefa
2024-04-26T23:07:59.350-04:00 DEBUG 6876 --- [           main] org.hibernate.type.BasicTypeRegistry     : Adding type registration org.hibernate.type.YesNoConverter -> org.hibernate.type.BasicTypeReference@5ec9eefa
2024-04-26T23:07:59.350-04:00 DEBUG 6876 --- [           main] org.hibernate.type.BasicTypeRegistry     : Adding type registration byte -> org.hibernate.type.BasicTypeReference@28b8f98a
2024-04-26T23:07:59.350-04:00 DEBUG 6876 --- [           main] org.hibernate.type.BasicTypeRegistry     : Adding type registration byte -> org.hibernate.type.BasicTypeReference@28b8f98a
2024-04-26T23:07:59.350-04:00 DEBUG 6876 --- [           main] org.hibernate.type.BasicTypeRegistry     : Adding type registration java.lang.Byte -> org.hibernate.type.BasicTypeReference@28b8f98a
2024-04-26T23:07:59.350-04:00 DEBUG 6876 --- [           main] org.hibernate.type.BasicTypeRegistry     : Adding type registration binary -> org.hibernate.type.BasicTypeReference@3b4ef59f
2024-04-26T23:07:59.350-04:00 DEBUG 6876 --- [           main] org.hibernate.type.BasicTypeRegistry     : Adding type registration byte[] -> org.hibernate.type.BasicTypeReference@3b4ef59f
2024-04-26T23:07:59.350-04:00 DEBUG 6876 --- [           main] org.hibernate.type.BasicTypeRegistry     : Adding type registration [B -> org.hibernate.type.BasicTypeReference@3b4ef59f
2024-04-26T23:07:59.350-04:00 DEBUG 6876 --- [           main] org.hibernate.type.BasicTypeRegistry     : Adding type registration binary_wrapper -> org.hibernate.type.BasicTypeReference@22cb3d59
2024-04-26T23:07:59.350-04:00 DEBUG 6876 --- [           main] org.hibernate.type.BasicTypeRegistry     : Adding type registration wrapper-binary -> org.hibernate.type.BasicTypeReference@22cb3d59
2024-04-26T23:07:59.350-04:00 DEBUG 6876 --- [           main] org.hibernate.type.BasicTypeRegistry     : Adding type registration image -> org.hibernate.type.BasicTypeReference@33e4b9c4
2024-04-26T23:07:59.350-04:00 DEBUG 6876 --- [           main] org.hibernate.type.BasicTypeRegistry     : Adding type registration blob -> org.hibernate.type.BasicTypeReference@5cff729b
2024-04-26T23:07:59.350-04:00 DEBUG 6876 --- [           main] org.hibernate.type.BasicTypeRegistry     : Adding type registration java.sql.Blob -> org.hibernate.type.BasicTypeReference@5cff729b
2024-04-26T23:07:59.350-04:00 DEBUG 6876 --- [           main] org.hibernate.type.BasicTypeRegistry     : Adding type registration materialized_blob -> org.hibernate.type.BasicTypeReference@10d18696
2024-04-26T23:07:59.350-04:00 DEBUG 6876 --- [           main] org.hibernate.type.BasicTypeRegistry     : Adding type registration materialized_blob_wrapper -> org.hibernate.type.BasicTypeReference@6b8b5020
2024-04-26T23:07:59.350-04:00 DEBUG 6876 --- [           main] org.hibernate.type.BasicTypeRegistry     : Adding type registration short -> org.hibernate.type.BasicTypeReference@7d37ee0c
2024-04-26T23:07:59.350-04:00 DEBUG 6876 --- [           main] org.hibernate.type.BasicTypeRegistry     : Adding type registration short -> org.hibernate.type.BasicTypeReference@7d37ee0c
2024-04-26T23:07:59.350-04:00 DEBUG 6876 --- [           main] org.hibernate.type.BasicTypeRegistry     : Adding type registration java.lang.Short -> org.hibernate.type.BasicTypeReference@7d37ee0c
2024-04-26T23:07:59.350-04:00 DEBUG 6876 --- [           main] org.hibernate.type.BasicTypeRegistry     : Adding type registration integer -> org.hibernate.type.BasicTypeReference@5a7b309b
2024-04-26T23:07:59.350-04:00 DEBUG 6876 --- [           main] org.hibernate.type.BasicTypeRegistry     : Adding type registration int -> org.hibernate.type.BasicTypeReference@5a7b309b
2024-04-26T23:07:59.350-04:00 DEBUG 6876 --- [           main] org.hibernate.type.BasicTypeRegistry     : Adding type registration java.lang.Integer -> org.hibernate.type.BasicTypeReference@5a7b309b
2024-04-26T23:07:59.350-04:00 DEBUG 6876 --- [           main] org.hibernate.type.BasicTypeRegistry     : Adding type registration long -> org.hibernate.type.BasicTypeReference@4602f874
2024-04-26T23:07:59.350-04:00 DEBUG 6876 --- [           main] org.hibernate.type.BasicTypeRegistry     : Adding type registration long -> org.hibernate.type.BasicTypeReference@4602f874
2024-04-26T23:07:59.350-04:00 DEBUG 6876 --- [           main] org.hibernate.type.BasicTypeRegistry     : Adding type registration java.lang.Long -> org.hibernate.type.BasicTypeReference@4602f874
2024-04-26T23:07:59.350-04:00 DEBUG 6876 --- [           main] org.hibernate.type.BasicTypeRegistry     : Adding type registration float -> org.hibernate.type.BasicTypeReference@7739aac4
2024-04-26T23:07:59.350-04:00 DEBUG 6876 --- [           main] org.hibernate.type.BasicTypeRegistry     : Adding type registration float -> org.hibernate.type.BasicTypeReference@7739aac4
2024-04-26T23:07:59.350-04:00 DEBUG 6876 --- [           main] org.hibernate.type.BasicTypeRegistry     : Adding type registration java.lang.Float -> org.hibernate.type.BasicTypeReference@7739aac4
2024-04-26T23:07:59.350-04:00 DEBUG 6876 --- [           main] org.hibernate.type.BasicTypeRegistry     : Adding type registration double -> org.hibernate.type.BasicTypeReference@353c6da1
2024-04-26T23:07:59.350-04:00 DEBUG 6876 --- [           main] org.hibernate.type.BasicTypeRegistry     : Adding type registration double -> org.hibernate.type.BasicTypeReference@353c6da1
2024-04-26T23:07:59.350-04:00 DEBUG 6876 --- [           main] org.hibernate.type.BasicTypeRegistry     : Adding type registration java.lang.Double -> org.hibernate.type.BasicTypeReference@353c6da1
2024-04-26T23:07:59.350-04:00 DEBUG 6876 --- [           main] org.hibernate.type.BasicTypeRegistry     : Adding type registration big_integer -> org.hibernate.type.BasicTypeReference@36c07c75
2024-04-26T23:07:59.350-04:00 DEBUG 6876 --- [           main] org.hibernate.type.BasicTypeRegistry     : Adding type registration java.math.BigInteger -> org.hibernate.type.BasicTypeReference@36c07c75
2024-04-26T23:07:59.350-04:00 DEBUG 6876 --- [           main] org.hibernate.type.BasicTypeRegistry     : Adding type registration big_decimal -> org.hibernate.type.BasicTypeReference@6750e381
2024-04-26T23:07:59.350-04:00 DEBUG 6876 --- [           main] org.hibernate.type.BasicTypeRegistry     : Adding type registration java.math.BigDecimal -> org.hibernate.type.BasicTypeReference@6750e381
2024-04-26T23:07:59.350-04:00 DEBUG 6876 --- [           main] org.hibernate.type.BasicTypeRegistry     : Adding type registration character -> org.hibernate.type.BasicTypeReference@5d850a25
2024-04-26T23:07:59.350-04:00 DEBUG 6876 --- [           main] org.hibernate.type.BasicTypeRegistry     : Adding type registration char -> org.hibernate.type.BasicTypeReference@5d850a25
2024-04-26T23:07:59.350-04:00 DEBUG 6876 --- [           main] org.hibernate.type.BasicTypeRegistry     : Adding type registration java.lang.Character -> org.hibernate.type.BasicTypeReference@5d850a25
2024-04-26T23:07:59.350-04:00 DEBUG 6876 --- [           main] org.hibernate.type.BasicTypeRegistry     : Adding type registration character_nchar -> org.hibernate.type.BasicTypeReference@b022551
2024-04-26T23:07:59.350-04:00 DEBUG 6876 --- [           main] org.hibernate.type.BasicTypeRegistry     : Adding type registration string -> org.hibernate.type.BasicTypeReference@3e14d390
2024-04-26T23:07:59.350-04:00 DEBUG 6876 --- [           main] org.hibernate.type.BasicTypeRegistry     : Adding type registration java.lang.String -> org.hibernate.type.BasicTypeReference@3e14d390
2024-04-26T23:07:59.350-04:00 DEBUG 6876 --- [           main] org.hibernate.type.BasicTypeRegistry     : Adding type registration nstring -> org.hibernate.type.BasicTypeReference@5eb87338
2024-04-26T23:07:59.350-04:00 DEBUG 6876 --- [           main] org.hibernate.type.BasicTypeRegistry     : Adding type registration characters -> org.hibernate.type.BasicTypeReference@2b999ee8
2024-04-26T23:07:59.350-04:00 DEBUG 6876 --- [           main] org.hibernate.type.BasicTypeRegistry     : Adding type registration char[] -> org.hibernate.type.BasicTypeReference@2b999ee8
2024-04-26T23:07:59.350-04:00 DEBUG 6876 --- [           main] org.hibernate.type.BasicTypeRegistry     : Adding type registration [C -> org.hibernate.type.BasicTypeReference@2b999ee8
2024-04-26T23:07:59.350-04:00 DEBUG 6876 --- [           main] org.hibernate.type.BasicTypeRegistry     : Adding type registration wrapper-characters -> org.hibernate.type.BasicTypeReference@31ab1e67
2024-04-26T23:07:59.350-04:00 DEBUG 6876 --- [           main] org.hibernate.type.BasicTypeRegistry     : Adding type registration text -> org.hibernate.type.BasicTypeReference@29bbc391
2024-04-26T23:07:59.350-04:00 DEBUG 6876 --- [           main] org.hibernate.type.BasicTypeRegistry     : Adding type registration ntext -> org.hibernate.type.BasicTypeReference@3487442d
2024-04-26T23:07:59.350-04:00 DEBUG 6876 --- [           main] org.hibernate.type.BasicTypeRegistry     : Adding type registration clob -> org.hibernate.type.BasicTypeReference@530ee28b
2024-04-26T23:07:59.350-04:00 DEBUG 6876 --- [           main] org.hibernate.type.BasicTypeRegistry     : Adding type registration java.sql.Clob -> org.hibernate.type.BasicTypeReference@530ee28b
2024-04-26T23:07:59.350-04:00 DEBUG 6876 --- [           main] org.hibernate.type.BasicTypeRegistry     : Adding type registration nclob -> org.hibernate.type.BasicTypeReference@3a3f96ab
2024-04-26T23:07:59.350-04:00 DEBUG 6876 --- [           main] org.hibernate.type.BasicTypeRegistry     : Adding type registration java.sql.NClob -> org.hibernate.type.BasicTypeReference@3a3f96ab
2024-04-26T23:07:59.350-04:00 DEBUG 6876 --- [           main] org.hibernate.type.BasicTypeRegistry     : Adding type registration materialized_clob -> org.hibernate.type.BasicTypeReference@4def7d36
2024-04-26T23:07:59.350-04:00 DEBUG 6876 --- [           main] org.hibernate.type.BasicTypeRegistry     : Adding type registration materialized_clob_char_array -> org.hibernate.type.BasicTypeReference@43c7fe8a
2024-04-26T23:07:59.350-04:00 DEBUG 6876 --- [           main] org.hibernate.type.BasicTypeRegistry     : Adding type registration materialized_clob_character_array -> org.hibernate.type.BasicTypeReference@67f946c3
2024-04-26T23:07:59.350-04:00 DEBUG 6876 --- [           main] org.hibernate.type.BasicTypeRegistry     : Adding type registration materialized_nclob -> org.hibernate.type.BasicTypeReference@21b51e59
2024-04-26T23:07:59.350-04:00 DEBUG 6876 --- [           main] org.hibernate.type.BasicTypeRegistry     : Adding type registration materialized_nclob_character_array -> org.hibernate.type.BasicTypeReference@1785d194
2024-04-26T23:07:59.350-04:00 DEBUG 6876 --- [           main] org.hibernate.type.BasicTypeRegistry     : Adding type registration materialized_nclob_char_array -> org.hibernate.type.BasicTypeReference@6b4a4e40
2024-04-26T23:07:59.350-04:00 DEBUG 6876 --- [           main] org.hibernate.type.BasicTypeRegistry     : Adding type registration Duration -> org.hibernate.type.BasicTypeReference@46a8c2b4
2024-04-26T23:07:59.350-04:00 DEBUG 6876 --- [           main] org.hibernate.type.BasicTypeRegistry     : Adding type registration java.time.Duration -> org.hibernate.type.BasicTypeReference@46a8c2b4
2024-04-26T23:07:59.350-04:00 DEBUG 6876 --- [           main] org.hibernate.type.BasicTypeRegistry     : Adding type registration LocalDateTime -> org.hibernate.type.BasicTypeReference@4f664bee
2024-04-26T23:07:59.350-04:00 DEBUG 6876 --- [           main] org.hibernate.type.BasicTypeRegistry     : Adding type registration java.time.LocalDateTime -> org.hibernate.type.BasicTypeReference@4f664bee
2024-04-26T23:07:59.350-04:00 DEBUG 6876 --- [           main] org.hibernate.type.BasicTypeRegistry     : Adding type registration LocalDate -> org.hibernate.type.BasicTypeReference@76563ae7
2024-04-26T23:07:59.350-04:00 DEBUG 6876 --- [           main] org.hibernate.type.BasicTypeRegistry     : Adding type registration java.time.LocalDate -> org.hibernate.type.BasicTypeReference@76563ae7
2024-04-26T23:07:59.350-04:00 DEBUG 6876 --- [           main] org.hibernate.type.BasicTypeRegistry     : Adding type registration LocalTime -> org.hibernate.type.BasicTypeReference@4fd74223
2024-04-26T23:07:59.350-04:00 DEBUG 6876 --- [           main] org.hibernate.type.BasicTypeRegistry     : Adding type registration java.time.LocalTime -> org.hibernate.type.BasicTypeReference@4fd74223
2024-04-26T23:07:59.350-04:00 DEBUG 6876 --- [           main] org.hibernate.type.BasicTypeRegistry     : Adding type registration OffsetDateTime -> org.hibernate.type.BasicTypeReference@4fea840f
2024-04-26T23:07:59.350-04:00 DEBUG 6876 --- [           main] org.hibernate.type.BasicTypeRegistry     : Adding type registration java.time.OffsetDateTime -> org.hibernate.type.BasicTypeReference@4fea840f
2024-04-26T23:07:59.350-04:00 DEBUG 6876 --- [           main] org.hibernate.type.BasicTypeRegistry     : Adding type registration OffsetDateTimeWithTimezone -> org.hibernate.type.BasicTypeReference@32ae8f27
2024-04-26T23:07:59.350-04:00 DEBUG 6876 --- [           main] org.hibernate.type.BasicTypeRegistry     : Adding type registration OffsetDateTimeWithoutTimezone -> org.hibernate.type.BasicTypeReference@75e80a97
2024-04-26T23:07:59.350-04:00 DEBUG 6876 --- [           main] org.hibernate.type.BasicTypeRegistry     : Adding type registration OffsetTime -> org.hibernate.type.BasicTypeReference@5b8853
2024-04-26T23:07:59.350-04:00 DEBUG 6876 --- [           main] org.hibernate.type.BasicTypeRegistry     : Adding type registration java.time.OffsetTime -> org.hibernate.type.BasicTypeReference@5b8853
2024-04-26T23:07:59.350-04:00 DEBUG 6876 --- [           main] org.hibernate.type.BasicTypeRegistry     : Adding type registration OffsetTimeUtc -> org.hibernate.type.BasicTypeReference@1b8aaeab
2024-04-26T23:07:59.350-04:00 DEBUG 6876 --- [           main] org.hibernate.type.BasicTypeRegistry     : Adding type registration OffsetTimeWithTimezone -> org.hibernate.type.BasicTypeReference@5d1bdd4a
2024-04-26T23:07:59.350-04:00 DEBUG 6876 --- [           main] org.hibernate.type.BasicTypeRegistry     : Adding type registration OffsetTimeWithoutTimezone -> org.hibernate.type.BasicTypeReference@6812c8cc
2024-04-26T23:07:59.350-04:00 DEBUG 6876 --- [           main] org.hibernate.type.BasicTypeRegistry     : Adding type registration ZonedDateTime -> org.hibernate.type.BasicTypeReference@3457cc8d
2024-04-26T23:07:59.350-04:00 DEBUG 6876 --- [           main] org.hibernate.type.BasicTypeRegistry     : Adding type registration java.time.ZonedDateTime -> org.hibernate.type.BasicTypeReference@3457cc8d
2024-04-26T23:07:59.350-04:00 DEBUG 6876 --- [           main] org.hibernate.type.BasicTypeRegistry     : Adding type registration ZonedDateTimeWithTimezone -> org.hibernate.type.BasicTypeReference@7a66c35a
2024-04-26T23:07:59.350-04:00 DEBUG 6876 --- [           main] org.hibernate.type.BasicTypeRegistry     : Adding type registration ZonedDateTimeWithoutTimezone -> org.hibernate.type.BasicTypeReference@7994a0d1
2024-04-26T23:07:59.350-04:00 DEBUG 6876 --- [           main] org.hibernate.type.BasicTypeRegistry     : Adding type registration date -> org.hibernate.type.BasicTypeReference@73e4387
2024-04-26T23:07:59.350-04:00 DEBUG 6876 --- [           main] org.hibernate.type.BasicTypeRegistry     : Adding type registration java.sql.Date -> org.hibernate.type.BasicTypeReference@73e4387
2024-04-26T23:07:59.350-04:00 DEBUG 6876 --- [           main] org.hibernate.type.BasicTypeRegistry     : Adding type registration time -> org.hibernate.type.BasicTypeReference@d87d449
2024-04-26T23:07:59.350-04:00 DEBUG 6876 --- [           main] org.hibernate.type.BasicTypeRegistry     : Adding type registration java.sql.Time -> org.hibernate.type.BasicTypeReference@d87d449
2024-04-26T23:07:59.350-04:00 DEBUG 6876 --- [           main] org.hibernate.type.BasicTypeRegistry     : Adding type registration timestamp -> org.hibernate.type.BasicTypeReference@4137aab0
2024-04-26T23:07:59.350-04:00 DEBUG 6876 --- [           main] org.hibernate.type.BasicTypeRegistry     : Adding type registration java.sql.Timestamp -> org.hibernate.type.BasicTypeReference@4137aab0
2024-04-26T23:07:59.350-04:00 DEBUG 6876 --- [           main] org.hibernate.type.BasicTypeRegistry     : Adding type registration java.util.Date -> org.hibernate.type.BasicTypeReference@4137aab0
2024-04-26T23:07:59.350-04:00 DEBUG 6876 --- [           main] org.hibernate.type.BasicTypeRegistry     : Adding type registration calendar -> org.hibernate.type.BasicTypeReference@1df9186f
2024-04-26T23:07:59.350-04:00 DEBUG 6876 --- [           main] org.hibernate.type.BasicTypeRegistry     : Adding type registration java.util.Calendar -> org.hibernate.type.BasicTypeReference@1df9186f
2024-04-26T23:07:59.350-04:00 DEBUG 6876 --- [           main] org.hibernate.type.BasicTypeRegistry     : Adding type registration java.util.GregorianCalendar -> org.hibernate.type.BasicTypeReference@1df9186f
2024-04-26T23:07:59.350-04:00 DEBUG 6876 --- [           main] org.hibernate.type.BasicTypeRegistry     : Adding type registration calendar_date -> org.hibernate.type.BasicTypeReference@682e422c
2024-04-26T23:07:59.350-04:00 DEBUG 6876 --- [           main] org.hibernate.type.BasicTypeRegistry     : Adding type registration calendar_time -> org.hibernate.type.BasicTypeReference@5bb8e6fc
2024-04-26T23:07:59.350-04:00 DEBUG 6876 --- [           main] org.hibernate.type.BasicTypeRegistry     : Adding type registration instant -> org.hibernate.type.BasicTypeReference@2726a511
2024-04-26T23:07:59.350-04:00 DEBUG 6876 --- [           main] org.hibernate.type.BasicTypeRegistry     : Adding type registration java.time.Instant -> org.hibernate.type.BasicTypeReference@2726a511
2024-04-26T23:07:59.350-04:00 DEBUG 6876 --- [           main] org.hibernate.type.BasicTypeRegistry     : Adding type registration uuid -> org.hibernate.type.BasicTypeReference@72c9ebfa
2024-04-26T23:07:59.350-04:00 DEBUG 6876 --- [           main] org.hibernate.type.BasicTypeRegistry     : Adding type registration java.util.UUID -> org.hibernate.type.BasicTypeReference@72c9ebfa
2024-04-26T23:07:59.350-04:00 DEBUG 6876 --- [           main] org.hibernate.type.BasicTypeRegistry     : Adding type registration pg-uuid -> org.hibernate.type.BasicTypeReference@72c9ebfa
2024-04-26T23:07:59.350-04:00 DEBUG 6876 --- [           main] org.hibernate.type.BasicTypeRegistry     : Adding type registration uuid-binary -> org.hibernate.type.BasicTypeReference@686cf8ad
2024-04-26T23:07:59.350-04:00 DEBUG 6876 --- [           main] org.hibernate.type.BasicTypeRegistry     : Adding type registration uuid-char -> org.hibernate.type.BasicTypeReference@747f6c5a
2024-04-26T23:07:59.350-04:00 DEBUG 6876 --- [           main] org.hibernate.type.BasicTypeRegistry     : Adding type registration class -> org.hibernate.type.BasicTypeReference@66e341e9
2024-04-26T23:07:59.351-04:00 DEBUG 6876 --- [           main] org.hibernate.type.BasicTypeRegistry     : Adding type registration java.lang.Class -> org.hibernate.type.BasicTypeReference@66e341e9
2024-04-26T23:07:59.351-04:00 DEBUG 6876 --- [           main] org.hibernate.type.BasicTypeRegistry     : Adding type registration currency -> org.hibernate.type.BasicTypeReference@5b48f0f4
2024-04-26T23:07:59.351-04:00 DEBUG 6876 --- [           main] org.hibernate.type.BasicTypeRegistry     : Adding type registration Currency -> org.hibernate.type.BasicTypeReference@5b48f0f4
2024-04-26T23:07:59.351-04:00 DEBUG 6876 --- [           main] org.hibernate.type.BasicTypeRegistry     : Adding type registration java.util.Currency -> org.hibernate.type.BasicTypeReference@5b48f0f4
2024-04-26T23:07:59.351-04:00 DEBUG 6876 --- [           main] org.hibernate.type.BasicTypeRegistry     : Adding type registration locale -> org.hibernate.type.BasicTypeReference@5bfc79cb
2024-04-26T23:07:59.351-04:00 DEBUG 6876 --- [           main] org.hibernate.type.BasicTypeRegistry     : Adding type registration java.util.Locale -> org.hibernate.type.BasicTypeReference@5bfc79cb
2024-04-26T23:07:59.351-04:00 DEBUG 6876 --- [           main] org.hibernate.type.BasicTypeRegistry     : Adding type registration serializable -> org.hibernate.type.BasicTypeReference@27ec8754
2024-04-26T23:07:59.351-04:00 DEBUG 6876 --- [           main] org.hibernate.type.BasicTypeRegistry     : Adding type registration java.io.Serializable -> org.hibernate.type.BasicTypeReference@27ec8754
2024-04-26T23:07:59.351-04:00 DEBUG 6876 --- [           main] org.hibernate.type.BasicTypeRegistry     : Adding type registration timezone -> org.hibernate.type.BasicTypeReference@3bbf1c0d
2024-04-26T23:07:59.351-04:00 DEBUG 6876 --- [           main] org.hibernate.type.BasicTypeRegistry     : Adding type registration java.util.TimeZone -> org.hibernate.type.BasicTypeReference@3bbf1c0d
2024-04-26T23:07:59.351-04:00 DEBUG 6876 --- [           main] org.hibernate.type.BasicTypeRegistry     : Adding type registration ZoneOffset -> org.hibernate.type.BasicTypeReference@19662208
2024-04-26T23:07:59.351-04:00 DEBUG 6876 --- [           main] org.hibernate.type.BasicTypeRegistry     : Adding type registration java.time.ZoneOffset -> org.hibernate.type.BasicTypeReference@19662208
2024-04-26T23:07:59.351-04:00 DEBUG 6876 --- [           main] org.hibernate.type.BasicTypeRegistry     : Adding type registration url -> org.hibernate.type.BasicTypeReference@216c22ce
2024-04-26T23:07:59.351-04:00 DEBUG 6876 --- [           main] org.hibernate.type.BasicTypeRegistry     : Adding type registration java.net.URL -> org.hibernate.type.BasicTypeReference@216c22ce
2024-04-26T23:07:59.351-04:00 DEBUG 6876 --- [           main] org.hibernate.type.BasicTypeRegistry     : Adding type registration vector -> org.hibernate.type.BasicTypeReference@62f9c790
2024-04-26T23:07:59.351-04:00 DEBUG 6876 --- [           main] org.hibernate.type.BasicTypeRegistry     : Adding type registration row_version -> org.hibernate.type.BasicTypeReference@21e5f0b6
2024-04-26T23:07:59.351-04:00 DEBUG 6876 --- [           main] org.hibernate.type.BasicTypeRegistry     : Adding type registration object -> org.hibernate.type.JavaObjectType@39c87b42
2024-04-26T23:07:59.351-04:00 DEBUG 6876 --- [           main] org.hibernate.type.BasicTypeRegistry     : Adding type registration java.lang.Object -> org.hibernate.type.JavaObjectType@39c87b42
2024-04-26T23:07:59.351-04:00 DEBUG 6876 --- [           main] org.hibernate.type.BasicTypeRegistry     : Adding type registration null -> org.hibernate.type.NullType@430df350
2024-04-26T23:07:59.351-04:00 DEBUG 6876 --- [           main] org.hibernate.type.BasicTypeRegistry     : Adding type registration imm_date -> org.hibernate.type.BasicTypeReference@5da5bd9e
2024-04-26T23:07:59.351-04:00 DEBUG 6876 --- [           main] org.hibernate.type.BasicTypeRegistry     : Adding type registration imm_time -> org.hibernate.type.BasicTypeReference@165ec33
2024-04-26T23:07:59.351-04:00 DEBUG 6876 --- [           main] org.hibernate.type.BasicTypeRegistry     : Adding type registration imm_timestamp -> org.hibernate.type.BasicTypeReference@3746749
2024-04-26T23:07:59.351-04:00 DEBUG 6876 --- [           main] org.hibernate.type.BasicTypeRegistry     : Adding type registration imm_calendar -> org.hibernate.type.BasicTypeReference@76b17a78
2024-04-26T23:07:59.351-04:00 DEBUG 6876 --- [           main] org.hibernate.type.BasicTypeRegistry     : Adding type registration imm_calendar_date -> org.hibernate.type.BasicTypeReference@608707d
2024-04-26T23:07:59.351-04:00 DEBUG 6876 --- [           main] org.hibernate.type.BasicTypeRegistry     : Adding type registration imm_calendar_time -> org.hibernate.type.BasicTypeReference@28a210fb
2024-04-26T23:07:59.351-04:00 DEBUG 6876 --- [           main] org.hibernate.type.BasicTypeRegistry     : Adding type registration imm_binary -> org.hibernate.type.BasicTypeReference@8cc7489
2024-04-26T23:07:59.351-04:00 DEBUG 6876 --- [           main] org.hibernate.type.BasicTypeRegistry     : Adding type registration imm_serializable -> org.hibernate.type.BasicTypeReference@7553ad52
2024-04-26T23:07:59.351-04:00 DEBUG 6876 --- [           main] o.h.boot.internal.BootstrapContextImpl   : Injecting JPA temp ClassLoader [org.springframework.instrument.classloading.SimpleThrowawayClassLoader@8004b2d] into BootstrapContext; was [null]
2024-04-26T23:07:59.351-04:00 DEBUG 6876 --- [           main] o.h.boot.internal.ClassLoaderAccessImpl  : ClassLoaderAccessImpl#injectTempClassLoader(org.springframework.instrument.classloading.SimpleThrowawayClassLoader@8004b2d) [was null]
2024-04-26T23:07:59.351-04:00 DEBUG 6876 --- [           main] o.h.boot.internal.BootstrapContextImpl   : Injecting ScanEnvironment [org.hibernate.jpa.boot.internal.StandardJpaScanEnvironmentImpl@63031e98] into BootstrapContext; was [null]
2024-04-26T23:07:59.351-04:00 DEBUG 6876 --- [           main] o.h.boot.internal.BootstrapContextImpl   : Injecting ScanOptions [org.hibernate.boot.archive.scan.internal.StandardScanOptions@b521697] into BootstrapContext; was [org.hibernate.boot.archive.scan.internal.StandardScanOptions@569242a8]
2024-04-26T23:07:59.353-04:00  INFO 6876 --- [           main] o.s.o.j.p.SpringPersistenceUnitInfo      : No LoadTimeWeaver setup: ignoring JPA class transformer
2024-04-26T23:07:59.353-04:00 DEBUG 6876 --- [           main] o.h.boot.internal.BootstrapContextImpl   : Injecting JPA temp ClassLoader [null] into BootstrapContext; was [org.springframework.instrument.classloading.SimpleThrowawayClassLoader@8004b2d]
2024-04-26T23:07:59.353-04:00 DEBUG 6876 --- [           main] o.h.boot.internal.ClassLoaderAccessImpl  : ClassLoaderAccessImpl#injectTempClassLoader(null) [was org.springframework.instrument.classloading.SimpleThrowawayClassLoader@8004b2d]
2024-04-26T23:07:59.354-04:00  INFO 6876 --- [           main] com.zaxxer.hikari.HikariDataSource       : HikariPool-2 - Starting...
2024-04-26T23:07:59.354-04:00  WARN 6876 --- [           main] c.zaxxer.hikari.util.DriverDataSource    : Registered driver with driverClassName=oracle.jdbc.driver.OracleDriver was not found, trying direct instantiation.
2024-04-26T23:07:59.620-04:00  INFO 6876 --- [           main] com.zaxxer.hikari.pool.HikariPool        : HikariPool-2 - Added connection oracle.jdbc.driver.T4CConnection@6a2cd5ea
2024-04-26T23:07:59.620-04:00  INFO 6876 --- [           main] com.zaxxer.hikari.HikariDataSource       : HikariPool-2 - Start completed.
2024-04-26T23:07:59.620-04:00 DEBUG 6876 --- [           main] o.h.e.j.e.i.JdbcEnvironmentInitiator     : Database ->
       name : Oracle
    version : Oracle Database 19c Enterprise Edition Release 19.0.0.0.0 - Production
Version 19.23.0.1.0
      major : 19
      minor : 0
2024-04-26T23:07:59.620-04:00 DEBUG 6876 --- [           main] o.h.e.j.e.i.JdbcEnvironmentInitiator     : Driver ->
       name : Oracle JDBC driver
    version : 21.9.0.0.0
      major : 21
      minor : 9
2024-04-26T23:07:59.620-04:00 DEBUG 6876 --- [           main] o.h.e.j.e.i.JdbcEnvironmentInitiator     : JDBC version : 4.3
2024-04-26T23:07:59.627-04:00  WARN 6876 --- [           main] org.hibernate.orm.deprecation            : HHH90000025: OracleDialect does not need to be specified explicitly using 'hibernate.dialect' (remove the property setting and it will be selected by default)
2024-04-26T23:07:59.627-04:00 DEBUG 6876 --- [           main] org.hibernate.orm.dialect                : HHH035001: Using dialect: org.hibernate.dialect.OracleDialect, version: 19.0
2024-04-26T23:07:59.640-04:00 DEBUG 6876 --- [           main] o.h.t.d.jdbc.spi.JdbcTypeRegistry        : addDescriptor(NCharTypeDescriptor) replaced previous registration(CharTypeDescriptor)
2024-04-26T23:07:59.640-04:00 DEBUG 6876 --- [           main] o.h.t.d.jdbc.spi.JdbcTypeRegistry        : addDescriptor(NVarcharTypeDescriptor) replaced previous registration(VarcharTypeDescriptor)
2024-04-26T23:07:59.640-04:00 DEBUG 6876 --- [           main] o.h.t.d.jdbc.spi.JdbcTypeRegistry        : addDescriptor(LongNVarcharTypeDescriptor) replaced previous registration(LongVarcharTypeDescriptor)
2024-04-26T23:07:59.640-04:00 DEBUG 6876 --- [           main] o.h.t.d.jdbc.spi.JdbcTypeRegistry        : addDescriptor(NClobTypeDescriptor(DEFAULT)) replaced previous registration(ClobTypeDescriptor(DEFAULT))
2024-04-26T23:07:59.640-04:00 DEBUG 6876 --- [           main] o.h.t.d.jdbc.spi.JdbcTypeRegistry        : addDescriptor(2005, ClobTypeDescriptor(STREAM_BINDING)) replaced previous registration(ClobTypeDescriptor(DEFAULT))
2024-04-26T23:07:59.640-04:00 DEBUG 6876 --- [           main] o.h.t.d.jdbc.spi.JdbcTypeRegistry        : addDescriptor(BooleanTypeDescriptor) replaced previous registration(BooleanTypeDescriptor)
2024-04-26T23:07:59.640-04:00 DEBUG 6876 --- [           main] org.hibernate.type.BasicTypeRegistry     : Adding type registration null -> org.hibernate.type.NullType@77f21c0a
2024-04-26T23:07:59.640-04:00 DEBUG 6876 --- [           main] org.hibernate.type.BasicTypeRegistry     : Type registration key [null] overrode previous entry : `org.hibernate.type.NullType@430df350`
2024-04-26T23:07:59.640-04:00 DEBUG 6876 --- [           main] org.hibernate.type.BasicTypeRegistry     : Adding type registration JAVA_OBJECT -> org.hibernate.type.JavaObjectType@10a199e0
2024-04-26T23:07:59.640-04:00 DEBUG 6876 --- [           main] org.hibernate.type.BasicTypeRegistry     : Adding type registration java.lang.Object -> org.hibernate.type.JavaObjectType@10a199e0
2024-04-26T23:07:59.640-04:00 DEBUG 6876 --- [           main] org.hibernate.type.BasicTypeRegistry     : Type registration key [java.lang.Object] overrode previous entry : `org.hibernate.type.JavaObjectType@39c87b42`
2024-04-26T23:07:59.640-04:00 DEBUG 6876 --- [           main] org.hibernate.type.BasicTypeRegistry     : Adding type registration org.hibernate.type.DurationType -> basicType@22(java.time.Duration,3015)
2024-04-26T23:07:59.640-04:00 DEBUG 6876 --- [           main] org.hibernate.type.BasicTypeRegistry     : Adding type registration Duration -> basicType@22(java.time.Duration,3015)
2024-04-26T23:07:59.640-04:00 DEBUG 6876 --- [           main] org.hibernate.type.BasicTypeRegistry     : Adding type registration java.time.Duration -> basicType@22(java.time.Duration,3015)
2024-04-26T23:07:59.640-04:00 DEBUG 6876 --- [           main] o.h.type.spi.TypeConfiguration$Scope     : Scoping TypeConfiguration [org.hibernate.type.spi.TypeConfiguration@4ca62855] to MetadataBuildingContext [org.hibernate.boot.internal.MetadataBuildingContextRootImpl@70a7ebc9]
2024-04-26T23:07:59.641-04:00 DEBUG 6876 --- [           main] o.h.boot.model.relational.Namespace      : Created database namespace [logicalName=Name{catalog=null, schema=null}, physicalName=Name{catalog=null, schema=null}]
2024-04-26T23:07:59.641-04:00 DEBUG 6876 --- [           main] o.h.boot.model.internal.EntityBinder     : Binding entity from annotated class: com.jason.publicaciones.model.Calificacion
2024-04-26T23:07:59.641-04:00 DEBUG 6876 --- [           main] o.h.boot.model.internal.EntityBinder     : Import with entity name Calificacion
2024-04-26T23:07:59.641-04:00 DEBUG 6876 --- [           main] o.h.boot.model.internal.EntityBinder     : Bind entity com.jason.publicaciones.model.Calificacion on table calificaciones
2024-04-26T23:07:59.642-04:00 DEBUG 6876 --- [           main] o.h.boot.model.internal.AnnotatedColumn  : Binding column: AnnotatedDiscriminatorColumn(column='DTYPE')
2024-04-26T23:07:59.642-04:00 DEBUG 6876 --- [           main] o.h.boot.model.internal.AnnotatedColumn  : Binding column: AnnotatedColumn()
2024-04-26T23:07:59.642-04:00 DEBUG 6876 --- [           main] o.h.boot.internal.ClassLoaderAccessImpl  : Not known whether passed class name [com.jason.publicaciones.model.Calificacion] is safe
2024-04-26T23:07:59.642-04:00 DEBUG 6876 --- [           main] o.h.boot.internal.ClassLoaderAccessImpl  : No temp ClassLoader provided; using live ClassLoader for loading potentially unsafe class : com.jason.publicaciones.model.Calificacion
2024-04-26T23:07:59.642-04:00 DEBUG 6876 --- [           main] o.h.boot.model.internal.PropertyBinder   : MetadataSourceProcessor property id with lazy=false
2024-04-26T23:07:59.642-04:00 DEBUG 6876 --- [           main] o.h.b.m.internal.AbstractPropertyHolder  : Attempting to locate auto-apply AttributeConverter for property [com.jason.publicaciones.model.Calificacion:id]
2024-04-26T23:07:59.642-04:00 DEBUG 6876 --- [           main] o.h.b.model.internal.BasicValueBinder    : building BasicValue for id
2024-04-26T23:07:59.642-04:00 DEBUG 6876 --- [           main] org.hibernate.mapping.BasicValue         : Skipping column re-registration: calificaciones.id
2024-04-26T23:07:59.642-04:00 DEBUG 6876 --- [           main] o.h.boot.model.internal.PropertyBinder   : Building property id
2024-04-26T23:07:59.642-04:00 DEBUG 6876 --- [           main] o.h.boot.model.internal.BinderHelper     : #makeIdGenerator(BasicValue([Column(id)]), id, identity, , ...)
2024-04-26T23:07:59.643-04:00 DEBUG 6876 --- [           main] o.h.boot.model.internal.AnnotatedColumn  : Binding column: AnnotatedJoinColumn(column='publicacion_id')
2024-04-26T23:07:59.643-04:00 DEBUG 6876 --- [           main] o.h.boot.model.internal.AnnotatedColumn  : Binding column: AnnotatedColumn()
2024-04-26T23:07:59.643-04:00 DEBUG 6876 --- [           main] o.h.boot.model.internal.PropertyBinder   : Building property publicacion
2024-04-26T23:07:59.643-04:00 DEBUG 6876 --- [           main] o.h.boot.model.internal.AnnotatedColumn  : Binding column: AnnotatedColumn()
2024-04-26T23:07:59.643-04:00 DEBUG 6876 --- [           main] o.h.boot.model.internal.PropertyBinder   : MetadataSourceProcessor property valor with lazy=false
2024-04-26T23:07:59.643-04:00 DEBUG 6876 --- [           main] o.h.b.m.internal.AbstractPropertyHolder  : Attempting to locate auto-apply AttributeConverter for property [com.jason.publicaciones.model.Calificacion:valor]
2024-04-26T23:07:59.643-04:00 DEBUG 6876 --- [           main] o.h.b.model.internal.BasicValueBinder    : building BasicValue for valor
2024-04-26T23:07:59.643-04:00 DEBUG 6876 --- [           main] org.hibernate.mapping.BasicValue         : Skipping column re-registration: calificaciones.valor
2024-04-26T23:07:59.643-04:00 DEBUG 6876 --- [           main] o.h.boot.model.internal.PropertyBinder   : Building property valor
2024-04-26T23:07:59.643-04:00 DEBUG 6876 --- [           main] o.h.b.r.c.i.ClassLoaderServiceImpl       : HHH000194: Package not found or wo package-info.java: com.jason.publicaciones.model
2024-04-26T23:07:59.644-04:00 DEBUG 6876 --- [           main] o.h.boot.model.internal.EntityBinder     : Binding entity from annotated class: com.jason.publicaciones.model.Comentario
2024-04-26T23:07:59.644-04:00 DEBUG 6876 --- [           main] o.h.boot.model.internal.EntityBinder     : Import with entity name Comentario
2024-04-26T23:07:59.644-04:00 DEBUG 6876 --- [           main] o.h.boot.model.internal.EntityBinder     : Bind entity com.jason.publicaciones.model.Comentario on table comentarios
2024-04-26T23:07:59.644-04:00 DEBUG 6876 --- [           main] o.h.boot.model.internal.AnnotatedColumn  : Binding column: AnnotatedDiscriminatorColumn(column='DTYPE')
2024-04-26T23:07:59.645-04:00 DEBUG 6876 --- [           main] o.h.boot.model.internal.AnnotatedColumn  : Binding column: AnnotatedColumn()
2024-04-26T23:07:59.645-04:00 DEBUG 6876 --- [           main] o.h.boot.internal.ClassLoaderAccessImpl  : Not known whether passed class name [com.jason.publicaciones.model.Comentario] is safe
2024-04-26T23:07:59.645-04:00 DEBUG 6876 --- [           main] o.h.boot.internal.ClassLoaderAccessImpl  : No temp ClassLoader provided; using live ClassLoader for loading potentially unsafe class : com.jason.publicaciones.model.Comentario
2024-04-26T23:07:59.645-04:00 DEBUG 6876 --- [           main] o.h.boot.model.internal.PropertyBinder   : MetadataSourceProcessor property id with lazy=false
2024-04-26T23:07:59.645-04:00 DEBUG 6876 --- [           main] o.h.b.m.internal.AbstractPropertyHolder  : Attempting to locate auto-apply AttributeConverter for property [com.jason.publicaciones.model.Comentario:id]
2024-04-26T23:07:59.645-04:00 DEBUG 6876 --- [           main] o.h.b.model.internal.BasicValueBinder    : building BasicValue for id
2024-04-26T23:07:59.645-04:00 DEBUG 6876 --- [           main] org.hibernate.mapping.BasicValue         : Skipping column re-registration: comentarios.id
2024-04-26T23:07:59.645-04:00 DEBUG 6876 --- [           main] o.h.boot.model.internal.PropertyBinder   : Building property id
2024-04-26T23:07:59.645-04:00 DEBUG 6876 --- [           main] o.h.boot.model.internal.BinderHelper     : #makeIdGenerator(BasicValue([Column(id)]), id, identity, , ...)
2024-04-26T23:07:59.645-04:00 DEBUG 6876 --- [           main] o.h.boot.model.internal.AnnotatedColumn  : Binding column: AnnotatedJoinColumn(column='publicacion_id')
2024-04-26T23:07:59.645-04:00 DEBUG 6876 --- [           main] o.h.boot.model.internal.AnnotatedColumn  : Binding column: AnnotatedColumn()
2024-04-26T23:07:59.645-04:00 DEBUG 6876 --- [           main] o.h.boot.model.internal.PropertyBinder   : Building property publicacion
2024-04-26T23:07:59.645-04:00 DEBUG 6876 --- [           main] o.h.boot.model.internal.AnnotatedColumn  : Binding column: AnnotatedColumn()
2024-04-26T23:07:59.645-04:00 DEBUG 6876 --- [           main] o.h.boot.model.internal.PropertyBinder   : MetadataSourceProcessor property texto with lazy=false
2024-04-26T23:07:59.645-04:00 DEBUG 6876 --- [           main] o.h.b.m.internal.AbstractPropertyHolder  : Attempting to locate auto-apply AttributeConverter for property [com.jason.publicaciones.model.Comentario:texto]
2024-04-26T23:07:59.645-04:00 DEBUG 6876 --- [           main] o.h.b.model.internal.BasicValueBinder    : building BasicValue for texto
2024-04-26T23:07:59.645-04:00 DEBUG 6876 --- [           main] org.hibernate.mapping.BasicValue         : Skipping column re-registration: comentarios.texto
2024-04-26T23:07:59.645-04:00 DEBUG 6876 --- [           main] o.h.boot.model.internal.PropertyBinder   : Building property texto
2024-04-26T23:07:59.646-04:00 DEBUG 6876 --- [           main] o.h.b.r.c.i.ClassLoaderServiceImpl       : HHH000194: Package not found or wo package-info.java: com.jason.publicaciones.model
2024-04-26T23:07:59.646-04:00 DEBUG 6876 --- [           main] o.h.boot.model.internal.EntityBinder     : Binding entity from annotated class: com.jason.publicaciones.model.Publicacion
2024-04-26T23:07:59.647-04:00 DEBUG 6876 --- [           main] o.h.boot.model.internal.EntityBinder     : Import with entity name Publicacion
2024-04-26T23:07:59.647-04:00 DEBUG 6876 --- [           main] o.h.boot.model.internal.EntityBinder     : Bind entity com.jason.publicaciones.model.Publicacion on table publicaciones
2024-04-26T23:07:59.647-04:00 DEBUG 6876 --- [           main] o.h.boot.model.internal.AnnotatedColumn  : Binding column: AnnotatedDiscriminatorColumn(column='DTYPE')
2024-04-26T23:07:59.648-04:00 DEBUG 6876 --- [           main] o.h.boot.model.internal.AnnotatedColumn  : Binding column: AnnotatedColumn()
2024-04-26T23:07:59.648-04:00 DEBUG 6876 --- [           main] o.h.boot.internal.ClassLoaderAccessImpl  : Not known whether passed class name [com.jason.publicaciones.model.Publicacion] is safe
2024-04-26T23:07:59.648-04:00 DEBUG 6876 --- [           main] o.h.boot.internal.ClassLoaderAccessImpl  : No temp ClassLoader provided; using live ClassLoader for loading potentially unsafe class : com.jason.publicaciones.model.Publicacion
2024-04-26T23:07:59.648-04:00 DEBUG 6876 --- [           main] o.h.boot.model.internal.PropertyBinder   : MetadataSourceProcessor property id with lazy=false
2024-04-26T23:07:59.648-04:00 DEBUG 6876 --- [           main] o.h.b.m.internal.AbstractPropertyHolder  : Attempting to locate auto-apply AttributeConverter for property [com.jason.publicaciones.model.Publicacion:id]
2024-04-26T23:07:59.648-04:00 DEBUG 6876 --- [           main] o.h.b.model.internal.BasicValueBinder    : building BasicValue for id
2024-04-26T23:07:59.648-04:00 DEBUG 6876 --- [           main] org.hibernate.mapping.BasicValue         : Skipping column re-registration: publicaciones.id
2024-04-26T23:07:59.648-04:00 DEBUG 6876 --- [           main] o.h.boot.model.internal.PropertyBinder   : Building property id
2024-04-26T23:07:59.648-04:00 DEBUG 6876 --- [           main] o.h.boot.model.internal.BinderHelper     : #makeIdGenerator(BasicValue([Column(id)]), id, identity, , ...)
2024-04-26T23:07:59.648-04:00 DEBUG 6876 --- [           main] o.h.boot.model.internal.AnnotatedColumn  : Binding column: AnnotatedJoinColumn()
2024-04-26T23:07:59.648-04:00 DEBUG 6876 --- [           main] o.h.boot.model.internal.AnnotatedColumn  : Binding column: AnnotatedColumn()
2024-04-26T23:07:59.648-04:00 DEBUG 6876 --- [           main] o.h.boot.model.internal.AnnotatedColumn  : Binding column: IndexColumn(column='calificacionList_ORDER')
2024-04-26T23:07:59.648-04:00 DEBUG 6876 --- [           main] o.h.boot.model.internal.AnnotatedColumn  : Binding column: AnnotatedColumn()
2024-04-26T23:07:59.648-04:00 DEBUG 6876 --- [           main] o.h.boot.model.internal.AnnotatedColumn  : Binding column: AnnotatedColumn(column='calificacionList_KEY')
2024-04-26T23:07:59.648-04:00 DEBUG 6876 --- [           main] o.h.boot.model.internal.AnnotatedColumn  : Binding column: AnnotatedJoinColumn(column='calificacionList_KEY')
2024-04-26T23:07:59.648-04:00 DEBUG 6876 --- [           main] o.h.boot.model.internal.AnnotatedColumn  : Binding column: AnnotatedJoinColumn()
2024-04-26T23:07:59.650-04:00 DEBUG 6876 --- [           main] o.h.boot.model.internal.AnnotatedColumn  : Binding column: AnnotatedJoinColumn()
2024-04-26T23:07:59.650-04:00 DEBUG 6876 --- [           main] o.h.b.model.internal.CollectionBinder    : Collection role: com.jason.publicaciones.model.Publicacion.calificacionList
2024-04-26T23:07:59.650-04:00 DEBUG 6876 --- [           main] o.h.boot.model.internal.PropertyBinder   : Building property calificacionList
2024-04-26T23:07:59.650-04:00 DEBUG 6876 --- [           main] o.h.boot.model.internal.AnnotatedColumn  : Binding column: AnnotatedJoinColumn()
2024-04-26T23:07:59.650-04:00 DEBUG 6876 --- [           main] o.h.boot.model.internal.AnnotatedColumn  : Binding column: AnnotatedColumn()
2024-04-26T23:07:59.650-04:00 DEBUG 6876 --- [           main] o.h.boot.model.internal.AnnotatedColumn  : Binding column: IndexColumn(column='comentarioList_ORDER')
2024-04-26T23:07:59.650-04:00 DEBUG 6876 --- [           main] o.h.boot.model.internal.AnnotatedColumn  : Binding column: AnnotatedColumn()
2024-04-26T23:07:59.650-04:00 DEBUG 6876 --- [           main] o.h.boot.model.internal.AnnotatedColumn  : Binding column: AnnotatedColumn(column='comentarioList_KEY')
2024-04-26T23:07:59.650-04:00 DEBUG 6876 --- [           main] o.h.boot.model.internal.AnnotatedColumn  : Binding column: AnnotatedJoinColumn(column='comentarioList_KEY')
2024-04-26T23:07:59.650-04:00 DEBUG 6876 --- [           main] o.h.boot.model.internal.AnnotatedColumn  : Binding column: AnnotatedJoinColumn()
2024-04-26T23:07:59.650-04:00 DEBUG 6876 --- [           main] o.h.boot.model.internal.AnnotatedColumn  : Binding column: AnnotatedJoinColumn()
2024-04-26T23:07:59.650-04:00 DEBUG 6876 --- [           main] o.h.b.model.internal.CollectionBinder    : Collection role: com.jason.publicaciones.model.Publicacion.comentarioList
2024-04-26T23:07:59.650-04:00 DEBUG 6876 --- [           main] o.h.boot.model.internal.PropertyBinder   : Building property comentarioList
2024-04-26T23:07:59.650-04:00 DEBUG 6876 --- [           main] o.h.boot.model.internal.AnnotatedColumn  : Binding column: AnnotatedColumn()
2024-04-26T23:07:59.650-04:00 DEBUG 6876 --- [           main] o.h.boot.model.internal.PropertyBinder   : MetadataSourceProcessor property contenido with lazy=false
2024-04-26T23:07:59.650-04:00 DEBUG 6876 --- [           main] o.h.b.m.internal.AbstractPropertyHolder  : Attempting to locate auto-apply AttributeConverter for property [com.jason.publicaciones.model.Publicacion:contenido]
2024-04-26T23:07:59.651-04:00 DEBUG 6876 --- [           main] o.h.b.model.internal.BasicValueBinder    : building BasicValue for contenido
2024-04-26T23:07:59.651-04:00 DEBUG 6876 --- [           main] org.hibernate.mapping.BasicValue         : Skipping column re-registration: publicaciones.contenido
2024-04-26T23:07:59.651-04:00 DEBUG 6876 --- [           main] o.h.boot.model.internal.PropertyBinder   : Building property contenido
2024-04-26T23:07:59.651-04:00 DEBUG 6876 --- [           main] o.h.boot.model.internal.AnnotatedColumn  : Binding column: AnnotatedColumn()
2024-04-26T23:07:59.651-04:00 DEBUG 6876 --- [           main] o.h.boot.model.internal.PropertyBinder   : MetadataSourceProcessor property titulo with lazy=false
2024-04-26T23:07:59.651-04:00 DEBUG 6876 --- [           main] o.h.b.m.internal.AbstractPropertyHolder  : Attempting to locate auto-apply AttributeConverter for property [com.jason.publicaciones.model.Publicacion:titulo]
2024-04-26T23:07:59.651-04:00 DEBUG 6876 --- [           main] o.h.b.model.internal.BasicValueBinder    : building BasicValue for titulo
2024-04-26T23:07:59.651-04:00 DEBUG 6876 --- [           main] org.hibernate.mapping.BasicValue         : Skipping column re-registration: publicaciones.titulo
2024-04-26T23:07:59.651-04:00 DEBUG 6876 --- [           main] o.h.boot.model.internal.PropertyBinder   : Building property titulo
2024-04-26T23:07:59.651-04:00 DEBUG 6876 --- [           main] o.h.b.r.c.i.ClassLoaderServiceImpl       : HHH000194: Package not found or wo package-info.java: com.jason.publicaciones.model
2024-04-26T23:07:59.651-04:00 DEBUG 6876 --- [           main] o.h.b.model.internal.BasicValueBinder    : Starting `BasicValueBinder#fillSimpleValue` for id
2024-04-26T23:07:59.651-04:00 DEBUG 6876 --- [           main] o.h.b.model.internal.BasicValueBinder    : Starting `BasicValueBinder#fillSimpleValue` for valor
2024-04-26T23:07:59.651-04:00 DEBUG 6876 --- [           main] o.h.b.model.internal.BasicValueBinder    : Starting `BasicValueBinder#fillSimpleValue` for id
2024-04-26T23:07:59.652-04:00 DEBUG 6876 --- [           main] o.h.b.model.internal.BasicValueBinder    : Starting `BasicValueBinder#fillSimpleValue` for texto
2024-04-26T23:07:59.652-04:00 DEBUG 6876 --- [           main] o.h.b.model.internal.BasicValueBinder    : Starting `BasicValueBinder#fillSimpleValue` for id
2024-04-26T23:07:59.652-04:00 DEBUG 6876 --- [           main] o.h.b.model.internal.BasicValueBinder    : Starting `BasicValueBinder#fillSimpleValue` for contenido
2024-04-26T23:07:59.652-04:00 DEBUG 6876 --- [           main] o.h.b.model.internal.BasicValueBinder    : Starting `BasicValueBinder#fillSimpleValue` for titulo
2024-04-26T23:07:59.652-04:00 DEBUG 6876 --- [           main] org.hibernate.mapping.PrimaryKey         : Forcing column [id] to be non-null as it is part of the primary key for table [calificaciones]
2024-04-26T23:07:59.652-04:00 DEBUG 6876 --- [           main] org.hibernate.mapping.PrimaryKey         : Forcing column [id] to be non-null as it is part of the primary key for table [comentarios]
2024-04-26T23:07:59.652-04:00 DEBUG 6876 --- [           main] org.hibernate.mapping.PrimaryKey         : Forcing column [id] to be non-null as it is part of the primary key for table [publicaciones]
2024-04-26T23:07:59.652-04:00 DEBUG 6876 --- [           main] o.h.b.m.internal.CollectionSecondPass    : Second pass for collection: com.jason.publicaciones.model.Publicacion.calificacionList
2024-04-26T23:07:59.652-04:00 DEBUG 6876 --- [           main] o.h.b.model.internal.CollectionBinder    : Binding a OneToMany: com.jason.publicaciones.model.Publicacion.calificacionList through a foreign key
2024-04-26T23:07:59.652-04:00 DEBUG 6876 --- [           main] o.h.b.model.internal.CollectionBinder    : Mapping collection: com.jason.publicaciones.model.Publicacion.calificacionList -> calificaciones
2024-04-26T23:07:59.652-04:00 DEBUG 6876 --- [           main] o.h.boot.model.internal.TableBinder      : Retrieving property com.jason.publicaciones.model.Calificacion.publicacion
2024-04-26T23:07:59.652-04:00 DEBUG 6876 --- [           main] o.h.b.m.internal.CollectionSecondPass    : Mapped collection key: publicacion_id, one-to-many: com.jason.publicaciones.model.Calificacion
2024-04-26T23:07:59.652-04:00 DEBUG 6876 --- [           main] o.h.b.m.internal.CollectionSecondPass    : Second pass for collection: com.jason.publicaciones.model.Publicacion.comentarioList
2024-04-26T23:07:59.652-04:00 DEBUG 6876 --- [           main] o.h.b.model.internal.CollectionBinder    : Binding a OneToMany: com.jason.publicaciones.model.Publicacion.comentarioList through a foreign key
2024-04-26T23:07:59.652-04:00 DEBUG 6876 --- [           main] o.h.b.model.internal.CollectionBinder    : Mapping collection: com.jason.publicaciones.model.Publicacion.comentarioList -> comentarios
2024-04-26T23:07:59.652-04:00 DEBUG 6876 --- [           main] o.h.boot.model.internal.TableBinder      : Retrieving property com.jason.publicaciones.model.Comentario.publicacion
2024-04-26T23:07:59.652-04:00 DEBUG 6876 --- [           main] o.h.b.m.internal.CollectionSecondPass    : Mapped collection key: publicacion_id, one-to-many: com.jason.publicaciones.model.Comentario
2024-04-26T23:07:59.652-04:00 DEBUG 6876 --- [           main] o.h.b.i.InFlightMetadataCollectorImpl    : Resolving reference to class: com.jason.publicaciones.model.Publicacion
2024-04-26T23:07:59.652-04:00 DEBUG 6876 --- [           main] o.h.b.i.InFlightMetadataCollectorImpl    : Resolving reference to class: com.jason.publicaciones.model.Publicacion
2024-04-26T23:07:59.653-04:00 DEBUG 6876 --- [           main] o.h.b.i.InFlightMetadataCollectorImpl    : Resolving reference to class: com.jason.publicaciones.model.Publicacion
2024-04-26T23:07:59.653-04:00 DEBUG 6876 --- [           main] o.h.b.i.InFlightMetadataCollectorImpl    : Resolving reference to class: com.jason.publicaciones.model.Publicacion
2024-04-26T23:07:59.657-04:00 DEBUG 6876 --- [           main] o.hibernate.internal.SessionFactoryImpl  : Building session factory
2024-04-26T23:07:59.658-04:00 DEBUG 6876 --- [           main] .h.s.i.SessionFactoryServiceRegistryImpl : EventListenerRegistry access via ServiceRegistry is deprecated.  Use `sessionFactory.getEventEngine().getListenerRegistry()` instead
[...]

   JpaBaseConfiguration.PersistenceManagedTypesConfiguration matched:
      - @ConditionalOnMissingBean (types: org.springframework.orm.jpa.LocalContainerEntityManagerFactoryBean,jakarta.persistence.EntityManagerFactory; SearchStrategy: all) did not find any beans (OnBeanCondition)

   JpaBaseConfiguration.PersistenceManagedTypesConfiguration#persistenceManagedTypes matched:
      - @ConditionalOnMissingBean (types: org.springframework.orm.jpa.persistenceunit.PersistenceManagedTypes; SearchStrategy: all) did not find any beans (OnBeanCondition)

   JpaRepositoriesAutoConfiguration matched:
      - @ConditionalOnClass found required class 'org.springframework.data.jpa.repository.JpaRepository' (OnClassCondition)
      - @ConditionalOnProperty (spring.data.jpa.repositories.enabled=true) matched (OnPropertyCondition)
      - @ConditionalOnBean (types: javax.sql.DataSource; SearchStrategy: all) found bean 'dataSource'; @ConditionalOnMissingBean (types: org.springframework.data.jpa.repository.support.JpaRepositoryFactoryBean,org.springframework.data.jpa.repository.config.JpaRepositoryConfigExtension; SearchStrategy: all) did not find any beans (OnBeanCondition)

   NamedParameterJdbcTemplateConfiguration matched:
      - @ConditionalOnSingleCandidate (types: org.springframework.jdbc.core.JdbcTemplate; SearchStrategy: all) found a single bean 'jdbcTemplate'; @ConditionalOnMissingBean (types: org.springframework.jdbc.core.namedparam.NamedParameterJdbcOperations; SearchStrategy: all) did not find any beans (OnBeanCondition)

   NoOpCacheConfiguration matched:
      - Cache org.springframework.boot.autoconfigure.cache.NoOpCacheConfiguration NONE cache type (CacheCondition)

   SqlInitializationAutoConfiguration matched:
      - @ConditionalOnProperty (spring.sql.init.enabled) matched (OnPropertyCondition)
      - NoneNestedConditions 0 matched 1 did not; NestedCondition on SqlInitializationAutoConfiguration.SqlInitializationModeCondition.ModeIsNever @ConditionalOnProperty (spring.sql.init.mode=never) did not find property 'mode' (SqlInitializationAutoConfiguration.SqlInitializationModeCondition)

   TestEntityManagerAutoConfiguration matched:
      - @ConditionalOnClass found required class 'jakarta.persistence.EntityManagerFactory' (OnClassCondition)

   TestEntityManagerAutoConfiguration#testEntityManager matched:
      - @ConditionalOnMissingBean (types: org.springframework.boot.test.autoconfigure.orm.jpa.TestEntityManager; SearchStrategy: all) did not find any beans (OnBeanCondition)

   TransactionAutoConfiguration matched:
      - @ConditionalOnClass found required class 'org.springframework.transaction.PlatformTransactionManager' (OnClassCondition)

   TransactionAutoConfiguration.EnableTransactionManagementConfiguration matched:
      - @ConditionalOnBean (types: org.springframework.transaction.TransactionManager; SearchStrategy: all) found bean 'transactionManager'; @ConditionalOnMissingBean (types: org.springframework.transaction.annotation.AbstractTransactionManagementConfiguration; SearchStrategy: all) did not find any beans (OnBeanCondition)

   TransactionAutoConfiguration.EnableTransactionManagementConfiguration.CglibAutoProxyConfiguration matched:
      - @ConditionalOnProperty (spring.aop.proxy-target-class=true) matched (OnPropertyCondition)

   TransactionAutoConfiguration.TransactionTemplateConfiguration matched:
      - @ConditionalOnSingleCandidate (types: org.springframework.transaction.PlatformTransactionManager; SearchStrategy: all) found a single bean 'transactionManager' (OnBeanCondition)

   TransactionAutoConfiguration.TransactionTemplateConfiguration#transactionTemplate matched:
      - @ConditionalOnMissingBean (types: org.springframework.transaction.support.TransactionOperations; SearchStrategy: all) did not find any beans (OnBeanCondition)


Negative matches:
-----------------

   Cache2kCacheConfiguration:
      Did not match:
         - @ConditionalOnClass did not find required class 'org.cache2k.Cache2kBuilder' (OnClassCondition)

   CacheAutoConfiguration:
      Did not match:
         - @ConditionalOnBean (types: org.springframework.cache.interceptor.CacheAspectSupport; SearchStrategy: all) did not find any beans of type org.springframework.cache.interceptor.CacheAspectSupport (OnBeanCondition)
      Matched:
         - @ConditionalOnClass found required class 'org.springframework.cache.CacheManager' (OnClassCondition)

   CacheAutoConfiguration.CacheManagerEntityManagerFactoryDependsOnPostProcessor:
      Did not match:
         - Ancestor org.springframework.boot.autoconfigure.cache.CacheAutoConfiguration did not match (ConditionEvaluationReport.AncestorsMatchedCondition)
      Matched:
         - @ConditionalOnClass found required class 'org.springframework.orm.jpa.LocalContainerEntityManagerFactoryBean' (OnClassCondition)

   CaffeineCacheConfiguration:
      Did not match:
         - @ConditionalOnClass did not find required class 'com.github.benmanes.caffeine.cache.Caffeine' (OnClassCondition)

   CouchbaseCacheConfiguration:
      Did not match:
         - @ConditionalOnClass did not find required class 'com.couchbase.client.java.Cluster' (OnClassCondition)

   DataSourceAutoConfiguration.EmbeddedDatabaseConfiguration:
      Did not match:
         - EmbeddedDataSource spring.datasource.url is set (DataSourceAutoConfiguration.EmbeddedDatabaseCondition)

   DataSourceCheckpointRestoreConfiguration:
      Did not match:
         - @ConditionalOnClass did not find required class 'org.crac.Resource' (OnClassCondition)

   DataSourceConfiguration.Dbcp2:
      Did not match:
         - @ConditionalOnClass did not find required class 'org.apache.commons.dbcp2.BasicDataSource' (OnClassCondition)

   DataSourceConfiguration.Generic:
      Did not match:
         - @ConditionalOnProperty (spring.datasource.type) did not find property 'spring.datasource.type' (OnPropertyCondition)

   DataSourceConfiguration.OracleUcp:
      Did not match:
         - @ConditionalOnClass did not find required class 'oracle.ucp.jdbc.PoolDataSourceImpl' (OnClassCondition)

   DataSourceConfiguration.Tomcat:
      Did not match:
         - @ConditionalOnClass did not find required class 'org.apache.tomcat.jdbc.pool.DataSource' (OnClassCondition)

   DataSourceJmxConfiguration:
      Did not match:
         - @ConditionalOnProperty (spring.jmx.enabled=true) found different value in property 'enabled' (OnPropertyCondition)

   DataSourcePoolMetadataProvidersConfiguration.CommonsDbcp2PoolDataSourceMetadataProviderConfiguration:
      Did not match:
         - @ConditionalOnClass did not find required class 'org.apache.commons.dbcp2.BasicDataSource' (OnClassCondition)

   DataSourcePoolMetadataProvidersConfiguration.OracleUcpPoolDataSourceMetadataProviderConfiguration:
      Did not match:
         - @ConditionalOnClass did not find required class 'oracle.ucp.jdbc.PoolDataSource' (OnClassCondition)

   DataSourcePoolMetadataProvidersConfiguration.TomcatDataSourcePoolMetadataProviderConfiguration:
      Did not match:
         - @ConditionalOnClass did not find required class 'org.apache.tomcat.jdbc.pool.DataSource' (OnClassCondition)

   DataSourceTransactionManagerAutoConfiguration.JdbcTransactionManagerConfiguration#transactionManager:
      Did not match:
         - @ConditionalOnMissingBean (types: org.springframework.transaction.TransactionManager; SearchStrategy: all) found beans of type 'org.springframework.transaction.TransactionManager' transactionManager (OnBeanCondition)

   FlywayAutoConfiguration:
      Did not match:
         - @ConditionalOnClass did not find required class 'org.flywaydb.core.Flyway' (OnClassCondition)

   GenericCacheConfiguration:
      Did not match:
         - Cache org.springframework.boot.autoconfigure.cache.GenericCacheConfiguration unknown cache type (CacheCondition)

   HazelcastCacheConfiguration:
      Did not match:
         - @ConditionalOnClass did not find required class 'com.hazelcast.core.HazelcastInstance' (OnClassCondition)

   InfinispanCacheConfiguration:
      Did not match:
         - @ConditionalOnClass did not find required class 'org.infinispan.spring.embedded.provider.SpringEmbeddedCacheManager' (OnClassCondition)

   JCacheCacheConfiguration:
      Did not match:
         - @ConditionalOnClass did not find required class 'javax.cache.Caching' (OnClassCondition)

   JpaBaseConfiguration.JpaWebConfiguration:
      Did not match:
         - not a servlet web application (OnWebApplicationCondition)
      Matched:
         - @ConditionalOnClass found required class 'org.springframework.web.servlet.config.annotation.WebMvcConfigurer' (OnClassCondition)

   JpaRepositoriesAutoConfiguration#entityManagerFactoryBootstrapExecutorCustomizer:
      Did not match:
         - AnyNestedCondition 0 matched 2 did not; NestedCondition on JpaRepositoriesAutoConfiguration.BootstrapExecutorCondition.LazyBootstrapMode @ConditionalOnProperty (spring.data.jpa.repositories.bootstrap-mode=lazy) found different value in property 'bootstrap-mode'; NestedCondition on JpaRepositoriesAutoConfiguration.BootstrapExecutorCondition.DeferredBootstrapMode @ConditionalOnProperty (spring.data.jpa.repositories.bootstrap-mode=deferred) found different value in property 'bootstrap-mode' (JpaRepositoriesAutoConfiguration.BootstrapExecutorCondition)

   LiquibaseAutoConfiguration:
      Did not match:
         - @ConditionalOnClass did not find required class 'liquibase.change.DatabaseChange' (OnClassCondition)

   R2dbcInitializationConfiguration:
      Did not match:
         - @ConditionalOnClass did not find required classes 'io.r2dbc.spi.ConnectionFactory', 'org.springframework.r2dbc.connection.init.DatabasePopulator' (OnClassCondition)

   RedisCacheConfiguration:
      Did not match:
         - @ConditionalOnClass did not find required class 'org.springframework.data.redis.connection.RedisConnectionFactory' (OnClassCondition)

   SimpleCacheConfiguration:
      Did not match:
         - Cache org.springframework.boot.autoconfigure.cache.SimpleCacheConfiguration unknown cache type (CacheCondition)

   TestDatabaseAutoConfiguration#dataSource:
      Did not match:
         - @ConditionalOnProperty (spring.test.database.replace=AUTO_CONFIGURED) found different value in property 'replace' (OnPropertyCondition)

   TestDatabaseAutoConfiguration#embeddedDataSourceBeanFactoryPostProcessor:
      Did not match:
         - @ConditionalOnProperty (spring.test.database.replace=ANY) found different value in property 'replace' (OnPropertyCondition)

   TransactionAutoConfiguration#transactionalOperator:
      Did not match:
         - @ConditionalOnSingleCandidate (types: org.springframework.transaction.ReactiveTransactionManager; SearchStrategy: all) did not find any beans (OnBeanCondition)

   TransactionAutoConfiguration.AspectJTransactionManagementConfiguration:
      Did not match:
         - @ConditionalOnBean (types: org.springframework.transaction.aspectj.AbstractTransactionAspect; SearchStrategy: all) did not find any beans of type org.springframework.transaction.aspectj.AbstractTransactionAspect (OnBeanCondition)

   TransactionAutoConfiguration.EnableTransactionManagementConfiguration.JdkDynamicAutoProxyConfiguration:
      Did not match:
         - @ConditionalOnProperty (spring.aop.proxy-target-class=false) did not find property 'proxy-target-class' (OnPropertyCondition)


Exclusions:
-----------

    None


Unconditional classes:
----------------------

    org.springframework.boot.test.autoconfigure.jdbc.TestDatabaseAutoConfiguration



2024-04-26T23:07:59.749-04:00  INFO 6876 --- [           main] c.j.p.r.PublicacionRepositoryTest        : Started PublicacionRepositoryTest in 0.537 seconds (process running for 6.865)
2024-04-26T23:07:59.749-04:00 DEBUG 6876 --- [           main] org.springframework.test.context.cache   : Spring test ApplicationContext cache statistics: [DefaultContextCache@7b2f18cd size = 2, maxSize = 32, parentContextCount = 0, hitCount = 12, missCount = 2, failureCount = 0]
2024-04-26T23:07:59.750-04:00 DEBUG 6876 --- [           main] org.springframework.test.context.cache   : Spring test ApplicationContext cache statistics: [DefaultContextCache@7b2f18cd size = 2, maxSize = 32, parentContextCount = 0, hitCount = 13, missCount = 2, failureCount = 0]
2024-04-26T23:07:59.751-04:00 DEBUG 6876 --- [           main] sContextBeforeModesTestExecutionListener : Before test method: class [PublicacionRepositoryTest], method [testSavePublicacion], class annotated with @DirtiesContext [false] with mode [null], method annotated with @DirtiesContext [false] with mode [null]
2024-04-26T23:07:59.757-04:00 DEBUG 6876 --- [           main] t.c.t.TransactionalTestExecutionListener : Explicit transaction definition [PROPAGATION_REQUIRED,ISOLATION_DEFAULT] found for test class [com.jason.publicaciones.repositories.PublicacionRepositoryTest] and test method [testSavePublicacion]
2024-04-26T23:07:59.757-04:00 DEBUG 6876 --- [           main] org.springframework.test.context.cache   : Spring test ApplicationContext cache statistics: [DefaultContextCache@7b2f18cd size = 2, maxSize = 32, parentContextCount = 0, hitCount = 14, missCount = 2, failureCount = 0]
2024-04-26T23:07:59.758-04:00 DEBUG 6876 --- [           main] t.c.t.TransactionalTestExecutionListener : No method-level @Rollback override: using default rollback [true] for test method [public void com.jason.publicaciones.repositories.PublicacionRepositoryTest.testSavePublicacion()]
2024-04-26T23:07:59.759-04:00 DEBUG 6876 --- [           main] o.s.orm.jpa.JpaTransactionManager        : Creating new transaction with name [com.jason.publicaciones.repositories.PublicacionRepositoryTest.testSavePublicacion]: PROPAGATION_REQUIRED,ISOLATION_DEFAULT
2024-04-26T23:07:59.760-04:00 DEBUG 6876 --- [           main] o.s.orm.jpa.JpaTransactionManager        : Opened new EntityManager [SessionImpl(1799068185<open>)] for JPA transaction
2024-04-26T23:07:59.765-04:00 DEBUG 6876 --- [           main] o.h.e.t.internal.TransactionImpl         : On TransactionImpl creation, JpaCompliance#isJpaTransactionComplianceEnabled == false
2024-04-26T23:07:59.765-04:00 DEBUG 6876 --- [           main] o.h.e.t.internal.TransactionImpl         : begin
2024-04-26T23:07:59.768-04:00 DEBUG 6876 --- [           main] o.s.orm.jpa.JpaTransactionManager        : Exposing JPA transaction as JDBC [org.springframework.orm.jpa.vendor.HibernateJpaDialect$HibernateConnectionHandle@27bf05af]
2024-04-26T23:07:59.768-04:00 DEBUG 6876 --- [           main] o.s.t.c.transaction.TransactionContext   : Began transaction (1) for test class [com.jason.publicaciones.repositories.PublicacionRepositoryTest]; test method [testSavePublicacion]; transaction manager [org.springframework.orm.jpa.JpaTransactionManager@7ccf6785]; rollback [true]
2024-04-26T23:07:59.769-04:00 DEBUG 6876 --- [           main] org.springframework.test.context.cache   : Spring test ApplicationContext cache statistics: [DefaultContextCache@7b2f18cd size = 2, maxSize = 32, parentContextCount = 0, hitCount = 15, missCount = 2, failureCount = 0]
2024-04-26T23:07:59.769-04:00 DEBUG 6876 --- [           main] org.springframework.test.context.cache   : Spring test ApplicationContext cache statistics: [DefaultContextCache@7b2f18cd size = 2, maxSize = 32, parentContextCount = 0, hitCount = 16, missCount = 2, failureCount = 0]
2024-04-26T23:07:59.770-04:00 DEBUG 6876 --- [           main] org.springframework.test.context.cache   : Spring test ApplicationContext cache statistics: [DefaultContextCache@7b2f18cd size = 2, maxSize = 32, parentContextCount = 0, hitCount = 17, missCount = 2, failureCount = 0]
2024-04-26T23:07:59.777-04:00 DEBUG 6876 --- [           main] o.s.orm.jpa.JpaTransactionManager        : Found thread-bound EntityManager [SessionImpl(1799068185<open>)] for JPA transaction
2024-04-26T23:07:59.778-04:00 DEBUG 6876 --- [           main] o.s.orm.jpa.JpaTransactionManager        : Participating in existing transaction
2024-04-26T23:07:59.784-04:00 DEBUG 6876 --- [           main] o.h.j.internal.PersistenceUnitUtilImpl   : jakarta.persistence.PersistenceUnitUtil.getIdentifier is only intended to work with enhanced entities (although Hibernate also adapts this support to its proxies); however the passed entity was not enhanced (nor a proxy).. may not be able to read identifier
2024-04-26T23:07:59.815-04:00 DEBUG 6876 --- [           main] org.hibernate.engine.spi.ActionQueue     : Executing identity-insert immediately
2024-04-26T23:07:59.823-04:00 DEBUG 6876 --- [           main] org.hibernate.SQL                        : insert into publicaciones (contenido,titulo,id) values (?,?,default)
Hibernate: insert into publicaciones (contenido,titulo,id) values (?,?,default)
2024-04-26T23:07:59.873-04:00 DEBUG 6876 --- [           main] o.h.id.IdentifierGeneratorHelper         : Natively generated identity (com.jason.publicaciones.model.Publicacion) : 21
2024-04-26T23:07:59.879-04:00 DEBUG 6876 --- [           main] org.springframework.test.context.cache   : Spring test ApplicationContext cache statistics: [DefaultContextCache@7b2f18cd size = 2, maxSize = 32, parentContextCount = 0, hitCount = 18, missCount = 2, failureCount = 0]
2024-04-26T23:07:59.880-04:00 DEBUG 6876 --- [           main] org.springframework.test.context.cache   : Spring test ApplicationContext cache statistics: [DefaultContextCache@7b2f18cd size = 2, maxSize = 32, parentContextCount = 0, hitCount = 19, missCount = 2, failureCount = 0]
2024-04-26T23:07:59.880-04:00 DEBUG 6876 --- [           main] org.springframework.test.context.cache   : Spring test ApplicationContext cache statistics: [DefaultContextCache@7b2f18cd size = 2, maxSize = 32, parentContextCount = 0, hitCount = 20, missCount = 2, failureCount = 0]
2024-04-26T23:07:59.880-04:00 DEBUG 6876 --- [           main] org.springframework.test.context.cache   : Spring test ApplicationContext cache statistics: [DefaultContextCache@7b2f18cd size = 2, maxSize = 32, parentContextCount = 0, hitCount = 21, missCount = 2, failureCount = 0]
2024-04-26T23:07:59.881-04:00 DEBUG 6876 --- [           main] org.springframework.test.context.cache   : Spring test ApplicationContext cache statistics: [DefaultContextCache@7b2f18cd size = 2, maxSize = 32, parentContextCount = 0, hitCount = 22, missCount = 2, failureCount = 0]
2024-04-26T23:07:59.881-04:00 DEBUG 6876 --- [           main] org.springframework.test.context.cache   : Spring test ApplicationContext cache statistics: [DefaultContextCache@7b2f18cd size = 2, maxSize = 32, parentContextCount = 0, hitCount = 23, missCount = 2, failureCount = 0]
2024-04-26T23:07:59.881-04:00 DEBUG 6876 --- [           main] o.s.orm.jpa.JpaTransactionManager        : Initiating transaction rollback
2024-04-26T23:07:59.881-04:00 DEBUG 6876 --- [           main] o.s.orm.jpa.JpaTransactionManager        : Rolling back JPA transaction on EntityManager [SessionImpl(1799068185<open>)]
2024-04-26T23:07:59.881-04:00 DEBUG 6876 --- [           main] o.h.e.t.internal.TransactionImpl         : rolling back
2024-04-26T23:07:59.890-04:00 DEBUG 6876 --- [           main] o.s.orm.jpa.JpaTransactionManager        : Closing JPA EntityManager [SessionImpl(1799068185<open>)] after transaction
2024-04-26T23:07:59.890-04:00 DEBUG 6876 --- [           main] o.s.t.c.transaction.TransactionContext   : Rolled back transaction (1) for test class [com.jason.publicaciones.repositories.PublicacionRepositoryTest]; test method [testSavePublicacion]
2024-04-26T23:07:59.891-04:00 DEBUG 6876 --- [           main] .c.s.DirtiesContextTestExecutionListener : After test method: class [PublicacionRepositoryTest], method [testSavePublicacion], class annotated with @DirtiesContext [false] with mode [null], method annotated with @DirtiesContext [false] with mode [null]
]]></system-out>
  </testcase>
</testsuite>